<?xml version="1.0" encoding="UTF-8"?>
<coverage generated="1643304680712" clover="3.2.0">
  <project timestamp="1643304680712" name="All files">
    <metrics statements="388" coveredstatements="330" conditionals="70" coveredconditionals="49" methods="161" coveredmethods="126" elements="619" coveredelements="505" complexity="0" loc="388" ncloc="388" packages="7" files="20" classes="20">
      <package name="ApiShareABill">
        <metrics statements="1" coveredstatements="1" conditionals="0" coveredconditionals="0" methods="0" coveredmethods="0"/>
        <file name="knexfile.js" path="C:\Users\Utilizador\Desktop\IPCA\Trabalho_CD-DCS\Projeto\ApiShareABill\knexfile.js">
          <metrics statements="1" coveredstatements="1" conditionals="0" coveredconditionals="0" methods="0" coveredmethods="0"/>
          <line num="1" count="6" type="stmt"/>
        </file>
      </package>
      <package name="ApiShareABill.src">
        <metrics statements="14" coveredstatements="13" conditionals="2" coveredconditionals="1" methods="2" coveredmethods="2"/>
        <file name="app.js" path="C:\Users\Utilizador\Desktop\IPCA\Trabalho_CD-DCS\Projeto\ApiShareABill\src\app.js">
          <metrics statements="14" coveredstatements="13" conditionals="2" coveredconditionals="1" methods="2" coveredmethods="2"/>
          <line num="1" count="6" type="stmt"/>
          <line num="2" count="6" type="stmt"/>
          <line num="4" count="6" type="stmt"/>
          <line num="5" count="6" type="stmt"/>
          <line num="7" count="6" type="stmt"/>
          <line num="9" count="6" type="stmt"/>
          <line num="17" count="6" type="stmt"/>
          <line num="18" count="1" type="stmt"/>
          <line num="21" count="6" type="stmt"/>
          <line num="22" count="13" type="stmt"/>
          <line num="23" count="13" type="cond" truecount="1" falsecount="1"/>
          <line num="24" count="0" type="stmt"/>
          <line num="25" count="13" type="stmt"/>
          <line num="28" count="6" type="stmt"/>
        </file>
      </package>
      <package name="ApiShareABill.src.config">
        <metrics statements="28" coveredstatements="26" conditionals="2" coveredconditionals="1" methods="7" coveredmethods="6"/>
        <file name="middlewares.js" path="C:\Users\Utilizador\Desktop\IPCA\Trabalho_CD-DCS\Projeto\ApiShareABill\src\config\middlewares.js">
          <metrics statements="3" coveredstatements="3" conditionals="0" coveredconditionals="0" methods="1" coveredmethods="1"/>
          <line num="1" count="6" type="stmt"/>
          <line num="3" count="6" type="stmt"/>
          <line num="4" count="6" type="stmt"/>
        </file>
        <file name="passport.js" path="C:\Users\Utilizador\Desktop\IPCA\Trabalho_CD-DCS\Projeto\ApiShareABill\src\config\passport.js">
          <metrics statements="14" coveredstatements="12" conditionals="2" coveredconditionals="1" methods="5" coveredmethods="4"/>
          <line num="1" count="6" type="stmt"/>
          <line num="2" count="6" type="stmt"/>
          <line num="4" count="6" type="stmt"/>
          <line num="6" count="6" type="stmt"/>
          <line num="8" count="6" type="stmt"/>
          <line num="9" count="6" type="stmt"/>
          <line num="14" count="6" type="stmt"/>
          <line num="15" count="38" type="stmt"/>
          <line num="17" count="38" type="cond" truecount="1" falsecount="1"/>
          <line num="18" count="0" type="stmt"/>
          <line num="19" count="0" type="stmt"/>
          <line num="22" count="6" type="stmt"/>
          <line num="24" count="6" type="stmt"/>
          <line num="25" count="6" type="stmt"/>
        </file>
        <file name="router.js" path="C:\Users\Utilizador\Desktop\IPCA\Trabalho_CD-DCS\Projeto\ApiShareABill\src\config\router.js">
          <metrics statements="11" coveredstatements="11" conditionals="0" coveredconditionals="0" methods="1" coveredmethods="1"/>
          <line num="1" count="6" type="stmt"/>
          <line num="3" count="6" type="stmt"/>
          <line num="4" count="6" type="stmt"/>
          <line num="6" count="6" type="stmt"/>
          <line num="8" count="6" type="stmt"/>
          <line num="9" count="6" type="stmt"/>
          <line num="10" count="6" type="stmt"/>
          <line num="11" count="6" type="stmt"/>
          <line num="12" count="6" type="stmt"/>
          <line num="13" count="6" type="stmt"/>
          <line num="15" count="6" type="stmt"/>
        </file>
      </package>
      <package name="ApiShareABill.src.errors">
        <metrics statements="3" coveredstatements="3" conditionals="0" coveredconditionals="0" methods="1" coveredmethods="1"/>
        <file name="validationError.js" path="C:\Users\Utilizador\Desktop\IPCA\Trabalho_CD-DCS\Projeto\ApiShareABill\src\errors\validationError.js">
          <metrics statements="3" coveredstatements="3" conditionals="0" coveredconditionals="0" methods="1" coveredmethods="1"/>
          <line num="1" count="6" type="stmt"/>
          <line num="2" count="13" type="stmt"/>
          <line num="3" count="13" type="stmt"/>
        </file>
      </package>
      <package name="ApiShareABill.src.routes">
        <metrics statements="174" coveredstatements="140" conditionals="16" coveredconditionals="13" methods="100" coveredmethods="68"/>
        <file name="auths.js" path="C:\Users\Utilizador\Desktop\IPCA\Trabalho_CD-DCS\Projeto\ApiShareABill\src\routes\auths.js">
          <metrics statements="22" coveredstatements="21" conditionals="4" coveredconditionals="4" methods="5" coveredmethods="5"/>
          <line num="1" count="6" type="stmt"/>
          <line num="2" count="6" type="stmt"/>
          <line num="3" count="6" type="stmt"/>
          <line num="4" count="6" type="stmt"/>
          <line num="6" count="6" type="stmt"/>
          <line num="8" count="6" type="stmt"/>
          <line num="9" count="6" type="stmt"/>
          <line num="11" count="6" type="stmt"/>
          <line num="12" count="3" type="stmt"/>
          <line num="14" count="3" type="cond" truecount="2" falsecount="0"/>
          <line num="15" count="2" type="cond" truecount="2" falsecount="0"/>
          <line num="16" count="1" type="stmt"/>
          <line num="21" count="1" type="stmt"/>
          <line num="22" count="1" type="stmt"/>
          <line num="23" count="1" type="stmt"/>
          <line num="24" count="2" type="stmt"/>
          <line num="27" count="6" type="stmt"/>
          <line num="28" count="1" type="stmt"/>
          <line num="29" count="1" type="stmt"/>
          <line num="30" count="1" type="stmt"/>
          <line num="32" count="0" type="stmt"/>
          <line num="36" count="6" type="stmt"/>
        </file>
        <file name="expenses.js" path="C:\Users\Utilizador\Desktop\IPCA\Trabalho_CD-DCS\Projeto\ApiShareABill\src\routes\expenses.js">
          <metrics statements="32" coveredstatements="26" conditionals="4" coveredconditionals="4" methods="20" coveredmethods="14"/>
          <line num="1" count="6" type="stmt"/>
          <line num="3" count="6" type="stmt"/>
          <line num="4" count="6" type="stmt"/>
          <line num="6" count="6" type="stmt"/>
          <line num="7" count="5" type="stmt"/>
          <line num="8" count="1" type="stmt"/>
          <line num="9" count="4" type="stmt"/>
          <line num="18" count="6" type="stmt"/>
          <line num="19" count="3" type="cond" truecount="2" falsecount="0"/>
          <line num="20" count="1" type="stmt"/>
          <line num="22" count="1" type="stmt"/>
          <line num="23" count="0" type="stmt"/>
          <line num="24" count="2" type="cond" truecount="2" falsecount="0"/>
          <line num="25" count="1" type="stmt"/>
          <line num="27" count="1" type="stmt"/>
          <line num="28" count="0" type="stmt"/>
          <line num="30" count="1" type="stmt"/>
          <line num="31" count="1" type="stmt"/>
          <line num="32" count="0" type="stmt"/>
          <line num="36" count="6" type="stmt"/>
          <line num="37" count="1" type="stmt"/>
          <line num="38" count="1" type="stmt"/>
          <line num="39" count="0" type="stmt"/>
          <line num="42" count="6" type="stmt"/>
          <line num="43" count="1" type="stmt"/>
          <line num="44" count="1" type="stmt"/>
          <line num="45" count="0" type="stmt"/>
          <line num="48" count="6" type="stmt"/>
          <line num="49" count="1" type="stmt"/>
          <line num="50" count="1" type="stmt"/>
          <line num="51" count="0" type="stmt"/>
          <line num="54" count="6" type="stmt"/>
        </file>
        <file name="friends.js" path="C:\Users\Utilizador\Desktop\IPCA\Trabalho_CD-DCS\Projeto\ApiShareABill\src\routes\friends.js">
          <metrics statements="24" coveredstatements="19" conditionals="2" coveredconditionals="2" methods="15" coveredmethods="10"/>
          <line num="1" count="6" type="stmt"/>
          <line num="3" count="6" type="stmt"/>
          <line num="4" count="6" type="stmt"/>
          <line num="6" count="6" type="stmt"/>
          <line num="7" count="1" type="stmt"/>
          <line num="8" count="1" type="stmt"/>
          <line num="9" count="0" type="stmt"/>
          <line num="12" count="6" type="stmt"/>
          <line num="13" count="2" type="cond" truecount="2" falsecount="0"/>
          <line num="14" count="1" type="stmt"/>
          <line num="15" count="1" type="stmt"/>
          <line num="16" count="0" type="stmt"/>
          <line num="18" count="1" type="stmt"/>
          <line num="19" count="1" type="stmt"/>
          <line num="20" count="0" type="stmt"/>
          <line num="24" count="6" type="stmt"/>
          <line num="25" count="1" type="stmt"/>
          <line num="26" count="1" type="stmt"/>
          <line num="27" count="0" type="stmt"/>
          <line num="30" count="6" type="stmt"/>
          <line num="31" count="1" type="stmt"/>
          <line num="32" count="1" type="stmt"/>
          <line num="33" count="0" type="stmt"/>
          <line num="36" count="6" type="stmt"/>
        </file>
        <file name="groups.js" path="C:\Users\Utilizador\Desktop\IPCA\Trabalho_CD-DCS\Projeto\ApiShareABill\src\routes\groups.js">
          <metrics statements="34" coveredstatements="28" conditionals="4" coveredconditionals="3" methods="21" coveredmethods="15"/>
          <line num="1" count="6" type="stmt"/>
          <line num="3" count="6" type="stmt"/>
          <line num="4" count="6" type="stmt"/>
          <line num="6" count="6" type="stmt"/>
          <line num="7" count="2" type="cond" truecount="2" falsecount="0"/>
          <line num="8" count="1" type="stmt"/>
          <line num="9" count="1" type="stmt"/>
          <line num="10" count="0" type="stmt"/>
          <line num="11" count="1" type="cond" truecount="1" falsecount="1"/>
          <line num="12" count="1" type="stmt"/>
          <line num="13" count="1" type="stmt"/>
          <line num="14" count="0" type="stmt"/>
          <line num="18" count="6" type="stmt"/>
          <line num="19" count="1" type="stmt"/>
          <line num="20" count="1" type="stmt"/>
          <line num="21" count="0" type="stmt"/>
          <line num="24" count="6" type="stmt"/>
          <line num="25" count="4" type="stmt"/>
          <line num="26" count="1" type="stmt"/>
          <line num="27" count="3" type="stmt"/>
          <line num="30" count="6" type="stmt"/>
          <line num="31" count="1" type="stmt"/>
          <line num="32" count="1" type="stmt"/>
          <line num="33" count="1" type="stmt"/>
          <line num="34" count="0" type="stmt"/>
          <line num="37" count="6" type="stmt"/>
          <line num="38" count="1" type="stmt"/>
          <line num="39" count="1" type="stmt"/>
          <line num="40" count="0" type="stmt"/>
          <line num="43" count="6" type="stmt"/>
          <line num="44" count="1" type="stmt"/>
          <line num="45" count="1" type="stmt"/>
          <line num="46" count="0" type="stmt"/>
          <line num="49" count="6" type="stmt"/>
        </file>
        <file name="membersExpenses.js" path="C:\Users\Utilizador\Desktop\IPCA\Trabalho_CD-DCS\Projeto\ApiShareABill\src\routes\membersExpenses.js">
          <metrics statements="20" coveredstatements="14" conditionals="0" coveredconditionals="0" methods="13" coveredmethods="7"/>
          <line num="1" count="6" type="stmt"/>
          <line num="3" count="6" type="stmt"/>
          <line num="4" count="6" type="stmt"/>
          <line num="6" count="6" type="stmt"/>
          <line num="7" count="1" type="stmt"/>
          <line num="8" count="1" type="stmt"/>
          <line num="9" count="0" type="stmt"/>
          <line num="12" count="6" type="stmt"/>
          <line num="13" count="1" type="stmt"/>
          <line num="15" count="1" type="stmt"/>
          <line num="16" count="0" type="stmt"/>
          <line num="19" count="6" type="stmt"/>
          <line num="20" count="1" type="stmt"/>
          <line num="22" count="1" type="stmt"/>
          <line num="23" count="0" type="stmt"/>
          <line num="26" count="6" type="stmt"/>
          <line num="27" count="0" type="stmt"/>
          <line num="28" count="0" type="stmt"/>
          <line num="29" count="0" type="stmt"/>
          <line num="32" count="6" type="stmt"/>
        </file>
        <file name="membersGroups.js" path="C:\Users\Utilizador\Desktop\IPCA\Trabalho_CD-DCS\Projeto\ApiShareABill\src\routes\membersGroups.js">
          <metrics statements="16" coveredstatements="13" conditionals="0" coveredconditionals="0" methods="10" coveredmethods="7"/>
          <line num="1" count="6" type="stmt"/>
          <line num="3" count="6" type="stmt"/>
          <line num="4" count="6" type="stmt"/>
          <line num="6" count="6" type="stmt"/>
          <line num="7" count="1" type="stmt"/>
          <line num="8" count="1" type="stmt"/>
          <line num="9" count="0" type="stmt"/>
          <line num="12" count="6" type="stmt"/>
          <line num="13" count="1" type="stmt"/>
          <line num="14" count="1" type="stmt"/>
          <line num="15" count="0" type="stmt"/>
          <line num="18" count="6" type="stmt"/>
          <line num="19" count="1" type="stmt"/>
          <line num="20" count="1" type="stmt"/>
          <line num="21" count="0" type="stmt"/>
          <line num="24" count="6" type="stmt"/>
        </file>
        <file name="users.js" path="C:\Users\Utilizador\Desktop\IPCA\Trabalho_CD-DCS\Projeto\ApiShareABill\src\routes\users.js">
          <metrics statements="26" coveredstatements="19" conditionals="2" coveredconditionals="0" methods="16" coveredmethods="10"/>
          <line num="1" count="6" type="stmt"/>
          <line num="3" count="6" type="stmt"/>
          <line num="4" count="6" type="stmt"/>
          <line num="6" count="6" type="stmt"/>
          <line num="7" count="1" type="stmt"/>
          <line num="8" count="1" type="stmt"/>
          <line num="9" count="0" type="stmt"/>
          <line num="12" count="6" type="stmt"/>
          <line num="13" count="1" type="stmt"/>
          <line num="14" count="1" type="stmt"/>
          <line num="15" count="0" type="stmt"/>
          <line num="18" count="6" type="stmt"/>
          <line num="19" count="0" type="cond" truecount="0" falsecount="2"/>
          <line num="20" count="0" type="stmt"/>
          <line num="21" count="0" type="stmt"/>
          <line num="22" count="0" type="stmt"/>
          <line num="26" count="6" type="stmt"/>
          <line num="27" count="6" type="stmt"/>
          <line num="28" count="2" type="stmt"/>
          <line num="29" count="4" type="stmt"/>
          <line num="32" count="6" type="stmt"/>
          <line num="33" count="2" type="stmt"/>
          <line num="34" count="2" type="stmt"/>
          <line num="35" count="2" type="stmt"/>
          <line num="36" count="0" type="stmt"/>
          <line num="39" count="6" type="stmt"/>
        </file>
      </package>
      <package name="ApiShareABill.src.seeds">
        <metrics statements="13" coveredstatements="13" conditionals="0" coveredconditionals="0" methods="12" coveredmethods="12"/>
        <file name="membersGroup.js" path="C:\Users\Utilizador\Desktop\IPCA\Trabalho_CD-DCS\Projeto\ApiShareABill\src\seeds\membersGroup.js">
          <metrics statements="13" coveredstatements="13" conditionals="0" coveredconditionals="0" methods="12" coveredmethods="12"/>
          <line num="1" count="4" type="stmt"/>
          <line num="2" count="4" type="stmt"/>
          <line num="3" count="4" type="stmt"/>
          <line num="4" count="4" type="stmt"/>
          <line num="5" count="4" type="stmt"/>
          <line num="6" count="4" type="stmt"/>
          <line num="7" count="4" type="stmt"/>
          <line num="8" count="4" type="stmt"/>
          <line num="19" count="4" type="stmt"/>
          <line num="27" count="4" type="stmt"/>
          <line num="33" count="4" type="stmt"/>
          <line num="36" count="4" type="stmt"/>
          <line num="47" count="4" type="stmt"/>
        </file>
      </package>
      <package name="ApiShareABill.src.services">
        <metrics statements="155" coveredstatements="134" conditionals="50" coveredconditionals="34" methods="39" coveredmethods="37"/>
        <file name="expense.js" path="C:\Users\Utilizador\Desktop\IPCA\Trabalho_CD-DCS\Projeto\ApiShareABill\src\services\expense.js">
          <metrics statements="23" coveredstatements="22" conditionals="11" coveredconditionals="9" methods="8" coveredmethods="8"/>
          <line num="1" count="6" type="stmt"/>
          <line num="3" count="6" type="stmt"/>
          <line num="4" count="6" type="stmt"/>
          <line num="5" count="5" type="cond" truecount="2" falsecount="0"/>
          <line num="6" count="4" type="cond" truecount="2" falsecount="0"/>
          <line num="7" count="3" type="cond" truecount="2" falsecount="0"/>
          <line num="8" count="2" type="cond" truecount="2" falsecount="0"/>
          <line num="11" count="6" type="stmt"/>
          <line num="12" count="1" type="stmt"/>
          <line num="18" count="6" type="cond" truecount="0" falsecount="1"/>
          <line num="19" count="1" type="stmt"/>
          <line num="22" count="6" type="stmt"/>
          <line num="23" count="1" type="cond" truecount="1" falsecount="1"/>
          <line num="24" count="1" type="stmt"/>
          <line num="26" count="0" type="stmt"/>
          <line num="30" count="6" type="stmt"/>
          <line num="31" count="1" type="stmt"/>
          <line num="34" count="6" type="stmt"/>
          <line num="35" count="1" type="stmt"/>
          <line num="40" count="6" type="stmt"/>
          <line num="41" count="1" type="stmt"/>
          <line num="42" count="1" type="stmt"/>
          <line num="47" count="6" type="stmt"/>
        </file>
        <file name="friend.js" path="C:\Users\Utilizador\Desktop\IPCA\Trabalho_CD-DCS\Projeto\ApiShareABill\src\services\friend.js">
          <metrics statements="26" coveredstatements="25" conditionals="8" coveredconditionals="4" methods="6" coveredmethods="6"/>
          <line num="1" count="6" type="stmt"/>
          <line num="3" count="6" type="stmt"/>
          <line num="4" count="6" type="stmt"/>
          <line num="5" count="1" type="stmt"/>
          <line num="8" count="6" type="stmt"/>
          <line num="9" count="1" type="stmt"/>
          <line num="10" count="1" type="stmt"/>
          <line num="12" count="1" type="cond" truecount="2" falsecount="2"/>
          <line num="13" count="1" type="stmt"/>
          <line num="16" count="6" type="stmt"/>
          <line num="17" count="1" type="stmt"/>
          <line num="18" count="1" type="stmt"/>
          <line num="19" count="1" type="stmt"/>
          <line num="21" count="1" type="stmt"/>
          <line num="22" count="1" type="stmt"/>
          <line num="26" count="1" type="cond" truecount="1" falsecount="1"/>
          <line num="27" count="1" type="stmt"/>
          <line num="28" count="1" type="stmt"/>
          <line num="32" count="1" type="stmt"/>
          <line num="35" count="6" type="stmt"/>
          <line num="36" count="1" type="stmt"/>
          <line num="39" count="6" type="stmt"/>
          <line num="40" count="1" type="stmt"/>
          <line num="42" count="1" type="cond" truecount="1" falsecount="1"/>
          <line num="43" count="0" type="stmt"/>
          <line num="46" count="6" type="stmt"/>
        </file>
        <file name="group.js" path="C:\Users\Utilizador\Desktop\IPCA\Trabalho_CD-DCS\Projeto\ApiShareABill\src\services\group.js">
          <metrics statements="53" coveredstatements="40" conditionals="18" coveredconditionals="11" methods="8" coveredmethods="8"/>
          <line num="1" count="6" type="stmt"/>
          <line num="2" count="6" type="stmt"/>
          <line num="4" count="6" type="stmt"/>
          <line num="5" count="6" type="stmt"/>
          <line num="6" count="1" type="stmt"/>
          <line num="8" count="1" type="cond" truecount="1" falsecount="1"/>
          <line num="9" count="1" type="stmt"/>
          <line num="12" count="6" type="stmt"/>
          <line num="13" count="1" type="stmt"/>
          <line num="16" count="6" type="stmt"/>
          <line num="17" count="4" type="cond" truecount="2" falsecount="0"/>
          <line num="18" count="3" type="cond" truecount="2" falsecount="0"/>
          <line num="19" count="2" type="cond" truecount="2" falsecount="0"/>
          <line num="22" count="6" type="stmt"/>
          <line num="23" count="1" type="stmt"/>
          <line num="24" count="1" type="stmt"/>
          <line num="25" count="1" type="stmt"/>
          <line num="28" count="6" type="stmt"/>
          <line num="29" count="1" type="stmt"/>
          <line num="30" count="1" type="stmt"/>
          <line num="33" count="6" type="stmt"/>
          <line num="34" count="1" type="stmt"/>
          <line num="35" count="1" type="stmt"/>
          <line num="36" count="1" type="stmt"/>
          <line num="38" count="1" type="stmt"/>
          <line num="39" count="3" type="stmt"/>
          <line num="41" count="3" type="cond" truecount="2" falsecount="0"/>
          <line num="42" count="2" type="stmt"/>
          <line num="43" count="2" type="stmt"/>
          <line num="47" count="1" type="stmt"/>
          <line num="50" count="6" type="stmt"/>
          <line num="51" count="1" type="stmt"/>
          <line num="52" count="1" type="stmt"/>
          <line num="54" count="1" type="stmt"/>
          <line num="55" count="1" type="cond" truecount="1" falsecount="1"/>
          <line num="56" count="1" type="stmt"/>
          <line num="58" count="1" type="cond" truecount="1" falsecount="1"/>
          <line num="59" count="0" type="stmt"/>
          <line num="60" count="0" type="stmt"/>
          <line num="62" count="0" type="cond" truecount="0" falsecount="2"/>
          <line num="63" count="0" type="stmt"/>
          <line num="64" count="0" type="stmt"/>
          <line num="68" count="0" type="cond" truecount="0" falsecount="2"/>
          <line num="69" count="0" type="stmt"/>
          <line num="71" count="0" type="stmt"/>
          <line num="72" count="0" type="stmt"/>
          <line num="74" count="0" type="stmt"/>
          <line num="75" count="0" type="stmt"/>
          <line num="76" count="0" type="stmt"/>
          <line num="79" count="1" type="stmt"/>
          <line num="80" count="1" type="stmt"/>
          <line num="83" count="0" type="stmt"/>
          <line num="87" count="6" type="stmt"/>
        </file>
        <file name="memberExpense.js" path="C:\Users\Utilizador\Desktop\IPCA\Trabalho_CD-DCS\Projeto\ApiShareABill\src\services\memberExpense.js">
          <metrics statements="10" coveredstatements="9" conditionals="1" coveredconditionals="0" methods="5" coveredmethods="4"/>
          <line num="1" count="6" type="stmt"/>
          <line num="2" count="6" type="stmt"/>
          <line num="3" count="1" type="stmt"/>
          <line num="6" count="6" type="cond" truecount="0" falsecount="1"/>
          <line num="7" count="1" type="stmt"/>
          <line num="10" count="6" type="stmt"/>
          <line num="11" count="0" type="stmt"/>
          <line num="16" count="6" type="stmt"/>
          <line num="17" count="1" type="stmt"/>
          <line num="20" count="6" type="stmt"/>
        </file>
        <file name="memberGroup.js" path="C:\Users\Utilizador\Desktop\IPCA\Trabalho_CD-DCS\Projeto\ApiShareABill\src\services\memberGroup.js">
          <metrics statements="17" coveredstatements="14" conditionals="4" coveredconditionals="2" methods="4" coveredmethods="4"/>
          <line num="1" count="6" type="stmt"/>
          <line num="2" count="6" type="stmt"/>
          <line num="3" count="1" type="stmt"/>
          <line num="6" count="6" type="stmt"/>
          <line num="7" count="1" type="stmt"/>
          <line num="10" count="6" type="stmt"/>
          <line num="11" count="1" type="stmt"/>
          <line num="13" count="1" type="cond" truecount="1" falsecount="1"/>
          <line num="14" count="1" type="stmt"/>
          <line num="16" count="1" type="stmt"/>
          <line num="18" count="1" type="cond" truecount="1" falsecount="1"/>
          <line num="19" count="1" type="stmt"/>
          <line num="21" count="0" type="stmt"/>
          <line num="24" count="1" type="stmt"/>
          <line num="26" count="0" type="stmt"/>
          <line num="28" count="0" type="stmt"/>
          <line num="32" count="6" type="stmt"/>
        </file>
        <file name="user.js" path="C:\Users\Utilizador\Desktop\IPCA\Trabalho_CD-DCS\Projeto\ApiShareABill\src\services\user.js">
          <metrics statements="26" coveredstatements="24" conditionals="8" coveredconditionals="8" methods="8" coveredmethods="7"/>
          <line num="1" count="6" type="stmt"/>
          <line num="2" count="6" type="stmt"/>
          <line num="4" count="6" type="stmt"/>
          <line num="5" count="6" type="stmt"/>
          <line num="6" count="1" type="stmt"/>
          <line num="9" count="6" type="stmt"/>
          <line num="10" count="45" type="stmt"/>
          <line num="13" count="6" type="stmt"/>
          <line num="14" count="1" type="stmt"/>
          <line num="17" count="6" type="stmt"/>
          <line num="18" count="5" type="stmt"/>
          <line num="19" count="5" type="stmt"/>
          <line num="22" count="6" type="stmt"/>
          <line num="23" count="6" type="cond" truecount="2" falsecount="0"/>
          <line num="24" count="5" type="cond" truecount="2" falsecount="0"/>
          <line num="25" count="4" type="cond" truecount="2" falsecount="0"/>
          <line num="27" count="3" type="stmt"/>
          <line num="28" count="3" type="cond" truecount="2" falsecount="0"/>
          <line num="31" count="6" type="stmt"/>
          <line num="32" count="5" type="stmt"/>
          <line num="33" count="5" type="stmt"/>
          <line num="34" count="5" type="stmt"/>
          <line num="37" count="6" type="stmt"/>
          <line num="38" count="0" type="stmt"/>
          <line num="39" count="0" type="stmt"/>
          <line num="42" count="6" type="stmt"/>
        </file>
      </package>
    </metrics>
  </project>
</coverage>
