{"C:\\Users\\Utilizador\\Desktop\\IPCA\\Trabalho_CD-DCS\\Projeto\\ApiShareABill\\knexfile.js": {"path":"C:\\Users\\Utilizador\\Desktop\\IPCA\\Trabalho_CD-DCS\\Projeto\\ApiShareABill\\knexfile.js","statementMap":{"0":{"start":{"line":1,"column":0},"end":{"line":23,"column":2}}},"fnMap":{},"branchMap":{},"s":{"0":6},"f":{},"b":{},"_coverageSchema":"332fd63041d2c1bcb487cc26dd0d5f7d97098a6c","hash":"eaffd2a6186863f6421314f24a81aae3e2925c4b"}
,"C:\\Users\\Utilizador\\Desktop\\IPCA\\Trabalho_CD-DCS\\Projeto\\ApiShareABill\\src\\app.js": {"path":"C:\\Users\\Utilizador\\Desktop\\IPCA\\Trabalho_CD-DCS\\Projeto\\ApiShareABill\\src\\app.js","statementMap":{"0":{"start":{"line":1,"column":12},"end":{"line":1,"column":32}},"1":{"start":{"line":2,"column":16},"end":{"line":2,"column":34}},"2":{"start":{"line":4,"column":13},"end":{"line":4,"column":28}},"3":{"start":{"line":5,"column":17},"end":{"line":5,"column":39}},"4":{"start":{"line":7,"column":0},"end":{"line":7,"column":29}},"5":{"start":{"line":9,"column":0},"end":{"line":15,"column":13}},"6":{"start":{"line":17,"column":0},"end":{"line":19,"column":3}},"7":{"start":{"line":18,"column":2},"end":{"line":18,"column":25}},"8":{"start":{"line":21,"column":0},"end":{"line":26,"column":3}},"9":{"start":{"line":22,"column":35},"end":{"line":22,"column":38}},"10":{"start":{"line":23,"column":2},"end":{"line":24,"column":54}},"11":{"start":{"line":23,"column":34},"end":{"line":23,"column":75}},"12":{"start":{"line":24,"column":7},"end":{"line":24,"column":54}},"13":{"start":{"line":25,"column":2},"end":{"line":25,"column":12}},"14":{"start":{"line":28,"column":0},"end":{"line":28,"column":21}}},"fnMap":{"0":{"name":"(anonymous_0)","decl":{"start":{"line":17,"column":13},"end":{"line":17,"column":14}},"loc":{"start":{"line":17,"column":27},"end":{"line":19,"column":1}},"line":17},"1":{"name":"(anonymous_1)","decl":{"start":{"line":21,"column":8},"end":{"line":21,"column":9}},"loc":{"start":{"line":21,"column":33},"end":{"line":26,"column":1}},"line":21}},"branchMap":{"0":{"loc":{"start":{"line":23,"column":2},"end":{"line":24,"column":54}},"type":"if","locations":[{"start":{"line":23,"column":2},"end":{"line":24,"column":54}},{"start":{"line":23,"column":2},"end":{"line":24,"column":54}}],"line":23}},"s":{"0":6,"1":6,"2":6,"3":6,"4":6,"5":6,"6":6,"7":1,"8":6,"9":13,"10":13,"11":13,"12":0,"13":13,"14":6},"f":{"0":1,"1":13},"b":{"0":[13,0]},"_coverageSchema":"332fd63041d2c1bcb487cc26dd0d5f7d97098a6c","hash":"f1a616127e9431533654e4aa172acfbbaeeba95d"}
,"C:\\Users\\Utilizador\\Desktop\\IPCA\\Trabalho_CD-DCS\\Projeto\\ApiShareABill\\src\\config\\middlewares.js": {"path":"C:\\Users\\Utilizador\\Desktop\\IPCA\\Trabalho_CD-DCS\\Projeto\\ApiShareABill\\src\\config\\middlewares.js","statementMap":{"0":{"start":{"line":1,"column":19},"end":{"line":1,"column":41}},"1":{"start":{"line":3,"column":0},"end":{"line":5,"column":2}},"2":{"start":{"line":4,"column":2},"end":{"line":4,"column":29}}},"fnMap":{"0":{"name":"(anonymous_0)","decl":{"start":{"line":3,"column":17},"end":{"line":3,"column":18}},"loc":{"start":{"line":3,"column":26},"end":{"line":5,"column":1}},"line":3}},"branchMap":{},"s":{"0":6,"1":6,"2":6},"f":{"0":6},"b":{},"_coverageSchema":"332fd63041d2c1bcb487cc26dd0d5f7d97098a6c","hash":"d4075b1b4e333455bce2ff2b32b681bb30aaa0de"}
,"C:\\Users\\Utilizador\\Desktop\\IPCA\\Trabalho_CD-DCS\\Projeto\\ApiShareABill\\src\\config\\passport.js": {"path":"C:\\Users\\Utilizador\\Desktop\\IPCA\\Trabalho_CD-DCS\\Projeto\\ApiShareABill\\src\\config\\passport.js","statementMap":{"0":{"start":{"line":1,"column":17},"end":{"line":1,"column":36}},"1":{"start":{"line":2,"column":20},"end":{"line":2,"column":43}},"2":{"start":{"line":4,"column":15},"end":{"line":4,"column":32}},"3":{"start":{"line":6,"column":33},"end":{"line":6,"column":44}},"4":{"start":{"line":8,"column":0},"end":{"line":27,"column":2}},"5":{"start":{"line":9,"column":17},"end":{"line":12,"column":3}},"6":{"start":{"line":14,"column":19},"end":{"line":20,"column":4}},"7":{"start":{"line":15,"column":4},"end":{"line":19,"column":42}},"8":{"start":{"line":17,"column":8},"end":{"line":18,"column":31}},"9":{"start":{"line":17,"column":18},"end":{"line":17,"column":45}},"10":{"start":{"line":18,"column":13},"end":{"line":18,"column":31}},"11":{"start":{"line":19,"column":24},"end":{"line":19,"column":40}},"12":{"start":{"line":22,"column":2},"end":{"line":22,"column":25}},"13":{"start":{"line":24,"column":2},"end":{"line":26,"column":4}},"14":{"start":{"line":25,"column":24},"end":{"line":25,"column":72}}},"fnMap":{"0":{"name":"(anonymous_0)","decl":{"start":{"line":8,"column":17},"end":{"line":8,"column":18}},"loc":{"start":{"line":8,"column":26},"end":{"line":27,"column":1}},"line":8},"1":{"name":"(anonymous_1)","decl":{"start":{"line":14,"column":40},"end":{"line":14,"column":41}},"loc":{"start":{"line":14,"column":59},"end":{"line":20,"column":3}},"line":14},"2":{"name":"(anonymous_2)","decl":{"start":{"line":16,"column":12},"end":{"line":16,"column":13}},"loc":{"start":{"line":16,"column":22},"end":{"line":19,"column":7}},"line":16},"3":{"name":"(anonymous_3)","decl":{"start":{"line":19,"column":15},"end":{"line":19,"column":16}},"loc":{"start":{"line":19,"column":24},"end":{"line":19,"column":40}},"line":19},"4":{"name":"(anonymous_4)","decl":{"start":{"line":25,"column":18},"end":{"line":25,"column":19}},"loc":{"start":{"line":25,"column":24},"end":{"line":25,"column":72}},"line":25}},"branchMap":{"0":{"loc":{"start":{"line":17,"column":8},"end":{"line":18,"column":31}},"type":"if","locations":[{"start":{"line":17,"column":8},"end":{"line":18,"column":31}},{"start":{"line":17,"column":8},"end":{"line":18,"column":31}}],"line":17}},"s":{"0":6,"1":6,"2":6,"3":6,"4":6,"5":6,"6":6,"7":38,"8":38,"9":38,"10":0,"11":0,"12":6,"13":6,"14":6},"f":{"0":6,"1":38,"2":38,"3":0,"4":6},"b":{"0":[38,0]},"_coverageSchema":"332fd63041d2c1bcb487cc26dd0d5f7d97098a6c","hash":"368f4679f828f7a2994bbcb86eff205c111488fa"}
,"C:\\Users\\Utilizador\\Desktop\\IPCA\\Trabalho_CD-DCS\\Projeto\\ApiShareABill\\src\\config\\router.js": {"path":"C:\\Users\\Utilizador\\Desktop\\IPCA\\Trabalho_CD-DCS\\Projeto\\ApiShareABill\\src\\config\\router.js","statementMap":{"0":{"start":{"line":1,"column":16},"end":{"line":1,"column":34}},"1":{"start":{"line":3,"column":0},"end":{"line":16,"column":2}},"2":{"start":{"line":4,"column":2},"end":{"line":4,"column":37}},"3":{"start":{"line":6,"column":23},"end":{"line":6,"column":39}},"4":{"start":{"line":8,"column":2},"end":{"line":8,"column":47}},"5":{"start":{"line":9,"column":2},"end":{"line":9,"column":50}},"6":{"start":{"line":10,"column":2},"end":{"line":10,"column":48}},"7":{"start":{"line":11,"column":2},"end":{"line":11,"column":53}},"8":{"start":{"line":12,"column":2},"end":{"line":12,"column":65}},"9":{"start":{"line":13,"column":2},"end":{"line":13,"column":61}},"10":{"start":{"line":15,"column":2},"end":{"line":15,"column":67}}},"fnMap":{"0":{"name":"(anonymous_0)","decl":{"start":{"line":3,"column":17},"end":{"line":3,"column":18}},"loc":{"start":{"line":3,"column":26},"end":{"line":16,"column":1}},"line":3}},"branchMap":{},"s":{"0":6,"1":6,"2":6,"3":6,"4":6,"5":6,"6":6,"7":6,"8":6,"9":6,"10":6},"f":{"0":6},"b":{},"_coverageSchema":"332fd63041d2c1bcb487cc26dd0d5f7d97098a6c","hash":"d2694e4146f0b5f888a07550a284deb64d67eb52"}
,"C:\\Users\\Utilizador\\Desktop\\IPCA\\Trabalho_CD-DCS\\Projeto\\ApiShareABill\\src\\errors\\validationError.js": {"path":"C:\\Users\\Utilizador\\Desktop\\IPCA\\Trabalho_CD-DCS\\Projeto\\ApiShareABill\\src\\errors\\validationError.js","statementMap":{"0":{"start":{"line":1,"column":0},"end":{"line":4,"column":2}},"1":{"start":{"line":2,"column":2},"end":{"line":2,"column":32}},"2":{"start":{"line":3,"column":2},"end":{"line":3,"column":25}}},"fnMap":{"0":{"name":"validationError","decl":{"start":{"line":1,"column":26},"end":{"line":1,"column":41}},"loc":{"start":{"line":1,"column":51},"end":{"line":4,"column":1}},"line":1}},"branchMap":{},"s":{"0":6,"1":13,"2":13},"f":{"0":13},"b":{},"_coverageSchema":"332fd63041d2c1bcb487cc26dd0d5f7d97098a6c","hash":"66f596d18eb8701808516ea892c85b5dd9f72f7d"}
,"C:\\Users\\Utilizador\\Desktop\\IPCA\\Trabalho_CD-DCS\\Projeto\\ApiShareABill\\src\\routes\\auths.js": {"path":"C:\\Users\\Utilizador\\Desktop\\IPCA\\Trabalho_CD-DCS\\Projeto\\ApiShareABill\\src\\routes\\auths.js","statementMap":{"0":{"start":{"line":1,"column":16},"end":{"line":1,"column":34}},"1":{"start":{"line":2,"column":12},"end":{"line":2,"column":33}},"2":{"start":{"line":3,"column":15},"end":{"line":3,"column":39}},"3":{"start":{"line":4,"column":24},"end":{"line":4,"column":60}},"4":{"start":{"line":6,"column":15},"end":{"line":6,"column":32}},"5":{"start":{"line":8,"column":0},"end":{"line":37,"column":2}},"6":{"start":{"line":9,"column":17},"end":{"line":9,"column":33}},"7":{"start":{"line":11,"column":2},"end":{"line":25,"column":5}},"8":{"start":{"line":12,"column":4},"end":{"line":24,"column":35}},"9":{"start":{"line":14,"column":8},"end":{"line":14,"column":74}},"10":{"start":{"line":14,"column":19},"end":{"line":14,"column":74}},"11":{"start":{"line":15,"column":8},"end":{"line":23,"column":67}},"12":{"start":{"line":16,"column":26},"end":{"line":20,"column":11}},"13":{"start":{"line":21,"column":24},"end":{"line":21,"column":51}},"14":{"start":{"line":22,"column":10},"end":{"line":22,"column":55}},"15":{"start":{"line":23,"column":15},"end":{"line":23,"column":67}},"16":{"start":{"line":24,"column":24},"end":{"line":24,"column":33}},"17":{"start":{"line":27,"column":2},"end":{"line":34,"column":5}},"18":{"start":{"line":28,"column":4},"end":{"line":33,"column":5}},"19":{"start":{"line":29,"column":21},"end":{"line":29,"column":59}},"20":{"start":{"line":30,"column":6},"end":{"line":30,"column":45}},"21":{"start":{"line":32,"column":6},"end":{"line":32,"column":23}},"22":{"start":{"line":36,"column":2},"end":{"line":36,"column":16}}},"fnMap":{"0":{"name":"(anonymous_0)","decl":{"start":{"line":8,"column":17},"end":{"line":8,"column":18}},"loc":{"start":{"line":8,"column":26},"end":{"line":37,"column":1}},"line":8},"1":{"name":"(anonymous_1)","decl":{"start":{"line":11,"column":25},"end":{"line":11,"column":26}},"loc":{"start":{"line":11,"column":45},"end":{"line":25,"column":3}},"line":11},"2":{"name":"(anonymous_2)","decl":{"start":{"line":13,"column":12},"end":{"line":13,"column":13}},"loc":{"start":{"line":13,"column":22},"end":{"line":24,"column":7}},"line":13},"3":{"name":"(anonymous_3)","decl":{"start":{"line":24,"column":15},"end":{"line":24,"column":16}},"loc":{"start":{"line":24,"column":24},"end":{"line":24,"column":33}},"line":24},"4":{"name":"(anonymous_4)","decl":{"start":{"line":27,"column":25},"end":{"line":27,"column":26}},"loc":{"start":{"line":27,"column":51},"end":{"line":34,"column":3}},"line":27}},"branchMap":{"0":{"loc":{"start":{"line":14,"column":8},"end":{"line":14,"column":74}},"type":"if","locations":[{"start":{"line":14,"column":8},"end":{"line":14,"column":74}},{"start":{"line":14,"column":8},"end":{"line":14,"column":74}}],"line":14},"1":{"loc":{"start":{"line":15,"column":8},"end":{"line":23,"column":67}},"type":"if","locations":[{"start":{"line":15,"column":8},"end":{"line":23,"column":67}},{"start":{"line":15,"column":8},"end":{"line":23,"column":67}}],"line":15}},"s":{"0":6,"1":6,"2":6,"3":6,"4":6,"5":6,"6":6,"7":6,"8":3,"9":3,"10":1,"11":2,"12":1,"13":1,"14":1,"15":1,"16":2,"17":6,"18":1,"19":1,"20":1,"21":0,"22":6},"f":{"0":6,"1":3,"2":3,"3":2,"4":1},"b":{"0":[1,2],"1":[1,1]},"_coverageSchema":"332fd63041d2c1bcb487cc26dd0d5f7d97098a6c","hash":"013da4dd2d9930337f90db3b7b7b4b029bb36f34"}
,"C:\\Users\\Utilizador\\Desktop\\IPCA\\Trabalho_CD-DCS\\Projeto\\ApiShareABill\\src\\routes\\expenses.js": {"path":"C:\\Users\\Utilizador\\Desktop\\IPCA\\Trabalho_CD-DCS\\Projeto\\ApiShareABill\\src\\routes\\expenses.js","statementMap":{"0":{"start":{"line":1,"column":16},"end":{"line":1,"column":34}},"1":{"start":{"line":3,"column":0},"end":{"line":55,"column":2}},"2":{"start":{"line":4,"column":17},"end":{"line":4,"column":33}},"3":{"start":{"line":6,"column":19},"end":{"line":10,"column":3}},"4":{"start":{"line":7,"column":4},"end":{"line":9,"column":33}},"5":{"start":{"line":8,"column":18},"end":{"line":8,"column":24}},"6":{"start":{"line":9,"column":22},"end":{"line":9,"column":31}},"7":{"start":{"line":18,"column":2},"end":{"line":34,"column":5}},"8":{"start":{"line":19,"column":4},"end":{"line":33,"column":5}},"9":{"start":{"line":20,"column":6},"end":{"line":23,"column":37}},"10":{"start":{"line":22,"column":10},"end":{"line":22,"column":46}},"11":{"start":{"line":23,"column":26},"end":{"line":23,"column":35}},"12":{"start":{"line":24,"column":11},"end":{"line":33,"column":5}},"13":{"start":{"line":25,"column":6},"end":{"line":28,"column":37}},"14":{"start":{"line":27,"column":10},"end":{"line":27,"column":46}},"15":{"start":{"line":28,"column":26},"end":{"line":28,"column":35}},"16":{"start":{"line":30,"column":6},"end":{"line":32,"column":35}},"17":{"start":{"line":31,"column":26},"end":{"line":31,"column":54}},"18":{"start":{"line":32,"column":24},"end":{"line":32,"column":33}},"19":{"start":{"line":36,"column":2},"end":{"line":40,"column":5}},"20":{"start":{"line":37,"column":4},"end":{"line":39,"column":33}},"21":{"start":{"line":38,"column":24},"end":{"line":38,"column":55}},"22":{"start":{"line":39,"column":22},"end":{"line":39,"column":31}},"23":{"start":{"line":42,"column":2},"end":{"line":46,"column":5}},"24":{"start":{"line":43,"column":4},"end":{"line":45,"column":33}},"25":{"start":{"line":44,"column":24},"end":{"line":44,"column":55}},"26":{"start":{"line":45,"column":22},"end":{"line":45,"column":31}},"27":{"start":{"line":48,"column":2},"end":{"line":52,"column":5}},"28":{"start":{"line":49,"column":4},"end":{"line":51,"column":33}},"29":{"start":{"line":50,"column":18},"end":{"line":50,"column":40}},"30":{"start":{"line":51,"column":22},"end":{"line":51,"column":31}},"31":{"start":{"line":54,"column":2},"end":{"line":54,"column":16}}},"fnMap":{"0":{"name":"(anonymous_0)","decl":{"start":{"line":3,"column":17},"end":{"line":3,"column":18}},"loc":{"start":{"line":3,"column":26},"end":{"line":55,"column":1}},"line":3},"1":{"name":"(anonymous_1)","decl":{"start":{"line":6,"column":19},"end":{"line":6,"column":20}},"loc":{"start":{"line":6,"column":39},"end":{"line":10,"column":3}},"line":6},"2":{"name":"(anonymous_2)","decl":{"start":{"line":8,"column":12},"end":{"line":8,"column":13}},"loc":{"start":{"line":8,"column":18},"end":{"line":8,"column":24}},"line":8},"3":{"name":"(anonymous_3)","decl":{"start":{"line":9,"column":13},"end":{"line":9,"column":14}},"loc":{"start":{"line":9,"column":22},"end":{"line":9,"column":31}},"line":9},"4":{"name":"(anonymous_4)","decl":{"start":{"line":18,"column":24},"end":{"line":18,"column":25}},"loc":{"start":{"line":18,"column":44},"end":{"line":34,"column":3}},"line":18},"5":{"name":"(anonymous_5)","decl":{"start":{"line":21,"column":14},"end":{"line":21,"column":15}},"loc":{"start":{"line":21,"column":26},"end":{"line":23,"column":9}},"line":21},"6":{"name":"(anonymous_6)","decl":{"start":{"line":23,"column":17},"end":{"line":23,"column":18}},"loc":{"start":{"line":23,"column":26},"end":{"line":23,"column":35}},"line":23},"7":{"name":"(anonymous_7)","decl":{"start":{"line":26,"column":14},"end":{"line":26,"column":15}},"loc":{"start":{"line":26,"column":26},"end":{"line":28,"column":9}},"line":26},"8":{"name":"(anonymous_8)","decl":{"start":{"line":28,"column":17},"end":{"line":28,"column":18}},"loc":{"start":{"line":28,"column":26},"end":{"line":28,"column":35}},"line":28},"9":{"name":"(anonymous_9)","decl":{"start":{"line":31,"column":14},"end":{"line":31,"column":15}},"loc":{"start":{"line":31,"column":26},"end":{"line":31,"column":54}},"line":31},"10":{"name":"(anonymous_10)","decl":{"start":{"line":32,"column":15},"end":{"line":32,"column":16}},"loc":{"start":{"line":32,"column":24},"end":{"line":32,"column":33}},"line":32},"11":{"name":"(anonymous_11)","decl":{"start":{"line":36,"column":29},"end":{"line":36,"column":30}},"loc":{"start":{"line":36,"column":49},"end":{"line":40,"column":3}},"line":36},"12":{"name":"(anonymous_12)","decl":{"start":{"line":38,"column":12},"end":{"line":38,"column":13}},"loc":{"start":{"line":38,"column":24},"end":{"line":38,"column":55}},"line":38},"13":{"name":"(anonymous_13)","decl":{"start":{"line":39,"column":13},"end":{"line":39,"column":14}},"loc":{"start":{"line":39,"column":22},"end":{"line":39,"column":31}},"line":39},"14":{"name":"(anonymous_14)","decl":{"start":{"line":42,"column":21},"end":{"line":42,"column":22}},"loc":{"start":{"line":42,"column":41},"end":{"line":46,"column":3}},"line":42},"15":{"name":"(anonymous_15)","decl":{"start":{"line":44,"column":12},"end":{"line":44,"column":13}},"loc":{"start":{"line":44,"column":24},"end":{"line":44,"column":55}},"line":44},"16":{"name":"(anonymous_16)","decl":{"start":{"line":45,"column":13},"end":{"line":45,"column":14}},"loc":{"start":{"line":45,"column":22},"end":{"line":45,"column":31}},"line":45},"17":{"name":"(anonymous_17)","decl":{"start":{"line":48,"column":24},"end":{"line":48,"column":25}},"loc":{"start":{"line":48,"column":44},"end":{"line":52,"column":3}},"line":48},"18":{"name":"(anonymous_18)","decl":{"start":{"line":50,"column":12},"end":{"line":50,"column":13}},"loc":{"start":{"line":50,"column":18},"end":{"line":50,"column":40}},"line":50},"19":{"name":"(anonymous_19)","decl":{"start":{"line":51,"column":13},"end":{"line":51,"column":14}},"loc":{"start":{"line":51,"column":22},"end":{"line":51,"column":31}},"line":51}},"branchMap":{"0":{"loc":{"start":{"line":19,"column":4},"end":{"line":33,"column":5}},"type":"if","locations":[{"start":{"line":19,"column":4},"end":{"line":33,"column":5}},{"start":{"line":19,"column":4},"end":{"line":33,"column":5}}],"line":19},"1":{"loc":{"start":{"line":24,"column":11},"end":{"line":33,"column":5}},"type":"if","locations":[{"start":{"line":24,"column":11},"end":{"line":33,"column":5}},{"start":{"line":24,"column":11},"end":{"line":33,"column":5}}],"line":24}},"s":{"0":6,"1":6,"2":6,"3":6,"4":5,"5":1,"6":4,"7":6,"8":3,"9":1,"10":1,"11":0,"12":2,"13":1,"14":1,"15":0,"16":1,"17":1,"18":0,"19":6,"20":1,"21":1,"22":0,"23":6,"24":1,"25":1,"26":0,"27":6,"28":1,"29":1,"30":0,"31":6},"f":{"0":6,"1":5,"2":1,"3":4,"4":3,"5":1,"6":0,"7":1,"8":0,"9":1,"10":0,"11":1,"12":1,"13":0,"14":1,"15":1,"16":0,"17":1,"18":1,"19":0},"b":{"0":[1,2],"1":[1,1]},"_coverageSchema":"332fd63041d2c1bcb487cc26dd0d5f7d97098a6c","hash":"26e9227bb6227309447d264c74b90e8316e6a929"}
,"C:\\Users\\Utilizador\\Desktop\\IPCA\\Trabalho_CD-DCS\\Projeto\\ApiShareABill\\src\\routes\\friends.js": {"path":"C:\\Users\\Utilizador\\Desktop\\IPCA\\Trabalho_CD-DCS\\Projeto\\ApiShareABill\\src\\routes\\friends.js","statementMap":{"0":{"start":{"line":1,"column":16},"end":{"line":1,"column":34}},"1":{"start":{"line":3,"column":0},"end":{"line":37,"column":2}},"2":{"start":{"line":4,"column":17},"end":{"line":4,"column":33}},"3":{"start":{"line":6,"column":2},"end":{"line":10,"column":5}},"4":{"start":{"line":7,"column":4},"end":{"line":9,"column":33}},"5":{"start":{"line":8,"column":24},"end":{"line":8,"column":52}},"6":{"start":{"line":9,"column":22},"end":{"line":9,"column":31}},"7":{"start":{"line":12,"column":2},"end":{"line":22,"column":5}},"8":{"start":{"line":13,"column":4},"end":{"line":21,"column":5}},"9":{"start":{"line":14,"column":6},"end":{"line":16,"column":35}},"10":{"start":{"line":15,"column":26},"end":{"line":15,"column":54}},"11":{"start":{"line":16,"column":24},"end":{"line":16,"column":33}},"12":{"start":{"line":18,"column":6},"end":{"line":20,"column":35}},"13":{"start":{"line":19,"column":26},"end":{"line":19,"column":54}},"14":{"start":{"line":20,"column":24},"end":{"line":20,"column":33}},"15":{"start":{"line":24,"column":2},"end":{"line":28,"column":5}},"16":{"start":{"line":25,"column":4},"end":{"line":27,"column":33}},"17":{"start":{"line":26,"column":24},"end":{"line":26,"column":55}},"18":{"start":{"line":27,"column":22},"end":{"line":27,"column":31}},"19":{"start":{"line":30,"column":2},"end":{"line":34,"column":5}},"20":{"start":{"line":31,"column":4},"end":{"line":33,"column":33}},"21":{"start":{"line":32,"column":18},"end":{"line":32,"column":40}},"22":{"start":{"line":33,"column":22},"end":{"line":33,"column":31}},"23":{"start":{"line":36,"column":2},"end":{"line":36,"column":16}}},"fnMap":{"0":{"name":"(anonymous_0)","decl":{"start":{"line":3,"column":17},"end":{"line":3,"column":18}},"loc":{"start":{"line":3,"column":26},"end":{"line":37,"column":1}},"line":3},"1":{"name":"(anonymous_1)","decl":{"start":{"line":6,"column":21},"end":{"line":6,"column":22}},"loc":{"start":{"line":6,"column":41},"end":{"line":10,"column":3}},"line":6},"2":{"name":"(anonymous_2)","decl":{"start":{"line":8,"column":12},"end":{"line":8,"column":13}},"loc":{"start":{"line":8,"column":24},"end":{"line":8,"column":52}},"line":8},"3":{"name":"(anonymous_3)","decl":{"start":{"line":9,"column":13},"end":{"line":9,"column":14}},"loc":{"start":{"line":9,"column":22},"end":{"line":9,"column":31}},"line":9},"4":{"name":"(anonymous_4)","decl":{"start":{"line":12,"column":31},"end":{"line":12,"column":32}},"loc":{"start":{"line":12,"column":51},"end":{"line":22,"column":3}},"line":12},"5":{"name":"(anonymous_5)","decl":{"start":{"line":15,"column":14},"end":{"line":15,"column":15}},"loc":{"start":{"line":15,"column":26},"end":{"line":15,"column":54}},"line":15},"6":{"name":"(anonymous_6)","decl":{"start":{"line":16,"column":15},"end":{"line":16,"column":16}},"loc":{"start":{"line":16,"column":24},"end":{"line":16,"column":33}},"line":16},"7":{"name":"(anonymous_7)","decl":{"start":{"line":19,"column":14},"end":{"line":19,"column":15}},"loc":{"start":{"line":19,"column":26},"end":{"line":19,"column":54}},"line":19},"8":{"name":"(anonymous_8)","decl":{"start":{"line":20,"column":15},"end":{"line":20,"column":16}},"loc":{"start":{"line":20,"column":24},"end":{"line":20,"column":33}},"line":20},"9":{"name":"(anonymous_9)","decl":{"start":{"line":24,"column":19},"end":{"line":24,"column":20}},"loc":{"start":{"line":24,"column":39},"end":{"line":28,"column":3}},"line":24},"10":{"name":"(anonymous_10)","decl":{"start":{"line":26,"column":12},"end":{"line":26,"column":13}},"loc":{"start":{"line":26,"column":24},"end":{"line":26,"column":55}},"line":26},"11":{"name":"(anonymous_11)","decl":{"start":{"line":27,"column":13},"end":{"line":27,"column":14}},"loc":{"start":{"line":27,"column":22},"end":{"line":27,"column":31}},"line":27},"12":{"name":"(anonymous_12)","decl":{"start":{"line":30,"column":30},"end":{"line":30,"column":31}},"loc":{"start":{"line":30,"column":50},"end":{"line":34,"column":3}},"line":30},"13":{"name":"(anonymous_13)","decl":{"start":{"line":32,"column":12},"end":{"line":32,"column":13}},"loc":{"start":{"line":32,"column":18},"end":{"line":32,"column":40}},"line":32},"14":{"name":"(anonymous_14)","decl":{"start":{"line":33,"column":13},"end":{"line":33,"column":14}},"loc":{"start":{"line":33,"column":22},"end":{"line":33,"column":31}},"line":33}},"branchMap":{"0":{"loc":{"start":{"line":13,"column":4},"end":{"line":21,"column":5}},"type":"if","locations":[{"start":{"line":13,"column":4},"end":{"line":21,"column":5}},{"start":{"line":13,"column":4},"end":{"line":21,"column":5}}],"line":13}},"s":{"0":6,"1":6,"2":6,"3":6,"4":1,"5":1,"6":0,"7":6,"8":2,"9":1,"10":1,"11":0,"12":1,"13":1,"14":0,"15":6,"16":1,"17":1,"18":0,"19":6,"20":1,"21":1,"22":0,"23":6},"f":{"0":6,"1":1,"2":1,"3":0,"4":2,"5":1,"6":0,"7":1,"8":0,"9":1,"10":1,"11":0,"12":1,"13":1,"14":0},"b":{"0":[1,1]},"_coverageSchema":"332fd63041d2c1bcb487cc26dd0d5f7d97098a6c","hash":"52f64418a3a8850373c5cb7d09a9805a36736fbb"}
,"C:\\Users\\Utilizador\\Desktop\\IPCA\\Trabalho_CD-DCS\\Projeto\\ApiShareABill\\src\\routes\\groups.js": {"path":"C:\\Users\\Utilizador\\Desktop\\IPCA\\Trabalho_CD-DCS\\Projeto\\ApiShareABill\\src\\routes\\groups.js","statementMap":{"0":{"start":{"line":1,"column":16},"end":{"line":1,"column":34}},"1":{"start":{"line":3,"column":0},"end":{"line":50,"column":2}},"2":{"start":{"line":4,"column":17},"end":{"line":4,"column":33}},"3":{"start":{"line":6,"column":2},"end":{"line":16,"column":5}},"4":{"start":{"line":7,"column":4},"end":{"line":15,"column":5}},"5":{"start":{"line":8,"column":6},"end":{"line":10,"column":35}},"6":{"start":{"line":9,"column":26},"end":{"line":9,"column":54}},"7":{"start":{"line":10,"column":24},"end":{"line":10,"column":33}},"8":{"start":{"line":11,"column":11},"end":{"line":15,"column":5}},"9":{"start":{"line":12,"column":6},"end":{"line":14,"column":35}},"10":{"start":{"line":13,"column":26},"end":{"line":13,"column":54}},"11":{"start":{"line":14,"column":24},"end":{"line":14,"column":33}},"12":{"start":{"line":18,"column":2},"end":{"line":22,"column":5}},"13":{"start":{"line":19,"column":4},"end":{"line":21,"column":33}},"14":{"start":{"line":20,"column":24},"end":{"line":20,"column":52}},"15":{"start":{"line":21,"column":22},"end":{"line":21,"column":31}},"16":{"start":{"line":24,"column":19},"end":{"line":28,"column":3}},"17":{"start":{"line":25,"column":4},"end":{"line":27,"column":33}},"18":{"start":{"line":26,"column":18},"end":{"line":26,"column":24}},"19":{"start":{"line":27,"column":22},"end":{"line":27,"column":31}},"20":{"start":{"line":30,"column":2},"end":{"line":35,"column":5}},"21":{"start":{"line":31,"column":17},"end":{"line":31,"column":32}},"22":{"start":{"line":32,"column":4},"end":{"line":34,"column":33}},"23":{"start":{"line":33,"column":24},"end":{"line":33,"column":55}},"24":{"start":{"line":34,"column":22},"end":{"line":34,"column":31}},"25":{"start":{"line":37,"column":2},"end":{"line":41,"column":5}},"26":{"start":{"line":38,"column":4},"end":{"line":40,"column":33}},"27":{"start":{"line":39,"column":18},"end":{"line":39,"column":40}},"28":{"start":{"line":40,"column":22},"end":{"line":40,"column":31}},"29":{"start":{"line":43,"column":2},"end":{"line":47,"column":5}},"30":{"start":{"line":44,"column":4},"end":{"line":46,"column":33}},"31":{"start":{"line":45,"column":24},"end":{"line":45,"column":55}},"32":{"start":{"line":46,"column":22},"end":{"line":46,"column":31}},"33":{"start":{"line":49,"column":2},"end":{"line":49,"column":16}}},"fnMap":{"0":{"name":"(anonymous_0)","decl":{"start":{"line":3,"column":17},"end":{"line":3,"column":18}},"loc":{"start":{"line":3,"column":26},"end":{"line":50,"column":1}},"line":3},"1":{"name":"(anonymous_1)","decl":{"start":{"line":6,"column":24},"end":{"line":6,"column":25}},"loc":{"start":{"line":6,"column":44},"end":{"line":16,"column":3}},"line":6},"2":{"name":"(anonymous_2)","decl":{"start":{"line":9,"column":14},"end":{"line":9,"column":15}},"loc":{"start":{"line":9,"column":26},"end":{"line":9,"column":54}},"line":9},"3":{"name":"(anonymous_3)","decl":{"start":{"line":10,"column":15},"end":{"line":10,"column":16}},"loc":{"start":{"line":10,"column":24},"end":{"line":10,"column":33}},"line":10},"4":{"name":"(anonymous_4)","decl":{"start":{"line":13,"column":14},"end":{"line":13,"column":15}},"loc":{"start":{"line":13,"column":26},"end":{"line":13,"column":54}},"line":13},"5":{"name":"(anonymous_5)","decl":{"start":{"line":14,"column":15},"end":{"line":14,"column":16}},"loc":{"start":{"line":14,"column":24},"end":{"line":14,"column":33}},"line":14},"6":{"name":"(anonymous_6)","decl":{"start":{"line":18,"column":30},"end":{"line":18,"column":31}},"loc":{"start":{"line":18,"column":50},"end":{"line":22,"column":3}},"line":18},"7":{"name":"(anonymous_7)","decl":{"start":{"line":20,"column":12},"end":{"line":20,"column":13}},"loc":{"start":{"line":20,"column":24},"end":{"line":20,"column":52}},"line":20},"8":{"name":"(anonymous_8)","decl":{"start":{"line":21,"column":13},"end":{"line":21,"column":14}},"loc":{"start":{"line":21,"column":22},"end":{"line":21,"column":31}},"line":21},"9":{"name":"(anonymous_9)","decl":{"start":{"line":24,"column":19},"end":{"line":24,"column":20}},"loc":{"start":{"line":24,"column":39},"end":{"line":28,"column":3}},"line":24},"10":{"name":"(anonymous_10)","decl":{"start":{"line":26,"column":12},"end":{"line":26,"column":13}},"loc":{"start":{"line":26,"column":18},"end":{"line":26,"column":24}},"line":26},"11":{"name":"(anonymous_11)","decl":{"start":{"line":27,"column":13},"end":{"line":27,"column":14}},"loc":{"start":{"line":27,"column":22},"end":{"line":27,"column":31}},"line":27},"12":{"name":"(anonymous_12)","decl":{"start":{"line":30,"column":32},"end":{"line":30,"column":33}},"loc":{"start":{"line":30,"column":52},"end":{"line":35,"column":3}},"line":30},"13":{"name":"(anonymous_13)","decl":{"start":{"line":33,"column":12},"end":{"line":33,"column":13}},"loc":{"start":{"line":33,"column":24},"end":{"line":33,"column":55}},"line":33},"14":{"name":"(anonymous_14)","decl":{"start":{"line":34,"column":13},"end":{"line":34,"column":14}},"loc":{"start":{"line":34,"column":22},"end":{"line":34,"column":31}},"line":34},"15":{"name":"(anonymous_15)","decl":{"start":{"line":37,"column":30},"end":{"line":37,"column":31}},"loc":{"start":{"line":37,"column":50},"end":{"line":41,"column":3}},"line":37},"16":{"name":"(anonymous_16)","decl":{"start":{"line":39,"column":12},"end":{"line":39,"column":13}},"loc":{"start":{"line":39,"column":18},"end":{"line":39,"column":40}},"line":39},"17":{"name":"(anonymous_17)","decl":{"start":{"line":40,"column":13},"end":{"line":40,"column":14}},"loc":{"start":{"line":40,"column":22},"end":{"line":40,"column":31}},"line":40},"18":{"name":"(anonymous_18)","decl":{"start":{"line":43,"column":21},"end":{"line":43,"column":22}},"loc":{"start":{"line":43,"column":41},"end":{"line":47,"column":3}},"line":43},"19":{"name":"(anonymous_19)","decl":{"start":{"line":45,"column":12},"end":{"line":45,"column":13}},"loc":{"start":{"line":45,"column":24},"end":{"line":45,"column":55}},"line":45},"20":{"name":"(anonymous_20)","decl":{"start":{"line":46,"column":13},"end":{"line":46,"column":14}},"loc":{"start":{"line":46,"column":22},"end":{"line":46,"column":31}},"line":46}},"branchMap":{"0":{"loc":{"start":{"line":7,"column":4},"end":{"line":15,"column":5}},"type":"if","locations":[{"start":{"line":7,"column":4},"end":{"line":15,"column":5}},{"start":{"line":7,"column":4},"end":{"line":15,"column":5}}],"line":7},"1":{"loc":{"start":{"line":11,"column":11},"end":{"line":15,"column":5}},"type":"if","locations":[{"start":{"line":11,"column":11},"end":{"line":15,"column":5}},{"start":{"line":11,"column":11},"end":{"line":15,"column":5}}],"line":11}},"s":{"0":6,"1":6,"2":6,"3":6,"4":2,"5":1,"6":1,"7":0,"8":1,"9":1,"10":1,"11":0,"12":6,"13":1,"14":1,"15":0,"16":6,"17":4,"18":1,"19":3,"20":6,"21":1,"22":1,"23":1,"24":0,"25":6,"26":1,"27":1,"28":0,"29":6,"30":1,"31":1,"32":0,"33":6},"f":{"0":6,"1":2,"2":1,"3":0,"4":1,"5":0,"6":1,"7":1,"8":0,"9":4,"10":1,"11":3,"12":1,"13":1,"14":0,"15":1,"16":1,"17":0,"18":1,"19":1,"20":0},"b":{"0":[1,1],"1":[1,0]},"_coverageSchema":"332fd63041d2c1bcb487cc26dd0d5f7d97098a6c","hash":"a5159d2c4183f9c6250b25b3c960fdce9ad58c99"}
,"C:\\Users\\Utilizador\\Desktop\\IPCA\\Trabalho_CD-DCS\\Projeto\\ApiShareABill\\src\\routes\\membersExpenses.js": {"path":"C:\\Users\\Utilizador\\Desktop\\IPCA\\Trabalho_CD-DCS\\Projeto\\ApiShareABill\\src\\routes\\membersExpenses.js","statementMap":{"0":{"start":{"line":1,"column":16},"end":{"line":1,"column":34}},"1":{"start":{"line":3,"column":0},"end":{"line":33,"column":2}},"2":{"start":{"line":4,"column":17},"end":{"line":4,"column":33}},"3":{"start":{"line":6,"column":2},"end":{"line":10,"column":5}},"4":{"start":{"line":7,"column":4},"end":{"line":9,"column":33}},"5":{"start":{"line":8,"column":24},"end":{"line":8,"column":55}},"6":{"start":{"line":9,"column":22},"end":{"line":9,"column":31}},"7":{"start":{"line":12,"column":2},"end":{"line":17,"column":5}},"8":{"start":{"line":13,"column":4},"end":{"line":16,"column":35}},"9":{"start":{"line":15,"column":8},"end":{"line":15,"column":44}},"10":{"start":{"line":16,"column":24},"end":{"line":16,"column":33}},"11":{"start":{"line":19,"column":2},"end":{"line":24,"column":5}},"12":{"start":{"line":20,"column":4},"end":{"line":23,"column":35}},"13":{"start":{"line":22,"column":8},"end":{"line":22,"column":44}},"14":{"start":{"line":23,"column":24},"end":{"line":23,"column":33}},"15":{"start":{"line":26,"column":2},"end":{"line":30,"column":5}},"16":{"start":{"line":27,"column":4},"end":{"line":29,"column":33}},"17":{"start":{"line":28,"column":18},"end":{"line":28,"column":40}},"18":{"start":{"line":29,"column":22},"end":{"line":29,"column":31}},"19":{"start":{"line":32,"column":2},"end":{"line":32,"column":16}}},"fnMap":{"0":{"name":"(anonymous_0)","decl":{"start":{"line":3,"column":17},"end":{"line":3,"column":18}},"loc":{"start":{"line":3,"column":26},"end":{"line":33,"column":1}},"line":3},"1":{"name":"(anonymous_1)","decl":{"start":{"line":6,"column":19},"end":{"line":6,"column":20}},"loc":{"start":{"line":6,"column":39},"end":{"line":10,"column":3}},"line":6},"2":{"name":"(anonymous_2)","decl":{"start":{"line":8,"column":12},"end":{"line":8,"column":13}},"loc":{"start":{"line":8,"column":24},"end":{"line":8,"column":55}},"line":8},"3":{"name":"(anonymous_3)","decl":{"start":{"line":9,"column":13},"end":{"line":9,"column":14}},"loc":{"start":{"line":9,"column":22},"end":{"line":9,"column":31}},"line":9},"4":{"name":"(anonymous_4)","decl":{"start":{"line":12,"column":21},"end":{"line":12,"column":22}},"loc":{"start":{"line":12,"column":41},"end":{"line":17,"column":3}},"line":12},"5":{"name":"(anonymous_5)","decl":{"start":{"line":14,"column":12},"end":{"line":14,"column":13}},"loc":{"start":{"line":14,"column":24},"end":{"line":16,"column":7}},"line":14},"6":{"name":"(anonymous_6)","decl":{"start":{"line":16,"column":15},"end":{"line":16,"column":16}},"loc":{"start":{"line":16,"column":24},"end":{"line":16,"column":33}},"line":16},"7":{"name":"(anonymous_7)","decl":{"start":{"line":19,"column":27},"end":{"line":19,"column":28}},"loc":{"start":{"line":19,"column":47},"end":{"line":24,"column":3}},"line":19},"8":{"name":"(anonymous_8)","decl":{"start":{"line":21,"column":12},"end":{"line":21,"column":13}},"loc":{"start":{"line":21,"column":24},"end":{"line":23,"column":7}},"line":21},"9":{"name":"(anonymous_9)","decl":{"start":{"line":23,"column":15},"end":{"line":23,"column":16}},"loc":{"start":{"line":23,"column":24},"end":{"line":23,"column":33}},"line":23},"10":{"name":"(anonymous_10)","decl":{"start":{"line":26,"column":24},"end":{"line":26,"column":25}},"loc":{"start":{"line":26,"column":44},"end":{"line":30,"column":3}},"line":26},"11":{"name":"(anonymous_11)","decl":{"start":{"line":28,"column":12},"end":{"line":28,"column":13}},"loc":{"start":{"line":28,"column":18},"end":{"line":28,"column":40}},"line":28},"12":{"name":"(anonymous_12)","decl":{"start":{"line":29,"column":13},"end":{"line":29,"column":14}},"loc":{"start":{"line":29,"column":22},"end":{"line":29,"column":31}},"line":29}},"branchMap":{},"s":{"0":6,"1":6,"2":6,"3":6,"4":1,"5":1,"6":0,"7":6,"8":1,"9":1,"10":0,"11":6,"12":1,"13":1,"14":0,"15":6,"16":0,"17":0,"18":0,"19":6},"f":{"0":6,"1":1,"2":1,"3":0,"4":1,"5":1,"6":0,"7":1,"8":1,"9":0,"10":0,"11":0,"12":0},"b":{},"_coverageSchema":"332fd63041d2c1bcb487cc26dd0d5f7d97098a6c","hash":"987c5ba600c7a2533fc9183d0b9d0b6700b5a476"}
,"C:\\Users\\Utilizador\\Desktop\\IPCA\\Trabalho_CD-DCS\\Projeto\\ApiShareABill\\src\\routes\\membersGroups.js": {"path":"C:\\Users\\Utilizador\\Desktop\\IPCA\\Trabalho_CD-DCS\\Projeto\\ApiShareABill\\src\\routes\\membersGroups.js","statementMap":{"0":{"start":{"line":1,"column":16},"end":{"line":1,"column":34}},"1":{"start":{"line":3,"column":0},"end":{"line":25,"column":2}},"2":{"start":{"line":4,"column":17},"end":{"line":4,"column":33}},"3":{"start":{"line":6,"column":2},"end":{"line":10,"column":4}},"4":{"start":{"line":7,"column":4},"end":{"line":9,"column":33}},"5":{"start":{"line":8,"column":24},"end":{"line":8,"column":52}},"6":{"start":{"line":9,"column":22},"end":{"line":9,"column":31}},"7":{"start":{"line":12,"column":2},"end":{"line":16,"column":5}},"8":{"start":{"line":13,"column":4},"end":{"line":15,"column":33}},"9":{"start":{"line":14,"column":24},"end":{"line":14,"column":55}},"10":{"start":{"line":15,"column":22},"end":{"line":15,"column":31}},"11":{"start":{"line":18,"column":2},"end":{"line":22,"column":5}},"12":{"start":{"line":19,"column":4},"end":{"line":21,"column":33}},"13":{"start":{"line":20,"column":18},"end":{"line":20,"column":40}},"14":{"start":{"line":21,"column":22},"end":{"line":21,"column":31}},"15":{"start":{"line":24,"column":2},"end":{"line":24,"column":16}}},"fnMap":{"0":{"name":"(anonymous_0)","decl":{"start":{"line":3,"column":17},"end":{"line":3,"column":18}},"loc":{"start":{"line":3,"column":26},"end":{"line":25,"column":1}},"line":3},"1":{"name":"(anonymous_1)","decl":{"start":{"line":6,"column":21},"end":{"line":6,"column":22}},"loc":{"start":{"line":6,"column":41},"end":{"line":10,"column":3}},"line":6},"2":{"name":"(anonymous_2)","decl":{"start":{"line":8,"column":12},"end":{"line":8,"column":13}},"loc":{"start":{"line":8,"column":24},"end":{"line":8,"column":52}},"line":8},"3":{"name":"(anonymous_3)","decl":{"start":{"line":9,"column":13},"end":{"line":9,"column":14}},"loc":{"start":{"line":9,"column":22},"end":{"line":9,"column":31}},"line":9},"4":{"name":"(anonymous_4)","decl":{"start":{"line":12,"column":19},"end":{"line":12,"column":20}},"loc":{"start":{"line":12,"column":39},"end":{"line":16,"column":3}},"line":12},"5":{"name":"(anonymous_5)","decl":{"start":{"line":14,"column":12},"end":{"line":14,"column":13}},"loc":{"start":{"line":14,"column":24},"end":{"line":14,"column":55}},"line":14},"6":{"name":"(anonymous_6)","decl":{"start":{"line":15,"column":13},"end":{"line":15,"column":14}},"loc":{"start":{"line":15,"column":22},"end":{"line":15,"column":31}},"line":15},"7":{"name":"(anonymous_7)","decl":{"start":{"line":18,"column":33},"end":{"line":18,"column":34}},"loc":{"start":{"line":18,"column":53},"end":{"line":22,"column":3}},"line":18},"8":{"name":"(anonymous_8)","decl":{"start":{"line":20,"column":12},"end":{"line":20,"column":13}},"loc":{"start":{"line":20,"column":18},"end":{"line":20,"column":40}},"line":20},"9":{"name":"(anonymous_9)","decl":{"start":{"line":21,"column":13},"end":{"line":21,"column":14}},"loc":{"start":{"line":21,"column":22},"end":{"line":21,"column":31}},"line":21}},"branchMap":{},"s":{"0":6,"1":6,"2":6,"3":6,"4":1,"5":1,"6":0,"7":6,"8":1,"9":1,"10":0,"11":6,"12":1,"13":1,"14":0,"15":6},"f":{"0":6,"1":1,"2":1,"3":0,"4":1,"5":1,"6":0,"7":1,"8":1,"9":0},"b":{},"_coverageSchema":"332fd63041d2c1bcb487cc26dd0d5f7d97098a6c","hash":"6602f8452f9ef4d54e8ee01f71a8c8809447c2f7"}
,"C:\\Users\\Utilizador\\Desktop\\IPCA\\Trabalho_CD-DCS\\Projeto\\ApiShareABill\\src\\routes\\users.js": {"path":"C:\\Users\\Utilizador\\Desktop\\IPCA\\Trabalho_CD-DCS\\Projeto\\ApiShareABill\\src\\routes\\users.js","statementMap":{"0":{"start":{"line":1,"column":16},"end":{"line":1,"column":34}},"1":{"start":{"line":3,"column":0},"end":{"line":40,"column":2}},"2":{"start":{"line":4,"column":17},"end":{"line":4,"column":33}},"3":{"start":{"line":6,"column":2},"end":{"line":10,"column":5}},"4":{"start":{"line":7,"column":4},"end":{"line":9,"column":33}},"5":{"start":{"line":8,"column":24},"end":{"line":8,"column":52}},"6":{"start":{"line":9,"column":22},"end":{"line":9,"column":31}},"7":{"start":{"line":12,"column":2},"end":{"line":16,"column":5}},"8":{"start":{"line":13,"column":4},"end":{"line":15,"column":33}},"9":{"start":{"line":14,"column":24},"end":{"line":14,"column":52}},"10":{"start":{"line":15,"column":22},"end":{"line":15,"column":31}},"11":{"start":{"line":18,"column":2},"end":{"line":24,"column":5}},"12":{"start":{"line":19,"column":4},"end":{"line":23,"column":5}},"13":{"start":{"line":20,"column":6},"end":{"line":22,"column":35}},"14":{"start":{"line":21,"column":26},"end":{"line":21,"column":54}},"15":{"start":{"line":22,"column":24},"end":{"line":22,"column":33}},"16":{"start":{"line":26,"column":19},"end":{"line":30,"column":3}},"17":{"start":{"line":27,"column":4},"end":{"line":29,"column":33}},"18":{"start":{"line":28,"column":18},"end":{"line":28,"column":24}},"19":{"start":{"line":29,"column":22},"end":{"line":29,"column":31}},"20":{"start":{"line":32,"column":2},"end":{"line":37,"column":5}},"21":{"start":{"line":33,"column":17},"end":{"line":33,"column":32}},"22":{"start":{"line":34,"column":4},"end":{"line":36,"column":33}},"23":{"start":{"line":35,"column":24},"end":{"line":35,"column":55}},"24":{"start":{"line":36,"column":22},"end":{"line":36,"column":31}},"25":{"start":{"line":39,"column":2},"end":{"line":39,"column":16}}},"fnMap":{"0":{"name":"(anonymous_0)","decl":{"start":{"line":3,"column":17},"end":{"line":3,"column":18}},"loc":{"start":{"line":3,"column":26},"end":{"line":40,"column":1}},"line":3},"1":{"name":"(anonymous_1)","decl":{"start":{"line":6,"column":18},"end":{"line":6,"column":19}},"loc":{"start":{"line":6,"column":38},"end":{"line":10,"column":3}},"line":6},"2":{"name":"(anonymous_2)","decl":{"start":{"line":8,"column":12},"end":{"line":8,"column":13}},"loc":{"start":{"line":8,"column":24},"end":{"line":8,"column":52}},"line":8},"3":{"name":"(anonymous_3)","decl":{"start":{"line":9,"column":13},"end":{"line":9,"column":14}},"loc":{"start":{"line":9,"column":22},"end":{"line":9,"column":31}},"line":9},"4":{"name":"(anonymous_4)","decl":{"start":{"line":12,"column":23},"end":{"line":12,"column":24}},"loc":{"start":{"line":12,"column":43},"end":{"line":16,"column":3}},"line":12},"5":{"name":"(anonymous_5)","decl":{"start":{"line":14,"column":12},"end":{"line":14,"column":13}},"loc":{"start":{"line":14,"column":24},"end":{"line":14,"column":52}},"line":14},"6":{"name":"(anonymous_6)","decl":{"start":{"line":15,"column":13},"end":{"line":15,"column":14}},"loc":{"start":{"line":15,"column":22},"end":{"line":15,"column":31}},"line":15},"7":{"name":"(anonymous_7)","decl":{"start":{"line":18,"column":24},"end":{"line":18,"column":25}},"loc":{"start":{"line":18,"column":44},"end":{"line":24,"column":3}},"line":18},"8":{"name":"(anonymous_8)","decl":{"start":{"line":21,"column":14},"end":{"line":21,"column":15}},"loc":{"start":{"line":21,"column":26},"end":{"line":21,"column":54}},"line":21},"9":{"name":"(anonymous_9)","decl":{"start":{"line":22,"column":15},"end":{"line":22,"column":16}},"loc":{"start":{"line":22,"column":24},"end":{"line":22,"column":33}},"line":22},"10":{"name":"(anonymous_10)","decl":{"start":{"line":26,"column":19},"end":{"line":26,"column":20}},"loc":{"start":{"line":26,"column":39},"end":{"line":30,"column":3}},"line":26},"11":{"name":"(anonymous_11)","decl":{"start":{"line":28,"column":12},"end":{"line":28,"column":13}},"loc":{"start":{"line":28,"column":18},"end":{"line":28,"column":24}},"line":28},"12":{"name":"(anonymous_12)","decl":{"start":{"line":29,"column":13},"end":{"line":29,"column":14}},"loc":{"start":{"line":29,"column":22},"end":{"line":29,"column":31}},"line":29},"13":{"name":"(anonymous_13)","decl":{"start":{"line":32,"column":29},"end":{"line":32,"column":30}},"loc":{"start":{"line":32,"column":49},"end":{"line":37,"column":3}},"line":32},"14":{"name":"(anonymous_14)","decl":{"start":{"line":35,"column":12},"end":{"line":35,"column":13}},"loc":{"start":{"line":35,"column":24},"end":{"line":35,"column":55}},"line":35},"15":{"name":"(anonymous_15)","decl":{"start":{"line":36,"column":13},"end":{"line":36,"column":14}},"loc":{"start":{"line":36,"column":22},"end":{"line":36,"column":31}},"line":36}},"branchMap":{"0":{"loc":{"start":{"line":19,"column":4},"end":{"line":23,"column":5}},"type":"if","locations":[{"start":{"line":19,"column":4},"end":{"line":23,"column":5}},{"start":{"line":19,"column":4},"end":{"line":23,"column":5}}],"line":19}},"s":{"0":6,"1":6,"2":6,"3":6,"4":1,"5":1,"6":0,"7":6,"8":1,"9":1,"10":0,"11":6,"12":0,"13":0,"14":0,"15":0,"16":6,"17":6,"18":2,"19":4,"20":6,"21":2,"22":2,"23":2,"24":0,"25":6},"f":{"0":6,"1":1,"2":1,"3":0,"4":1,"5":1,"6":0,"7":0,"8":0,"9":0,"10":6,"11":2,"12":4,"13":2,"14":2,"15":0},"b":{"0":[0,0]},"_coverageSchema":"332fd63041d2c1bcb487cc26dd0d5f7d97098a6c","hash":"020794e9c1e54d4c6a54f42f5e59f3bfd8264d41"}
,"C:\\Users\\Utilizador\\Desktop\\IPCA\\Trabalho_CD-DCS\\Projeto\\ApiShareABill\\src\\seeds\\membersGroup.js": {"path":"C:\\Users\\Utilizador\\Desktop\\IPCA\\Trabalho_CD-DCS\\Projeto\\ApiShareABill\\src\\seeds\\membersGroup.js","statementMap":{"0":{"start":{"line":1,"column":0},"end":{"line":51,"column":2}},"1":{"start":{"line":2,"column":2},"end":{"line":50,"column":8}},"2":{"start":{"line":3,"column":16},"end":{"line":3,"column":36}},"3":{"start":{"line":4,"column":16},"end":{"line":4,"column":35}},"4":{"start":{"line":5,"column":16},"end":{"line":5,"column":38}},"5":{"start":{"line":6,"column":16},"end":{"line":6,"column":37}},"6":{"start":{"line":7,"column":16},"end":{"line":7,"column":35}},"7":{"start":{"line":8,"column":16},"end":{"line":18,"column":6}},"8":{"start":{"line":19,"column":16},"end":{"line":26,"column":6}},"9":{"start":{"line":27,"column":16},"end":{"line":32,"column":6}},"10":{"start":{"line":33,"column":16},"end":{"line":35,"column":6}},"11":{"start":{"line":36,"column":16},"end":{"line":46,"column":6}},"12":{"start":{"line":47,"column":16},"end":{"line":50,"column":6}}},"fnMap":{"0":{"name":"(anonymous_0)","decl":{"start":{"line":1,"column":15},"end":{"line":1,"column":16}},"loc":{"start":{"line":1,"column":25},"end":{"line":51,"column":1}},"line":1},"1":{"name":"(anonymous_1)","decl":{"start":{"line":3,"column":10},"end":{"line":3,"column":11}},"loc":{"start":{"line":3,"column":16},"end":{"line":3,"column":36}},"line":3},"2":{"name":"(anonymous_2)","decl":{"start":{"line":4,"column":10},"end":{"line":4,"column":11}},"loc":{"start":{"line":4,"column":16},"end":{"line":4,"column":35}},"line":4},"3":{"name":"(anonymous_3)","decl":{"start":{"line":5,"column":10},"end":{"line":5,"column":11}},"loc":{"start":{"line":5,"column":16},"end":{"line":5,"column":38}},"line":5},"4":{"name":"(anonymous_4)","decl":{"start":{"line":6,"column":10},"end":{"line":6,"column":11}},"loc":{"start":{"line":6,"column":16},"end":{"line":6,"column":37}},"line":6},"5":{"name":"(anonymous_5)","decl":{"start":{"line":7,"column":10},"end":{"line":7,"column":11}},"loc":{"start":{"line":7,"column":16},"end":{"line":7,"column":35}},"line":7},"6":{"name":"(anonymous_6)","decl":{"start":{"line":8,"column":10},"end":{"line":8,"column":11}},"loc":{"start":{"line":8,"column":16},"end":{"line":18,"column":6}},"line":8},"7":{"name":"(anonymous_7)","decl":{"start":{"line":19,"column":10},"end":{"line":19,"column":11}},"loc":{"start":{"line":19,"column":16},"end":{"line":26,"column":6}},"line":19},"8":{"name":"(anonymous_8)","decl":{"start":{"line":27,"column":10},"end":{"line":27,"column":11}},"loc":{"start":{"line":27,"column":16},"end":{"line":32,"column":6}},"line":27},"9":{"name":"(anonymous_9)","decl":{"start":{"line":33,"column":10},"end":{"line":33,"column":11}},"loc":{"start":{"line":33,"column":16},"end":{"line":35,"column":6}},"line":33},"10":{"name":"(anonymous_10)","decl":{"start":{"line":36,"column":10},"end":{"line":36,"column":11}},"loc":{"start":{"line":36,"column":16},"end":{"line":46,"column":6}},"line":36},"11":{"name":"(anonymous_11)","decl":{"start":{"line":47,"column":10},"end":{"line":47,"column":11}},"loc":{"start":{"line":47,"column":16},"end":{"line":50,"column":6}},"line":47}},"branchMap":{},"s":{"0":4,"1":4,"2":4,"3":4,"4":4,"5":4,"6":4,"7":4,"8":4,"9":4,"10":4,"11":4,"12":4},"f":{"0":4,"1":4,"2":4,"3":4,"4":4,"5":4,"6":4,"7":4,"8":4,"9":4,"10":4,"11":4},"b":{},"_coverageSchema":"332fd63041d2c1bcb487cc26dd0d5f7d97098a6c","hash":"41c6d57b15a10ba769d3f27641c8a9fe76bf7cbc"}
,"C:\\Users\\Utilizador\\Desktop\\IPCA\\Trabalho_CD-DCS\\Projeto\\ApiShareABill\\src\\services\\expense.js": {"path":"C:\\Users\\Utilizador\\Desktop\\IPCA\\Trabalho_CD-DCS\\Projeto\\ApiShareABill\\src\\services\\expense.js","statementMap":{"0":{"start":{"line":1,"column":24},"end":{"line":1,"column":60}},"1":{"start":{"line":3,"column":0},"end":{"line":50,"column":2}},"2":{"start":{"line":4,"column":19},"end":{"line":9,"column":3}},"3":{"start":{"line":5,"column":4},"end":{"line":5,"column":82}},"4":{"start":{"line":5,"column":20},"end":{"line":5,"column":82}},"5":{"start":{"line":6,"column":4},"end":{"line":6,"column":96}},"6":{"start":{"line":6,"column":22},"end":{"line":6,"column":96}},"7":{"start":{"line":7,"column":4},"end":{"line":7,"column":110}},"8":{"start":{"line":7,"column":20},"end":{"line":7,"column":110}},"9":{"start":{"line":8,"column":4},"end":{"line":8,"column":94}},"10":{"start":{"line":8,"column":20},"end":{"line":8,"column":94}},"11":{"start":{"line":11,"column":18},"end":{"line":16,"column":3}},"12":{"start":{"line":12,"column":4},"end":{"line":14,"column":32}},"13":{"start":{"line":18,"column":15},"end":{"line":20,"column":3}},"14":{"start":{"line":19,"column":4},"end":{"line":19,"column":51}},"15":{"start":{"line":22,"column":16},"end":{"line":28,"column":3}},"16":{"start":{"line":23,"column":4},"end":{"line":27,"column":5}},"17":{"start":{"line":24,"column":6},"end":{"line":24,"column":68}},"18":{"start":{"line":26,"column":6},"end":{"line":26,"column":55}},"19":{"start":{"line":30,"column":15},"end":{"line":32,"column":3}},"20":{"start":{"line":31,"column":4},"end":{"line":31,"column":105}},"21":{"start":{"line":34,"column":17},"end":{"line":38,"column":3}},"22":{"start":{"line":35,"column":4},"end":{"line":37,"column":28}},"23":{"start":{"line":40,"column":17},"end":{"line":45,"column":3}},"24":{"start":{"line":41,"column":4},"end":{"line":41,"column":58}},"25":{"start":{"line":42,"column":4},"end":{"line":44,"column":13}},"26":{"start":{"line":47,"column":2},"end":{"line":49,"column":4}}},"fnMap":{"0":{"name":"(anonymous_0)","decl":{"start":{"line":3,"column":17},"end":{"line":3,"column":18}},"loc":{"start":{"line":3,"column":26},"end":{"line":50,"column":1}},"line":3},"1":{"name":"(anonymous_1)","decl":{"start":{"line":4,"column":19},"end":{"line":4,"column":20}},"loc":{"start":{"line":4,"column":35},"end":{"line":9,"column":3}},"line":4},"2":{"name":"(anonymous_2)","decl":{"start":{"line":11,"column":18},"end":{"line":11,"column":19}},"loc":{"start":{"line":11,"column":29},"end":{"line":16,"column":3}},"line":11},"3":{"name":"(anonymous_3)","decl":{"start":{"line":18,"column":15},"end":{"line":18,"column":16}},"loc":{"start":{"line":18,"column":32},"end":{"line":20,"column":3}},"line":18},"4":{"name":"(anonymous_4)","decl":{"start":{"line":22,"column":16},"end":{"line":22,"column":17}},"loc":{"start":{"line":22,"column":24},"end":{"line":28,"column":3}},"line":22},"5":{"name":"(anonymous_5)","decl":{"start":{"line":30,"column":15},"end":{"line":30,"column":16}},"loc":{"start":{"line":30,"column":34},"end":{"line":32,"column":3}},"line":30},"6":{"name":"(anonymous_6)","decl":{"start":{"line":34,"column":17},"end":{"line":34,"column":18}},"loc":{"start":{"line":34,"column":40},"end":{"line":38,"column":3}},"line":34},"7":{"name":"(anonymous_7)","decl":{"start":{"line":40,"column":17},"end":{"line":40,"column":18}},"loc":{"start":{"line":40,"column":31},"end":{"line":45,"column":3}},"line":40}},"branchMap":{"0":{"loc":{"start":{"line":5,"column":4},"end":{"line":5,"column":82}},"type":"if","locations":[{"start":{"line":5,"column":4},"end":{"line":5,"column":82}},{"start":{"line":5,"column":4},"end":{"line":5,"column":82}}],"line":5},"1":{"loc":{"start":{"line":6,"column":4},"end":{"line":6,"column":96}},"type":"if","locations":[{"start":{"line":6,"column":4},"end":{"line":6,"column":96}},{"start":{"line":6,"column":4},"end":{"line":6,"column":96}}],"line":6},"2":{"loc":{"start":{"line":7,"column":4},"end":{"line":7,"column":110}},"type":"if","locations":[{"start":{"line":7,"column":4},"end":{"line":7,"column":110}},{"start":{"line":7,"column":4},"end":{"line":7,"column":110}}],"line":7},"3":{"loc":{"start":{"line":8,"column":4},"end":{"line":8,"column":94}},"type":"if","locations":[{"start":{"line":8,"column":4},"end":{"line":8,"column":94}},{"start":{"line":8,"column":4},"end":{"line":8,"column":94}}],"line":8},"4":{"loc":{"start":{"line":18,"column":16},"end":{"line":18,"column":27}},"type":"default-arg","locations":[{"start":{"line":18,"column":25},"end":{"line":18,"column":27}}],"line":18},"5":{"loc":{"start":{"line":23,"column":4},"end":{"line":27,"column":5}},"type":"if","locations":[{"start":{"line":23,"column":4},"end":{"line":27,"column":5}},{"start":{"line":23,"column":4},"end":{"line":27,"column":5}}],"line":23}},"s":{"0":6,"1":6,"2":6,"3":5,"4":1,"5":4,"6":1,"7":3,"8":1,"9":2,"10":1,"11":6,"12":1,"13":6,"14":1,"15":6,"16":1,"17":1,"18":0,"19":6,"20":1,"21":6,"22":1,"23":6,"24":1,"25":1,"26":6},"f":{"0":6,"1":5,"2":1,"3":1,"4":1,"5":1,"6":1,"7":1},"b":{"0":[1,4],"1":[1,3],"2":[1,2],"3":[1,1],"4":[0],"5":[1,0]},"_coverageSchema":"332fd63041d2c1bcb487cc26dd0d5f7d97098a6c","hash":"f491d82ee4e5ae06eed11246b4fb1f954ab90d4e"}
,"C:\\Users\\Utilizador\\Desktop\\IPCA\\Trabalho_CD-DCS\\Projeto\\ApiShareABill\\src\\services\\friend.js": {"path":"C:\\Users\\Utilizador\\Desktop\\IPCA\\Trabalho_CD-DCS\\Projeto\\ApiShareABill\\src\\services\\friend.js","statementMap":{"0":{"start":{"line":1,"column":24},"end":{"line":1,"column":60}},"1":{"start":{"line":3,"column":0},"end":{"line":49,"column":2}},"2":{"start":{"line":4,"column":18},"end":{"line":6,"column":3}},"3":{"start":{"line":5,"column":4},"end":{"line":5,"column":92}},"4":{"start":{"line":8,"column":18},"end":{"line":14,"column":3}},"5":{"start":{"line":9,"column":20},"end":{"line":9,"column":85}},"6":{"start":{"line":10,"column":20},"end":{"line":10,"column":85}},"7":{"start":{"line":12,"column":4},"end":{"line":12,"column":79}},"8":{"start":{"line":12,"column":29},"end":{"line":12,"column":79}},"9":{"start":{"line":13,"column":4},"end":{"line":13,"column":56}},"10":{"start":{"line":16,"column":21},"end":{"line":33,"column":3}},"11":{"start":{"line":17,"column":17},"end":{"line":17,"column":96}},"12":{"start":{"line":18,"column":22},"end":{"line":18,"column":24}},"13":{"start":{"line":19,"column":12},"end":{"line":19,"column":13}},"14":{"start":{"line":21,"column":4},"end":{"line":30,"column":5}},"15":{"start":{"line":22,"column":21},"end":{"line":24,"column":56}},"16":{"start":{"line":26,"column":6},"end":{"line":29,"column":7}},"17":{"start":{"line":27,"column":8},"end":{"line":27,"column":31}},"18":{"start":{"line":28,"column":8},"end":{"line":28,"column":15}},"19":{"start":{"line":32,"column":4},"end":{"line":32,"column":21}},"20":{"start":{"line":35,"column":15},"end":{"line":37,"column":3}},"21":{"start":{"line":36,"column":4},"end":{"line":36,"column":54}},"22":{"start":{"line":39,"column":18},"end":{"line":44,"column":3}},"23":{"start":{"line":40,"column":20},"end":{"line":40,"column":91}},"24":{"start":{"line":42,"column":4},"end":{"line":42,"column":97}},"25":{"start":{"line":42,"column":18},"end":{"line":42,"column":97}},"26":{"start":{"line":43,"column":4},"end":{"line":43,"column":19}},"27":{"start":{"line":46,"column":2},"end":{"line":48,"column":4}}},"fnMap":{"0":{"name":"(anonymous_0)","decl":{"start":{"line":3,"column":17},"end":{"line":3,"column":18}},"loc":{"start":{"line":3,"column":26},"end":{"line":49,"column":1}},"line":3},"1":{"name":"(anonymous_1)","decl":{"start":{"line":4,"column":18},"end":{"line":4,"column":19}},"loc":{"start":{"line":4,"column":36},"end":{"line":6,"column":3}},"line":4},"2":{"name":"(anonymous_2)","decl":{"start":{"line":8,"column":18},"end":{"line":8,"column":19}},"loc":{"start":{"line":8,"column":41},"end":{"line":14,"column":3}},"line":8},"3":{"name":"(anonymous_3)","decl":{"start":{"line":16,"column":21},"end":{"line":16,"column":22}},"loc":{"start":{"line":16,"column":41},"end":{"line":33,"column":3}},"line":16},"4":{"name":"(anonymous_4)","decl":{"start":{"line":35,"column":15},"end":{"line":35,"column":16}},"loc":{"start":{"line":35,"column":33},"end":{"line":37,"column":3}},"line":35},"5":{"name":"(anonymous_5)","decl":{"start":{"line":39,"column":18},"end":{"line":39,"column":19}},"loc":{"start":{"line":39,"column":41},"end":{"line":44,"column":3}},"line":39}},"branchMap":{"0":{"loc":{"start":{"line":12,"column":4},"end":{"line":12,"column":79}},"type":"if","locations":[{"start":{"line":12,"column":4},"end":{"line":12,"column":79}},{"start":{"line":12,"column":4},"end":{"line":12,"column":79}}],"line":12},"1":{"loc":{"start":{"line":12,"column":8},"end":{"line":12,"column":28}},"type":"binary-expr","locations":[{"start":{"line":12,"column":8},"end":{"line":12,"column":16}},{"start":{"line":12,"column":20},"end":{"line":12,"column":28}}],"line":12},"2":{"loc":{"start":{"line":26,"column":6},"end":{"line":29,"column":7}},"type":"if","locations":[{"start":{"line":26,"column":6},"end":{"line":29,"column":7}},{"start":{"line":26,"column":6},"end":{"line":29,"column":7}}],"line":26},"3":{"loc":{"start":{"line":42,"column":4},"end":{"line":42,"column":97}},"type":"if","locations":[{"start":{"line":42,"column":4},"end":{"line":42,"column":97}},{"start":{"line":42,"column":4},"end":{"line":42,"column":97}}],"line":42}},"s":{"0":6,"1":6,"2":6,"3":1,"4":6,"5":1,"6":1,"7":1,"8":0,"9":1,"10":6,"11":1,"12":1,"13":1,"14":1,"15":1,"16":1,"17":1,"18":1,"19":1,"20":6,"21":1,"22":6,"23":1,"24":1,"25":1,"26":0,"27":6},"f":{"0":6,"1":1,"2":1,"3":1,"4":1,"5":1},"b":{"0":[0,1],"1":[1,0],"2":[1,0],"3":[1,0]},"_coverageSchema":"332fd63041d2c1bcb487cc26dd0d5f7d97098a6c","hash":"7abb96a3bc70c7dcc9dd0770e908c87b5bd525ef"}
,"C:\\Users\\Utilizador\\Desktop\\IPCA\\Trabalho_CD-DCS\\Projeto\\ApiShareABill\\src\\services\\group.js": {"path":"C:\\Users\\Utilizador\\Desktop\\IPCA\\Trabalho_CD-DCS\\Projeto\\ApiShareABill\\src\\services\\group.js","statementMap":{"0":{"start":{"line":1,"column":17},"end":{"line":1,"column":39}},"1":{"start":{"line":2,"column":24},"end":{"line":2,"column":60}},"2":{"start":{"line":4,"column":0},"end":{"line":90,"column":2}},"3":{"start":{"line":5,"column":18},"end":{"line":10,"column":3}},"4":{"start":{"line":6,"column":19},"end":{"line":6,"column":101}},"5":{"start":{"line":8,"column":4},"end":{"line":9,"column":23}},"6":{"start":{"line":8,"column":17},"end":{"line":8,"column":68}},"7":{"start":{"line":9,"column":9},"end":{"line":9,"column":23}},"8":{"start":{"line":12,"column":18},"end":{"line":14,"column":3}},"9":{"start":{"line":13,"column":4},"end":{"line":13,"column":51}},"10":{"start":{"line":16,"column":19},"end":{"line":20,"column":3}},"11":{"start":{"line":17,"column":4},"end":{"line":17,"column":84}},"12":{"start":{"line":17,"column":21},"end":{"line":17,"column":84}},"13":{"start":{"line":18,"column":4},"end":{"line":18,"column":84}},"14":{"start":{"line":18,"column":21},"end":{"line":18,"column":84}},"15":{"start":{"line":19,"column":4},"end":{"line":19,"column":84}},"16":{"start":{"line":19,"column":22},"end":{"line":19,"column":84}},"17":{"start":{"line":22,"column":15},"end":{"line":26,"column":3}},"18":{"start":{"line":23,"column":18},"end":{"line":23,"column":61}},"19":{"start":{"line":24,"column":4},"end":{"line":24,"column":80}},"20":{"start":{"line":25,"column":4},"end":{"line":25,"column":17}},"21":{"start":{"line":28,"column":20},"end":{"line":31,"column":3}},"22":{"start":{"line":29,"column":22},"end":{"line":29,"column":70}},"23":{"start":{"line":30,"column":4},"end":{"line":30,"column":21}},"24":{"start":{"line":33,"column":20},"end":{"line":48,"column":3}},"25":{"start":{"line":34,"column":17},"end":{"line":34,"column":96}},"26":{"start":{"line":35,"column":22},"end":{"line":35,"column":24}},"27":{"start":{"line":36,"column":12},"end":{"line":36,"column":13}},"28":{"start":{"line":38,"column":4},"end":{"line":45,"column":5}},"29":{"start":{"line":39,"column":23},"end":{"line":39,"column":96}},"30":{"start":{"line":41,"column":6},"end":{"line":44,"column":7}},"31":{"start":{"line":42,"column":8},"end":{"line":42,"column":31}},"32":{"start":{"line":43,"column":8},"end":{"line":43,"column":12}},"33":{"start":{"line":47,"column":4},"end":{"line":47,"column":21}},"34":{"start":{"line":50,"column":22},"end":{"line":85,"column":3}},"35":{"start":{"line":51,"column":22},"end":{"line":51,"column":24}},"36":{"start":{"line":52,"column":12},"end":{"line":52,"column":13}},"37":{"start":{"line":54,"column":23},"end":{"line":54,"column":67}},"38":{"start":{"line":55,"column":4},"end":{"line":84,"column":5}},"39":{"start":{"line":56,"column":22},"end":{"line":56,"column":74}},"40":{"start":{"line":58,"column":6},"end":{"line":81,"column":7}},"41":{"start":{"line":59,"column":8},"end":{"line":66,"column":9}},"42":{"start":{"line":60,"column":28},"end":{"line":60,"column":92}},"43":{"start":{"line":62,"column":10},"end":{"line":65,"column":11}},"44":{"start":{"line":63,"column":12},"end":{"line":63,"column":40}},"45":{"start":{"line":64,"column":12},"end":{"line":64,"column":16}},"46":{"start":{"line":68,"column":8},"end":{"line":77,"column":9}},"47":{"start":{"line":69,"column":10},"end":{"line":69,"column":66}},"48":{"start":{"line":71,"column":10},"end":{"line":73,"column":11}},"49":{"start":{"line":72,"column":12},"end":{"line":72,"column":83}},"50":{"start":{"line":74,"column":10},"end":{"line":74,"column":69}},"51":{"start":{"line":75,"column":10},"end":{"line":75,"column":74}},"52":{"start":{"line":76,"column":10},"end":{"line":76,"column":68}},"53":{"start":{"line":79,"column":8},"end":{"line":79,"column":72}},"54":{"start":{"line":80,"column":8},"end":{"line":80,"column":66}},"55":{"start":{"line":83,"column":6},"end":{"line":83,"column":72}},"56":{"start":{"line":87,"column":2},"end":{"line":89,"column":4}}},"fnMap":{"0":{"name":"(anonymous_0)","decl":{"start":{"line":4,"column":17},"end":{"line":4,"column":18}},"loc":{"start":{"line":4,"column":26},"end":{"line":90,"column":1}},"line":4},"1":{"name":"(anonymous_1)","decl":{"start":{"line":5,"column":18},"end":{"line":5,"column":19}},"loc":{"start":{"line":5,"column":26},"end":{"line":10,"column":3}},"line":5},"2":{"name":"(anonymous_2)","decl":{"start":{"line":12,"column":18},"end":{"line":12,"column":19}},"loc":{"start":{"line":12,"column":32},"end":{"line":14,"column":3}},"line":12},"3":{"name":"(anonymous_3)","decl":{"start":{"line":16,"column":19},"end":{"line":16,"column":20}},"loc":{"start":{"line":16,"column":36},"end":{"line":20,"column":3}},"line":16},"4":{"name":"(anonymous_4)","decl":{"start":{"line":22,"column":15},"end":{"line":22,"column":16}},"loc":{"start":{"line":22,"column":36},"end":{"line":26,"column":3}},"line":22},"5":{"name":"(anonymous_5)","decl":{"start":{"line":28,"column":20},"end":{"line":28,"column":21}},"loc":{"start":{"line":28,"column":35},"end":{"line":31,"column":3}},"line":28},"6":{"name":"(anonymous_6)","decl":{"start":{"line":33,"column":20},"end":{"line":33,"column":21}},"loc":{"start":{"line":33,"column":40},"end":{"line":48,"column":3}},"line":33},"7":{"name":"(anonymous_7)","decl":{"start":{"line":50,"column":22},"end":{"line":50,"column":23}},"loc":{"start":{"line":50,"column":48},"end":{"line":85,"column":3}},"line":50}},"branchMap":{"0":{"loc":{"start":{"line":8,"column":4},"end":{"line":9,"column":23}},"type":"if","locations":[{"start":{"line":8,"column":4},"end":{"line":9,"column":23}},{"start":{"line":8,"column":4},"end":{"line":9,"column":23}}],"line":8},"1":{"loc":{"start":{"line":17,"column":4},"end":{"line":17,"column":84}},"type":"if","locations":[{"start":{"line":17,"column":4},"end":{"line":17,"column":84}},{"start":{"line":17,"column":4},"end":{"line":17,"column":84}}],"line":17},"2":{"loc":{"start":{"line":18,"column":4},"end":{"line":18,"column":84}},"type":"if","locations":[{"start":{"line":18,"column":4},"end":{"line":18,"column":84}},{"start":{"line":18,"column":4},"end":{"line":18,"column":84}}],"line":18},"3":{"loc":{"start":{"line":19,"column":4},"end":{"line":19,"column":84}},"type":"if","locations":[{"start":{"line":19,"column":4},"end":{"line":19,"column":84}},{"start":{"line":19,"column":4},"end":{"line":19,"column":84}}],"line":19},"4":{"loc":{"start":{"line":41,"column":6},"end":{"line":44,"column":7}},"type":"if","locations":[{"start":{"line":41,"column":6},"end":{"line":44,"column":7}},{"start":{"line":41,"column":6},"end":{"line":44,"column":7}}],"line":41},"5":{"loc":{"start":{"line":55,"column":4},"end":{"line":84,"column":5}},"type":"if","locations":[{"start":{"line":55,"column":4},"end":{"line":84,"column":5}},{"start":{"line":55,"column":4},"end":{"line":84,"column":5}}],"line":55},"6":{"loc":{"start":{"line":58,"column":6},"end":{"line":81,"column":7}},"type":"if","locations":[{"start":{"line":58,"column":6},"end":{"line":81,"column":7}},{"start":{"line":58,"column":6},"end":{"line":81,"column":7}}],"line":58},"7":{"loc":{"start":{"line":62,"column":10},"end":{"line":65,"column":11}},"type":"if","locations":[{"start":{"line":62,"column":10},"end":{"line":65,"column":11}},{"start":{"line":62,"column":10},"end":{"line":65,"column":11}}],"line":62},"8":{"loc":{"start":{"line":68,"column":8},"end":{"line":77,"column":9}},"type":"if","locations":[{"start":{"line":68,"column":8},"end":{"line":77,"column":9}},{"start":{"line":68,"column":8},"end":{"line":77,"column":9}}],"line":68}},"s":{"0":6,"1":6,"2":6,"3":6,"4":1,"5":1,"6":0,"7":1,"8":6,"9":1,"10":6,"11":4,"12":1,"13":3,"14":1,"15":2,"16":1,"17":6,"18":1,"19":1,"20":1,"21":6,"22":1,"23":1,"24":6,"25":1,"26":1,"27":1,"28":1,"29":3,"30":3,"31":2,"32":2,"33":1,"34":6,"35":1,"36":1,"37":1,"38":1,"39":1,"40":1,"41":0,"42":0,"43":0,"44":0,"45":0,"46":0,"47":0,"48":0,"49":0,"50":0,"51":0,"52":0,"53":1,"54":1,"55":0,"56":6},"f":{"0":6,"1":1,"2":1,"3":4,"4":1,"5":1,"6":1,"7":1},"b":{"0":[0,1],"1":[1,3],"2":[1,2],"3":[1,1],"4":[2,1],"5":[1,0],"6":[0,1],"7":[0,0],"8":[0,0]},"_coverageSchema":"332fd63041d2c1bcb487cc26dd0d5f7d97098a6c","hash":"bb2cc8c237bb9f35368b4eab1349ac09cc6816ba"}
,"C:\\Users\\Utilizador\\Desktop\\IPCA\\Trabalho_CD-DCS\\Projeto\\ApiShareABill\\src\\services\\memberExpense.js": {"path":"C:\\Users\\Utilizador\\Desktop\\IPCA\\Trabalho_CD-DCS\\Projeto\\ApiShareABill\\src\\services\\memberExpense.js","statementMap":{"0":{"start":{"line":1,"column":0},"end":{"line":23,"column":2}},"1":{"start":{"line":2,"column":15},"end":{"line":4,"column":3}},"2":{"start":{"line":3,"column":4},"end":{"line":3,"column":97}},"3":{"start":{"line":6,"column":15},"end":{"line":8,"column":3}},"4":{"start":{"line":7,"column":4},"end":{"line":7,"column":62}},"5":{"start":{"line":10,"column":17},"end":{"line":14,"column":3}},"6":{"start":{"line":11,"column":4},"end":{"line":13,"column":13}},"7":{"start":{"line":16,"column":19},"end":{"line":18,"column":3}},"8":{"start":{"line":17,"column":4},"end":{"line":17,"column":99}},"9":{"start":{"line":20,"column":2},"end":{"line":22,"column":4}}},"fnMap":{"0":{"name":"(anonymous_0)","decl":{"start":{"line":1,"column":17},"end":{"line":1,"column":18}},"loc":{"start":{"line":1,"column":26},"end":{"line":23,"column":1}},"line":1},"1":{"name":"(anonymous_1)","decl":{"start":{"line":2,"column":15},"end":{"line":2,"column":16}},"loc":{"start":{"line":2,"column":41},"end":{"line":4,"column":3}},"line":2},"2":{"name":"(anonymous_2)","decl":{"start":{"line":6,"column":15},"end":{"line":6,"column":16}},"loc":{"start":{"line":6,"column":32},"end":{"line":8,"column":3}},"line":6},"3":{"name":"(anonymous_3)","decl":{"start":{"line":10,"column":17},"end":{"line":10,"column":18}},"loc":{"start":{"line":10,"column":30},"end":{"line":14,"column":3}},"line":10},"4":{"name":"(anonymous_4)","decl":{"start":{"line":16,"column":19},"end":{"line":16,"column":20}},"loc":{"start":{"line":16,"column":46},"end":{"line":18,"column":3}},"line":16}},"branchMap":{"0":{"loc":{"start":{"line":6,"column":16},"end":{"line":6,"column":27}},"type":"default-arg","locations":[{"start":{"line":6,"column":25},"end":{"line":6,"column":27}}],"line":6}},"s":{"0":6,"1":6,"2":1,"3":6,"4":1,"5":6,"6":0,"7":6,"8":1,"9":6},"f":{"0":6,"1":1,"2":1,"3":0,"4":1},"b":{"0":[0]},"_coverageSchema":"332fd63041d2c1bcb487cc26dd0d5f7d97098a6c","hash":"6084207eaf88e174228a0912f2d4e0607e8cc27f"}
,"C:\\Users\\Utilizador\\Desktop\\IPCA\\Trabalho_CD-DCS\\Projeto\\ApiShareABill\\src\\services\\memberGroup.js": {"path":"C:\\Users\\Utilizador\\Desktop\\IPCA\\Trabalho_CD-DCS\\Projeto\\ApiShareABill\\src\\services\\memberGroup.js","statementMap":{"0":{"start":{"line":1,"column":0},"end":{"line":33,"column":2}},"1":{"start":{"line":2,"column":21},"end":{"line":4,"column":3}},"2":{"start":{"line":3,"column":4},"end":{"line":3,"column":58}},"3":{"start":{"line":6,"column":21},"end":{"line":8,"column":3}},"4":{"start":{"line":7,"column":4},"end":{"line":7,"column":101}},"5":{"start":{"line":10,"column":24},"end":{"line":30,"column":3}},"6":{"start":{"line":11,"column":18},"end":{"line":11,"column":60}},"7":{"start":{"line":13,"column":4},"end":{"line":29,"column":5}},"8":{"start":{"line":14,"column":24},"end":{"line":14,"column":100}},"9":{"start":{"line":16,"column":24},"end":{"line":16,"column":79}},"10":{"start":{"line":18,"column":6},"end":{"line":22,"column":7}},"11":{"start":{"line":19,"column":8},"end":{"line":19,"column":91}},"12":{"start":{"line":21,"column":8},"end":{"line":21,"column":57}},"13":{"start":{"line":24,"column":6},"end":{"line":24,"column":23}},"14":{"start":{"line":26,"column":24},"end":{"line":26,"column":100}},"15":{"start":{"line":28,"column":6},"end":{"line":28,"column":23}},"16":{"start":{"line":32,"column":2},"end":{"line":32,"column":51}}},"fnMap":{"0":{"name":"(anonymous_0)","decl":{"start":{"line":1,"column":17},"end":{"line":1,"column":18}},"loc":{"start":{"line":1,"column":26},"end":{"line":33,"column":1}},"line":1},"1":{"name":"(anonymous_1)","decl":{"start":{"line":2,"column":21},"end":{"line":2,"column":22}},"loc":{"start":{"line":2,"column":29},"end":{"line":4,"column":3}},"line":2},"2":{"name":"(anonymous_2)","decl":{"start":{"line":6,"column":21},"end":{"line":6,"column":22}},"loc":{"start":{"line":6,"column":38},"end":{"line":8,"column":3}},"line":6},"3":{"name":"(anonymous_3)","decl":{"start":{"line":10,"column":24},"end":{"line":10,"column":25}},"loc":{"start":{"line":10,"column":47},"end":{"line":30,"column":3}},"line":10}},"branchMap":{"0":{"loc":{"start":{"line":13,"column":4},"end":{"line":29,"column":5}},"type":"if","locations":[{"start":{"line":13,"column":4},"end":{"line":29,"column":5}},{"start":{"line":13,"column":4},"end":{"line":29,"column":5}}],"line":13},"1":{"loc":{"start":{"line":18,"column":6},"end":{"line":22,"column":7}},"type":"if","locations":[{"start":{"line":18,"column":6},"end":{"line":22,"column":7}},{"start":{"line":18,"column":6},"end":{"line":22,"column":7}}],"line":18}},"s":{"0":6,"1":6,"2":1,"3":6,"4":1,"5":6,"6":1,"7":1,"8":1,"9":1,"10":1,"11":1,"12":0,"13":1,"14":0,"15":0,"16":6},"f":{"0":6,"1":1,"2":1,"3":1},"b":{"0":[1,0],"1":[1,0]},"_coverageSchema":"332fd63041d2c1bcb487cc26dd0d5f7d97098a6c","hash":"cd8b91ee7fe66c7c750d7b2480c0e6d55f2682f3"}
,"C:\\Users\\Utilizador\\Desktop\\IPCA\\Trabalho_CD-DCS\\Projeto\\ApiShareABill\\src\\services\\user.js": {"path":"C:\\Users\\Utilizador\\Desktop\\IPCA\\Trabalho_CD-DCS\\Projeto\\ApiShareABill\\src\\services\\user.js","statementMap":{"0":{"start":{"line":1,"column":15},"end":{"line":1,"column":39}},"1":{"start":{"line":2,"column":24},"end":{"line":2,"column":60}},"2":{"start":{"line":4,"column":0},"end":{"line":45,"column":2}},"3":{"start":{"line":5,"column":18},"end":{"line":7,"column":3}},"4":{"start":{"line":6,"column":4},"end":{"line":6,"column":59}},"5":{"start":{"line":9,"column":18},"end":{"line":11,"column":3}},"6":{"start":{"line":10,"column":4},"end":{"line":10,"column":49}},"7":{"start":{"line":13,"column":20},"end":{"line":15,"column":3}},"8":{"start":{"line":14,"column":4},"end":{"line":14,"column":62}},"9":{"start":{"line":17,"column":24},"end":{"line":20,"column":3}},"10":{"start":{"line":18,"column":17},"end":{"line":18,"column":39}},"11":{"start":{"line":19,"column":4},"end":{"line":19,"column":41}},"12":{"start":{"line":22,"column":19},"end":{"line":29,"column":3}},"13":{"start":{"line":23,"column":4},"end":{"line":23,"column":83}},"14":{"start":{"line":23,"column":20},"end":{"line":23,"column":83}},"15":{"start":{"line":24,"column":4},"end":{"line":24,"column":85}},"16":{"start":{"line":24,"column":21},"end":{"line":24,"column":85}},"17":{"start":{"line":25,"column":4},"end":{"line":25,"column":91}},"18":{"start":{"line":25,"column":24},"end":{"line":25,"column":91}},"19":{"start":{"line":27,"column":19},"end":{"line":27,"column":55}},"20":{"start":{"line":28,"column":4},"end":{"line":28,"column":65}},"21":{"start":{"line":28,"column":16},"end":{"line":28,"column":65}},"22":{"start":{"line":31,"column":15},"end":{"line":35,"column":3}},"23":{"start":{"line":32,"column":20},"end":{"line":32,"column":31}},"24":{"start":{"line":33,"column":4},"end":{"line":33,"column":52}},"25":{"start":{"line":34,"column":4},"end":{"line":34,"column":74}},"26":{"start":{"line":37,"column":19},"end":{"line":40,"column":3}},"27":{"start":{"line":38,"column":4},"end":{"line":38,"column":24}},"28":{"start":{"line":39,"column":4},"end":{"line":39,"column":49}},"29":{"start":{"line":42,"column":2},"end":{"line":44,"column":4}}},"fnMap":{"0":{"name":"(anonymous_0)","decl":{"start":{"line":4,"column":17},"end":{"line":4,"column":18}},"loc":{"start":{"line":4,"column":26},"end":{"line":45,"column":1}},"line":4},"1":{"name":"(anonymous_1)","decl":{"start":{"line":5,"column":18},"end":{"line":5,"column":19}},"loc":{"start":{"line":5,"column":24},"end":{"line":7,"column":3}},"line":5},"2":{"name":"(anonymous_2)","decl":{"start":{"line":9,"column":18},"end":{"line":9,"column":19}},"loc":{"start":{"line":9,"column":30},"end":{"line":11,"column":3}},"line":9},"3":{"name":"(anonymous_3)","decl":{"start":{"line":13,"column":20},"end":{"line":13,"column":21}},"loc":{"start":{"line":13,"column":30},"end":{"line":15,"column":3}},"line":13},"4":{"name":"(anonymous_4)","decl":{"start":{"line":17,"column":24},"end":{"line":17,"column":25}},"loc":{"start":{"line":17,"column":36},"end":{"line":20,"column":3}},"line":17},"5":{"name":"(anonymous_5)","decl":{"start":{"line":22,"column":19},"end":{"line":22,"column":20}},"loc":{"start":{"line":22,"column":35},"end":{"line":29,"column":3}},"line":22},"6":{"name":"(anonymous_6)","decl":{"start":{"line":31,"column":15},"end":{"line":31,"column":16}},"loc":{"start":{"line":31,"column":31},"end":{"line":35,"column":3}},"line":31},"7":{"name":"(anonymous_7)","decl":{"start":{"line":37,"column":19},"end":{"line":37,"column":20}},"loc":{"start":{"line":37,"column":31},"end":{"line":40,"column":3}},"line":37}},"branchMap":{"0":{"loc":{"start":{"line":23,"column":4},"end":{"line":23,"column":83}},"type":"if","locations":[{"start":{"line":23,"column":4},"end":{"line":23,"column":83}},{"start":{"line":23,"column":4},"end":{"line":23,"column":83}}],"line":23},"1":{"loc":{"start":{"line":24,"column":4},"end":{"line":24,"column":85}},"type":"if","locations":[{"start":{"line":24,"column":4},"end":{"line":24,"column":85}},{"start":{"line":24,"column":4},"end":{"line":24,"column":85}}],"line":24},"2":{"loc":{"start":{"line":25,"column":4},"end":{"line":25,"column":91}},"type":"if","locations":[{"start":{"line":25,"column":4},"end":{"line":25,"column":91}},{"start":{"line":25,"column":4},"end":{"line":25,"column":91}}],"line":25},"3":{"loc":{"start":{"line":28,"column":4},"end":{"line":28,"column":65}},"type":"if","locations":[{"start":{"line":28,"column":4},"end":{"line":28,"column":65}},{"start":{"line":28,"column":4},"end":{"line":28,"column":65}}],"line":28}},"s":{"0":6,"1":6,"2":6,"3":6,"4":1,"5":6,"6":45,"7":6,"8":1,"9":6,"10":5,"11":5,"12":6,"13":6,"14":1,"15":5,"16":1,"17":4,"18":1,"19":3,"20":3,"21":1,"22":6,"23":5,"24":5,"25":5,"26":6,"27":0,"28":0,"29":6},"f":{"0":6,"1":1,"2":45,"3":1,"4":5,"5":6,"6":5,"7":0},"b":{"0":[1,5],"1":[1,4],"2":[1,3],"3":[1,2]},"_coverageSchema":"332fd63041d2c1bcb487cc26dd0d5f7d97098a6c","hash":"3e6b02a9f898dd25422727b7a58db514e8aa45a8"}
}
