{"C:\\Users\\Utilizador\\Desktop\\IPCA\\Trabalho_CD-DCS\\Projeto\\ApiShareABill\\knexfile.js": {"path":"C:\\Users\\Utilizador\\Desktop\\IPCA\\Trabalho_CD-DCS\\Projeto\\ApiShareABill\\knexfile.js","statementMap":{"0":{"start":{"line":1,"column":0},"end":{"line":23,"column":2}}},"fnMap":{},"branchMap":{},"s":{"0":6},"f":{},"b":{},"_coverageSchema":"332fd63041d2c1bcb487cc26dd0d5f7d97098a6c","hash":"eaffd2a6186863f6421314f24a81aae3e2925c4b"}
,"C:\\Users\\Utilizador\\Desktop\\IPCA\\Trabalho_CD-DCS\\Projeto\\ApiShareABill\\src\\app.js": {"path":"C:\\Users\\Utilizador\\Desktop\\IPCA\\Trabalho_CD-DCS\\Projeto\\ApiShareABill\\src\\app.js","statementMap":{"0":{"start":{"line":1,"column":12},"end":{"line":1,"column":32}},"1":{"start":{"line":2,"column":16},"end":{"line":2,"column":34}},"2":{"start":{"line":4,"column":13},"end":{"line":4,"column":28}},"3":{"start":{"line":5,"column":17},"end":{"line":5,"column":39}},"4":{"start":{"line":6,"column":0},"end":{"line":6,"column":29}},"5":{"start":{"line":8,"column":0},"end":{"line":14,"column":15}},"6":{"start":{"line":16,"column":0},"end":{"line":18,"column":3}},"7":{"start":{"line":17,"column":4},"end":{"line":17,"column":27}},"8":{"start":{"line":21,"column":0},"end":{"line":26,"column":3}},"9":{"start":{"line":22,"column":37},"end":{"line":22,"column":40}},"10":{"start":{"line":23,"column":4},"end":{"line":24,"column":58}},"11":{"start":{"line":23,"column":37},"end":{"line":23,"column":78}},"12":{"start":{"line":24,"column":11},"end":{"line":24,"column":56}},"13":{"start":{"line":25,"column":4},"end":{"line":25,"column":14}},"14":{"start":{"line":28,"column":0},"end":{"line":28,"column":21}}},"fnMap":{"0":{"name":"(anonymous_0)","decl":{"start":{"line":16,"column":13},"end":{"line":16,"column":14}},"loc":{"start":{"line":16,"column":27},"end":{"line":18,"column":1}},"line":16},"1":{"name":"(anonymous_1)","decl":{"start":{"line":21,"column":8},"end":{"line":21,"column":9}},"loc":{"start":{"line":21,"column":33},"end":{"line":26,"column":1}},"line":21}},"branchMap":{"0":{"loc":{"start":{"line":23,"column":4},"end":{"line":24,"column":58}},"type":"if","locations":[{"start":{"line":23,"column":4},"end":{"line":24,"column":58}},{"start":{"line":23,"column":4},"end":{"line":24,"column":58}}],"line":23}},"s":{"0":6,"1":6,"2":6,"3":6,"4":6,"5":6,"6":6,"7":1,"8":6,"9":13,"10":13,"11":13,"12":0,"13":13,"14":6},"f":{"0":1,"1":13},"b":{"0":[13,0]},"_coverageSchema":"332fd63041d2c1bcb487cc26dd0d5f7d97098a6c","hash":"675b0560ea1758c094ed10fed2c9051b32fe5962"}
,"C:\\Users\\Utilizador\\Desktop\\IPCA\\Trabalho_CD-DCS\\Projeto\\ApiShareABill\\src\\config\\middlewares.js": {"path":"C:\\Users\\Utilizador\\Desktop\\IPCA\\Trabalho_CD-DCS\\Projeto\\ApiShareABill\\src\\config\\middlewares.js","statementMap":{"0":{"start":{"line":1,"column":17},"end":{"line":1,"column":39}},"1":{"start":{"line":3,"column":0},"end":{"line":5,"column":1}},"2":{"start":{"line":4,"column":4},"end":{"line":4,"column":31}}},"fnMap":{"0":{"name":"(anonymous_0)","decl":{"start":{"line":3,"column":15},"end":{"line":3,"column":16}},"loc":{"start":{"line":3,"column":22},"end":{"line":5,"column":1}},"line":3}},"branchMap":{},"s":{"0":6,"1":6,"2":6},"f":{"0":6},"b":{},"_coverageSchema":"332fd63041d2c1bcb487cc26dd0d5f7d97098a6c","hash":"0eb77e9140c7b82b4268f772fd96647498780727"}
,"C:\\Users\\Utilizador\\Desktop\\IPCA\\Trabalho_CD-DCS\\Projeto\\ApiShareABill\\src\\config\\passport.js": {"path":"C:\\Users\\Utilizador\\Desktop\\IPCA\\Trabalho_CD-DCS\\Projeto\\ApiShareABill\\src\\config\\passport.js","statementMap":{"0":{"start":{"line":1,"column":17},"end":{"line":1,"column":36}},"1":{"start":{"line":2,"column":20},"end":{"line":2,"column":43}},"2":{"start":{"line":4,"column":15},"end":{"line":4,"column":32}},"3":{"start":{"line":6,"column":33},"end":{"line":6,"column":44}},"4":{"start":{"line":8,"column":0},"end":{"line":27,"column":2}},"5":{"start":{"line":9,"column":19},"end":{"line":12,"column":5}},"6":{"start":{"line":14,"column":21},"end":{"line":20,"column":6}},"7":{"start":{"line":15,"column":8},"end":{"line":19,"column":48}},"8":{"start":{"line":17,"column":16},"end":{"line":18,"column":39}},"9":{"start":{"line":17,"column":26},"end":{"line":17,"column":53}},"10":{"start":{"line":18,"column":21},"end":{"line":18,"column":39}},"11":{"start":{"line":19,"column":30},"end":{"line":19,"column":46}},"12":{"start":{"line":22,"column":4},"end":{"line":22,"column":27}},"13":{"start":{"line":24,"column":4},"end":{"line":26,"column":6}},"14":{"start":{"line":25,"column":28},"end":{"line":25,"column":75}}},"fnMap":{"0":{"name":"(anonymous_0)","decl":{"start":{"line":8,"column":17},"end":{"line":8,"column":18}},"loc":{"start":{"line":8,"column":26},"end":{"line":27,"column":1}},"line":8},"1":{"name":"(anonymous_1)","decl":{"start":{"line":14,"column":42},"end":{"line":14,"column":43}},"loc":{"start":{"line":14,"column":61},"end":{"line":20,"column":5}},"line":14},"2":{"name":"(anonymous_2)","decl":{"start":{"line":16,"column":18},"end":{"line":16,"column":19}},"loc":{"start":{"line":16,"column":28},"end":{"line":19,"column":13}},"line":16},"3":{"name":"(anonymous_3)","decl":{"start":{"line":19,"column":21},"end":{"line":19,"column":22}},"loc":{"start":{"line":19,"column":30},"end":{"line":19,"column":46}},"line":19},"4":{"name":"(anonymous_4)","decl":{"start":{"line":25,"column":22},"end":{"line":25,"column":23}},"loc":{"start":{"line":25,"column":28},"end":{"line":25,"column":75}},"line":25}},"branchMap":{"0":{"loc":{"start":{"line":17,"column":16},"end":{"line":18,"column":39}},"type":"if","locations":[{"start":{"line":17,"column":16},"end":{"line":18,"column":39}},{"start":{"line":17,"column":16},"end":{"line":18,"column":39}}],"line":17}},"s":{"0":6,"1":6,"2":6,"3":6,"4":6,"5":6,"6":6,"7":35,"8":35,"9":35,"10":0,"11":0,"12":6,"13":6,"14":6},"f":{"0":6,"1":35,"2":35,"3":0,"4":6},"b":{"0":[35,0]},"_coverageSchema":"332fd63041d2c1bcb487cc26dd0d5f7d97098a6c","hash":"8e3201d26e6c44aed86d236eece5a9fdbef0b4e4"}
,"C:\\Users\\Utilizador\\Desktop\\IPCA\\Trabalho_CD-DCS\\Projeto\\ApiShareABill\\src\\config\\router.js": {"path":"C:\\Users\\Utilizador\\Desktop\\IPCA\\Trabalho_CD-DCS\\Projeto\\ApiShareABill\\src\\config\\router.js","statementMap":{"0":{"start":{"line":1,"column":16},"end":{"line":1,"column":34}},"1":{"start":{"line":3,"column":0},"end":{"line":16,"column":2}},"2":{"start":{"line":4,"column":4},"end":{"line":4,"column":39}},"3":{"start":{"line":6,"column":25},"end":{"line":6,"column":41}},"4":{"start":{"line":8,"column":4},"end":{"line":8,"column":49}},"5":{"start":{"line":9,"column":4},"end":{"line":9,"column":52}},"6":{"start":{"line":10,"column":4},"end":{"line":10,"column":50}},"7":{"start":{"line":11,"column":4},"end":{"line":11,"column":55}},"8":{"start":{"line":12,"column":4},"end":{"line":12,"column":67}},"9":{"start":{"line":13,"column":4},"end":{"line":13,"column":63}},"10":{"start":{"line":15,"column":4},"end":{"line":15,"column":69}}},"fnMap":{"0":{"name":"(anonymous_0)","decl":{"start":{"line":3,"column":17},"end":{"line":3,"column":18}},"loc":{"start":{"line":3,"column":26},"end":{"line":16,"column":1}},"line":3}},"branchMap":{},"s":{"0":6,"1":6,"2":6,"3":6,"4":6,"5":6,"6":6,"7":6,"8":6,"9":6,"10":6},"f":{"0":6},"b":{},"_coverageSchema":"332fd63041d2c1bcb487cc26dd0d5f7d97098a6c","hash":"fc15c8600be3a592df706b3e6bb88b6e63eaf307"}
,"C:\\Users\\Utilizador\\Desktop\\IPCA\\Trabalho_CD-DCS\\Projeto\\ApiShareABill\\src\\errors\\validationError.js": {"path":"C:\\Users\\Utilizador\\Desktop\\IPCA\\Trabalho_CD-DCS\\Projeto\\ApiShareABill\\src\\errors\\validationError.js","statementMap":{"0":{"start":{"line":1,"column":0},"end":{"line":4,"column":1}},"1":{"start":{"line":2,"column":4},"end":{"line":2,"column":32}},"2":{"start":{"line":3,"column":4},"end":{"line":3,"column":25}}},"fnMap":{"0":{"name":"validationError","decl":{"start":{"line":1,"column":24},"end":{"line":1,"column":39}},"loc":{"start":{"line":1,"column":48},"end":{"line":4,"column":1}},"line":1}},"branchMap":{},"s":{"0":6,"1":13,"2":13},"f":{"0":13},"b":{},"_coverageSchema":"332fd63041d2c1bcb487cc26dd0d5f7d97098a6c","hash":"a3ef06c1bf2765f39b90b1869097fba676591f9a"}
,"C:\\Users\\Utilizador\\Desktop\\IPCA\\Trabalho_CD-DCS\\Projeto\\ApiShareABill\\src\\routes\\auths.js": {"path":"C:\\Users\\Utilizador\\Desktop\\IPCA\\Trabalho_CD-DCS\\Projeto\\ApiShareABill\\src\\routes\\auths.js","statementMap":{"0":{"start":{"line":1,"column":16},"end":{"line":1,"column":34}},"1":{"start":{"line":2,"column":10},"end":{"line":2,"column":31}},"2":{"start":{"line":3,"column":13},"end":{"line":3,"column":37}},"3":{"start":{"line":4,"column":22},"end":{"line":4,"column":58}},"4":{"start":{"line":6,"column":13},"end":{"line":6,"column":30}},"5":{"start":{"line":8,"column":0},"end":{"line":37,"column":2}},"6":{"start":{"line":9,"column":19},"end":{"line":9,"column":35}},"7":{"start":{"line":11,"column":4},"end":{"line":25,"column":7}},"8":{"start":{"line":12,"column":8},"end":{"line":24,"column":35}},"9":{"start":{"line":14,"column":12},"end":{"line":14,"column":78}},"10":{"start":{"line":14,"column":23},"end":{"line":14,"column":78}},"11":{"start":{"line":15,"column":12},"end":{"line":23,"column":71}},"12":{"start":{"line":16,"column":30},"end":{"line":20,"column":17}},"13":{"start":{"line":21,"column":28},"end":{"line":21,"column":54}},"14":{"start":{"line":22,"column":16},"end":{"line":22,"column":48}},"15":{"start":{"line":23,"column":19},"end":{"line":23,"column":71}},"16":{"start":{"line":24,"column":24},"end":{"line":24,"column":33}},"17":{"start":{"line":27,"column":4},"end":{"line":34,"column":7}},"18":{"start":{"line":28,"column":8},"end":{"line":33,"column":9}},"19":{"start":{"line":29,"column":27},"end":{"line":29,"column":65}},"20":{"start":{"line":30,"column":12},"end":{"line":30,"column":51}},"21":{"start":{"line":32,"column":12},"end":{"line":32,"column":29}},"22":{"start":{"line":36,"column":4},"end":{"line":36,"column":18}}},"fnMap":{"0":{"name":"(anonymous_0)","decl":{"start":{"line":8,"column":15},"end":{"line":8,"column":16}},"loc":{"start":{"line":8,"column":22},"end":{"line":37,"column":1}},"line":8},"1":{"name":"(anonymous_1)","decl":{"start":{"line":11,"column":27},"end":{"line":11,"column":28}},"loc":{"start":{"line":11,"column":47},"end":{"line":25,"column":5}},"line":11},"2":{"name":"(anonymous_2)","decl":{"start":{"line":13,"column":14},"end":{"line":13,"column":15}},"loc":{"start":{"line":13,"column":22},"end":{"line":24,"column":9}},"line":13},"3":{"name":"(anonymous_3)","decl":{"start":{"line":24,"column":17},"end":{"line":24,"column":18}},"loc":{"start":{"line":24,"column":24},"end":{"line":24,"column":33}},"line":24},"4":{"name":"(anonymous_4)","decl":{"start":{"line":27,"column":27},"end":{"line":27,"column":28}},"loc":{"start":{"line":27,"column":52},"end":{"line":34,"column":5}},"line":27}},"branchMap":{"0":{"loc":{"start":{"line":14,"column":12},"end":{"line":14,"column":78}},"type":"if","locations":[{"start":{"line":14,"column":12},"end":{"line":14,"column":78}},{"start":{"line":14,"column":12},"end":{"line":14,"column":78}}],"line":14},"1":{"loc":{"start":{"line":15,"column":12},"end":{"line":23,"column":71}},"type":"if","locations":[{"start":{"line":15,"column":12},"end":{"line":23,"column":71}},{"start":{"line":15,"column":12},"end":{"line":23,"column":71}}],"line":15}},"s":{"0":6,"1":6,"2":6,"3":6,"4":6,"5":6,"6":6,"7":6,"8":3,"9":3,"10":1,"11":2,"12":1,"13":1,"14":1,"15":1,"16":2,"17":6,"18":1,"19":1,"20":1,"21":0,"22":6},"f":{"0":6,"1":3,"2":3,"3":2,"4":1},"b":{"0":[1,2],"1":[1,1]},"_coverageSchema":"332fd63041d2c1bcb487cc26dd0d5f7d97098a6c","hash":"7b352fd6f908e72444224fad421c3a9f3b387224"}
,"C:\\Users\\Utilizador\\Desktop\\IPCA\\Trabalho_CD-DCS\\Projeto\\ApiShareABill\\src\\routes\\expenses.js": {"path":"C:\\Users\\Utilizador\\Desktop\\IPCA\\Trabalho_CD-DCS\\Projeto\\ApiShareABill\\src\\routes\\expenses.js","statementMap":{"0":{"start":{"line":1,"column":16},"end":{"line":1,"column":34}},"1":{"start":{"line":3,"column":0},"end":{"line":47,"column":2}},"2":{"start":{"line":4,"column":19},"end":{"line":4,"column":35}},"3":{"start":{"line":6,"column":21},"end":{"line":10,"column":5}},"4":{"start":{"line":7,"column":8},"end":{"line":9,"column":35}},"5":{"start":{"line":8,"column":18},"end":{"line":8,"column":24}},"6":{"start":{"line":9,"column":24},"end":{"line":9,"column":33}},"7":{"start":{"line":12,"column":4},"end":{"line":16,"column":7}},"8":{"start":{"line":13,"column":8},"end":{"line":15,"column":35}},"9":{"start":{"line":14,"column":26},"end":{"line":14,"column":54}},"10":{"start":{"line":15,"column":24},"end":{"line":15,"column":33}},"11":{"start":{"line":18,"column":4},"end":{"line":24,"column":7}},"12":{"start":{"line":19,"column":8},"end":{"line":23,"column":36}},"13":{"start":{"line":22,"column":11},"end":{"line":22,"column":47}},"14":{"start":{"line":23,"column":25},"end":{"line":23,"column":34}},"15":{"start":{"line":26,"column":4},"end":{"line":30,"column":7}},"16":{"start":{"line":27,"column":8},"end":{"line":29,"column":35}},"17":{"start":{"line":28,"column":26},"end":{"line":28,"column":57}},"18":{"start":{"line":29,"column":24},"end":{"line":29,"column":33}},"19":{"start":{"line":32,"column":4},"end":{"line":36,"column":7}},"20":{"start":{"line":33,"column":8},"end":{"line":35,"column":38}},"21":{"start":{"line":34,"column":29},"end":{"line":34,"column":60}},"22":{"start":{"line":35,"column":27},"end":{"line":35,"column":36}},"23":{"start":{"line":38,"column":4},"end":{"line":42,"column":7}},"24":{"start":{"line":39,"column":8},"end":{"line":41,"column":34}},"25":{"start":{"line":40,"column":19},"end":{"line":40,"column":41}},"26":{"start":{"line":41,"column":23},"end":{"line":41,"column":32}},"27":{"start":{"line":45,"column":4},"end":{"line":45,"column":18}}},"fnMap":{"0":{"name":"(anonymous_0)","decl":{"start":{"line":3,"column":17},"end":{"line":3,"column":18}},"loc":{"start":{"line":3,"column":26},"end":{"line":47,"column":1}},"line":3},"1":{"name":"(anonymous_1)","decl":{"start":{"line":6,"column":21},"end":{"line":6,"column":22}},"loc":{"start":{"line":6,"column":39},"end":{"line":10,"column":5}},"line":6},"2":{"name":"(anonymous_2)","decl":{"start":{"line":8,"column":14},"end":{"line":8,"column":15}},"loc":{"start":{"line":8,"column":18},"end":{"line":8,"column":24}},"line":8},"3":{"name":"(anonymous_3)","decl":{"start":{"line":9,"column":15},"end":{"line":9,"column":16}},"loc":{"start":{"line":9,"column":24},"end":{"line":9,"column":33}},"line":9},"4":{"name":"(anonymous_4)","decl":{"start":{"line":12,"column":20},"end":{"line":12,"column":21}},"loc":{"start":{"line":12,"column":40},"end":{"line":16,"column":5}},"line":12},"5":{"name":"(anonymous_5)","decl":{"start":{"line":14,"column":14},"end":{"line":14,"column":15}},"loc":{"start":{"line":14,"column":26},"end":{"line":14,"column":54}},"line":14},"6":{"name":"(anonymous_6)","decl":{"start":{"line":15,"column":15},"end":{"line":15,"column":16}},"loc":{"start":{"line":15,"column":24},"end":{"line":15,"column":33}},"line":15},"7":{"name":"(anonymous_7)","decl":{"start":{"line":18,"column":22},"end":{"line":18,"column":23}},"loc":{"start":{"line":18,"column":40},"end":{"line":24,"column":5}},"line":18},"8":{"name":"(anonymous_8)","decl":{"start":{"line":20,"column":14},"end":{"line":20,"column":15}},"loc":{"start":{"line":20,"column":25},"end":{"line":23,"column":9}},"line":20},"9":{"name":"(anonymous_9)","decl":{"start":{"line":23,"column":17},"end":{"line":23,"column":18}},"loc":{"start":{"line":23,"column":25},"end":{"line":23,"column":34}},"line":23},"10":{"name":"(anonymous_10)","decl":{"start":{"line":26,"column":30},"end":{"line":26,"column":31}},"loc":{"start":{"line":26,"column":50},"end":{"line":30,"column":5}},"line":26},"11":{"name":"(anonymous_11)","decl":{"start":{"line":28,"column":14},"end":{"line":28,"column":15}},"loc":{"start":{"line":28,"column":26},"end":{"line":28,"column":57}},"line":28},"12":{"name":"(anonymous_12)","decl":{"start":{"line":29,"column":15},"end":{"line":29,"column":16}},"loc":{"start":{"line":29,"column":24},"end":{"line":29,"column":33}},"line":29},"13":{"name":"(anonymous_13)","decl":{"start":{"line":32,"column":22},"end":{"line":32,"column":23}},"loc":{"start":{"line":32,"column":39},"end":{"line":36,"column":5}},"line":32},"14":{"name":"(anonymous_14)","decl":{"start":{"line":34,"column":18},"end":{"line":34,"column":19}},"loc":{"start":{"line":34,"column":29},"end":{"line":34,"column":60}},"line":34},"15":{"name":"(anonymous_15)","decl":{"start":{"line":35,"column":19},"end":{"line":35,"column":20}},"loc":{"start":{"line":35,"column":27},"end":{"line":35,"column":36}},"line":35},"16":{"name":"(anonymous_16)","decl":{"start":{"line":38,"column":25},"end":{"line":38,"column":26}},"loc":{"start":{"line":38,"column":43},"end":{"line":42,"column":5}},"line":38},"17":{"name":"(anonymous_17)","decl":{"start":{"line":40,"column":14},"end":{"line":40,"column":15}},"loc":{"start":{"line":40,"column":19},"end":{"line":40,"column":41}},"line":40},"18":{"name":"(anonymous_18)","decl":{"start":{"line":41,"column":15},"end":{"line":41,"column":16}},"loc":{"start":{"line":41,"column":23},"end":{"line":41,"column":32}},"line":41}},"branchMap":{},"s":{"0":6,"1":6,"2":6,"3":6,"4":5,"5":1,"6":4,"7":6,"8":1,"9":1,"10":0,"11":6,"12":1,"13":1,"14":0,"15":6,"16":1,"17":1,"18":0,"19":6,"20":1,"21":1,"22":0,"23":6,"24":1,"25":1,"26":0,"27":6},"f":{"0":6,"1":5,"2":1,"3":4,"4":1,"5":1,"6":0,"7":1,"8":1,"9":0,"10":1,"11":1,"12":0,"13":1,"14":1,"15":0,"16":1,"17":1,"18":0},"b":{},"_coverageSchema":"332fd63041d2c1bcb487cc26dd0d5f7d97098a6c","hash":"27eda150c32c350fdc3072064972b190fa7c39d5"}
,"C:\\Users\\Utilizador\\Desktop\\IPCA\\Trabalho_CD-DCS\\Projeto\\ApiShareABill\\src\\routes\\friends.js": {"path":"C:\\Users\\Utilizador\\Desktop\\IPCA\\Trabalho_CD-DCS\\Projeto\\ApiShareABill\\src\\routes\\friends.js","statementMap":{"0":{"start":{"line":1,"column":16},"end":{"line":1,"column":34}},"1":{"start":{"line":2,"column":12},"end":{"line":2,"column":43}},"2":{"start":{"line":4,"column":0},"end":{"line":40,"column":2}},"3":{"start":{"line":5,"column":19},"end":{"line":5,"column":35}},"4":{"start":{"line":7,"column":4},"end":{"line":17,"column":7}},"5":{"start":{"line":8,"column":8},"end":{"line":16,"column":9}},"6":{"start":{"line":9,"column":12},"end":{"line":11,"column":39}},"7":{"start":{"line":10,"column":30},"end":{"line":10,"column":58}},"8":{"start":{"line":11,"column":28},"end":{"line":11,"column":37}},"9":{"start":{"line":13,"column":12},"end":{"line":15,"column":39}},"10":{"start":{"line":14,"column":30},"end":{"line":14,"column":58}},"11":{"start":{"line":15,"column":28},"end":{"line":15,"column":37}},"12":{"start":{"line":19,"column":4},"end":{"line":23,"column":6}},"13":{"start":{"line":20,"column":8},"end":{"line":22,"column":35}},"14":{"start":{"line":21,"column":26},"end":{"line":21,"column":54}},"15":{"start":{"line":22,"column":24},"end":{"line":22,"column":33}},"16":{"start":{"line":25,"column":4},"end":{"line":30,"column":7}},"17":{"start":{"line":26,"column":23},"end":{"line":26,"column":38}},"18":{"start":{"line":27,"column":8},"end":{"line":29,"column":35}},"19":{"start":{"line":28,"column":26},"end":{"line":28,"column":57}},"20":{"start":{"line":29,"column":24},"end":{"line":29,"column":33}},"21":{"start":{"line":32,"column":4},"end":{"line":36,"column":6}},"22":{"start":{"line":33,"column":8},"end":{"line":35,"column":35}},"23":{"start":{"line":34,"column":20},"end":{"line":34,"column":42}},"24":{"start":{"line":35,"column":24},"end":{"line":35,"column":33}},"25":{"start":{"line":38,"column":4},"end":{"line":38,"column":17}}},"fnMap":{"0":{"name":"(anonymous_0)","decl":{"start":{"line":4,"column":17},"end":{"line":4,"column":18}},"loc":{"start":{"line":4,"column":26},"end":{"line":40,"column":1}},"line":4},"1":{"name":"(anonymous_1)","decl":{"start":{"line":7,"column":20},"end":{"line":7,"column":21}},"loc":{"start":{"line":7,"column":40},"end":{"line":17,"column":5}},"line":7},"2":{"name":"(anonymous_2)","decl":{"start":{"line":10,"column":18},"end":{"line":10,"column":19}},"loc":{"start":{"line":10,"column":30},"end":{"line":10,"column":58}},"line":10},"3":{"name":"(anonymous_3)","decl":{"start":{"line":11,"column":19},"end":{"line":11,"column":20}},"loc":{"start":{"line":11,"column":28},"end":{"line":11,"column":37}},"line":11},"4":{"name":"(anonymous_4)","decl":{"start":{"line":14,"column":18},"end":{"line":14,"column":19}},"loc":{"start":{"line":14,"column":30},"end":{"line":14,"column":58}},"line":14},"5":{"name":"(anonymous_5)","decl":{"start":{"line":15,"column":19},"end":{"line":15,"column":20}},"loc":{"start":{"line":15,"column":28},"end":{"line":15,"column":37}},"line":15},"6":{"name":"(anonymous_6)","decl":{"start":{"line":19,"column":23},"end":{"line":19,"column":24}},"loc":{"start":{"line":19,"column":43},"end":{"line":23,"column":5}},"line":19},"7":{"name":"(anonymous_7)","decl":{"start":{"line":21,"column":14},"end":{"line":21,"column":15}},"loc":{"start":{"line":21,"column":26},"end":{"line":21,"column":54}},"line":21},"8":{"name":"(anonymous_8)","decl":{"start":{"line":22,"column":15},"end":{"line":22,"column":16}},"loc":{"start":{"line":22,"column":24},"end":{"line":22,"column":33}},"line":22},"9":{"name":"(anonymous_9)","decl":{"start":{"line":25,"column":21},"end":{"line":25,"column":22}},"loc":{"start":{"line":25,"column":41},"end":{"line":30,"column":5}},"line":25},"10":{"name":"(anonymous_10)","decl":{"start":{"line":28,"column":14},"end":{"line":28,"column":15}},"loc":{"start":{"line":28,"column":26},"end":{"line":28,"column":57}},"line":28},"11":{"name":"(anonymous_11)","decl":{"start":{"line":29,"column":15},"end":{"line":29,"column":16}},"loc":{"start":{"line":29,"column":24},"end":{"line":29,"column":33}},"line":29},"12":{"name":"(anonymous_12)","decl":{"start":{"line":32,"column":26},"end":{"line":32,"column":27}},"loc":{"start":{"line":32,"column":46},"end":{"line":36,"column":5}},"line":32},"13":{"name":"(anonymous_13)","decl":{"start":{"line":34,"column":14},"end":{"line":34,"column":15}},"loc":{"start":{"line":34,"column":20},"end":{"line":34,"column":42}},"line":34},"14":{"name":"(anonymous_14)","decl":{"start":{"line":35,"column":15},"end":{"line":35,"column":16}},"loc":{"start":{"line":35,"column":24},"end":{"line":35,"column":33}},"line":35}},"branchMap":{"0":{"loc":{"start":{"line":8,"column":8},"end":{"line":16,"column":9}},"type":"if","locations":[{"start":{"line":8,"column":8},"end":{"line":16,"column":9}},{"start":{"line":8,"column":8},"end":{"line":16,"column":9}}],"line":8}},"s":{"0":6,"1":6,"2":6,"3":6,"4":6,"5":2,"6":1,"7":1,"8":0,"9":1,"10":1,"11":0,"12":6,"13":1,"14":1,"15":0,"16":6,"17":1,"18":1,"19":1,"20":0,"21":6,"22":1,"23":1,"24":0,"25":6},"f":{"0":6,"1":2,"2":1,"3":0,"4":1,"5":0,"6":1,"7":1,"8":0,"9":1,"10":1,"11":0,"12":1,"13":1,"14":0},"b":{"0":[1,1]},"_coverageSchema":"332fd63041d2c1bcb487cc26dd0d5f7d97098a6c","hash":"d062359274c2825436671f085114b3f381ccb446"}
,"C:\\Users\\Utilizador\\Desktop\\IPCA\\Trabalho_CD-DCS\\Projeto\\ApiShareABill\\src\\routes\\groups.js": {"path":"C:\\Users\\Utilizador\\Desktop\\IPCA\\Trabalho_CD-DCS\\Projeto\\ApiShareABill\\src\\routes\\groups.js","statementMap":{"0":{"start":{"line":1,"column":16},"end":{"line":1,"column":34}},"1":{"start":{"line":3,"column":0},"end":{"line":52,"column":2}},"2":{"start":{"line":4,"column":19},"end":{"line":4,"column":35}},"3":{"start":{"line":6,"column":4},"end":{"line":17,"column":7}},"4":{"start":{"line":7,"column":8},"end":{"line":15,"column":9}},"5":{"start":{"line":8,"column":12},"end":{"line":10,"column":37}},"6":{"start":{"line":9,"column":28},"end":{"line":9,"column":56}},"7":{"start":{"line":10,"column":26},"end":{"line":10,"column":35}},"8":{"start":{"line":12,"column":12},"end":{"line":14,"column":38}},"9":{"start":{"line":13,"column":30},"end":{"line":13,"column":58}},"10":{"start":{"line":14,"column":28},"end":{"line":14,"column":37}},"11":{"start":{"line":19,"column":4},"end":{"line":23,"column":6}},"12":{"start":{"line":20,"column":8},"end":{"line":22,"column":35}},"13":{"start":{"line":21,"column":26},"end":{"line":21,"column":57}},"14":{"start":{"line":22,"column":24},"end":{"line":22,"column":33}},"15":{"start":{"line":25,"column":21},"end":{"line":29,"column":5}},"16":{"start":{"line":26,"column":8},"end":{"line":28,"column":39}},"17":{"start":{"line":27,"column":24},"end":{"line":27,"column":30}},"18":{"start":{"line":28,"column":28},"end":{"line":28,"column":37}},"19":{"start":{"line":31,"column":4},"end":{"line":36,"column":7}},"20":{"start":{"line":32,"column":21},"end":{"line":32,"column":34}},"21":{"start":{"line":33,"column":8},"end":{"line":35,"column":35}},"22":{"start":{"line":34,"column":26},"end":{"line":34,"column":57}},"23":{"start":{"line":35,"column":24},"end":{"line":35,"column":33}},"24":{"start":{"line":38,"column":4},"end":{"line":42,"column":7}},"25":{"start":{"line":39,"column":8},"end":{"line":41,"column":35}},"26":{"start":{"line":40,"column":20},"end":{"line":40,"column":42}},"27":{"start":{"line":41,"column":24},"end":{"line":41,"column":33}},"28":{"start":{"line":44,"column":4},"end":{"line":48,"column":6}},"29":{"start":{"line":45,"column":8},"end":{"line":47,"column":39}},"30":{"start":{"line":46,"column":30},"end":{"line":46,"column":61}},"31":{"start":{"line":47,"column":28},"end":{"line":47,"column":37}},"32":{"start":{"line":50,"column":4},"end":{"line":50,"column":17}}},"fnMap":{"0":{"name":"(anonymous_0)","decl":{"start":{"line":3,"column":17},"end":{"line":3,"column":18}},"loc":{"start":{"line":3,"column":26},"end":{"line":52,"column":1}},"line":3},"1":{"name":"(anonymous_1)","decl":{"start":{"line":6,"column":20},"end":{"line":6,"column":21}},"loc":{"start":{"line":6,"column":40},"end":{"line":17,"column":5}},"line":6},"2":{"name":"(anonymous_2)","decl":{"start":{"line":9,"column":18},"end":{"line":9,"column":19}},"loc":{"start":{"line":9,"column":28},"end":{"line":9,"column":56}},"line":9},"3":{"name":"(anonymous_3)","decl":{"start":{"line":10,"column":19},"end":{"line":10,"column":20}},"loc":{"start":{"line":10,"column":26},"end":{"line":10,"column":35}},"line":10},"4":{"name":"(anonymous_4)","decl":{"start":{"line":13,"column":18},"end":{"line":13,"column":19}},"loc":{"start":{"line":13,"column":30},"end":{"line":13,"column":58}},"line":13},"5":{"name":"(anonymous_5)","decl":{"start":{"line":14,"column":19},"end":{"line":14,"column":20}},"loc":{"start":{"line":14,"column":28},"end":{"line":14,"column":37}},"line":14},"6":{"name":"(anonymous_6)","decl":{"start":{"line":19,"column":23},"end":{"line":19,"column":24}},"loc":{"start":{"line":19,"column":43},"end":{"line":23,"column":5}},"line":19},"7":{"name":"(anonymous_7)","decl":{"start":{"line":21,"column":14},"end":{"line":21,"column":15}},"loc":{"start":{"line":21,"column":26},"end":{"line":21,"column":57}},"line":21},"8":{"name":"(anonymous_8)","decl":{"start":{"line":22,"column":15},"end":{"line":22,"column":16}},"loc":{"start":{"line":22,"column":24},"end":{"line":22,"column":33}},"line":22},"9":{"name":"(anonymous_9)","decl":{"start":{"line":25,"column":21},"end":{"line":25,"column":22}},"loc":{"start":{"line":25,"column":41},"end":{"line":29,"column":5}},"line":25},"10":{"name":"(anonymous_10)","decl":{"start":{"line":27,"column":18},"end":{"line":27,"column":19}},"loc":{"start":{"line":27,"column":24},"end":{"line":27,"column":30}},"line":27},"11":{"name":"(anonymous_11)","decl":{"start":{"line":28,"column":19},"end":{"line":28,"column":20}},"loc":{"start":{"line":28,"column":28},"end":{"line":28,"column":37}},"line":28},"12":{"name":"(anonymous_12)","decl":{"start":{"line":31,"column":31},"end":{"line":31,"column":32}},"loc":{"start":{"line":31,"column":51},"end":{"line":36,"column":5}},"line":31},"13":{"name":"(anonymous_13)","decl":{"start":{"line":34,"column":14},"end":{"line":34,"column":15}},"loc":{"start":{"line":34,"column":26},"end":{"line":34,"column":57}},"line":34},"14":{"name":"(anonymous_14)","decl":{"start":{"line":35,"column":15},"end":{"line":35,"column":16}},"loc":{"start":{"line":35,"column":24},"end":{"line":35,"column":33}},"line":35},"15":{"name":"(anonymous_15)","decl":{"start":{"line":38,"column":26},"end":{"line":38,"column":27}},"loc":{"start":{"line":38,"column":46},"end":{"line":42,"column":5}},"line":38},"16":{"name":"(anonymous_16)","decl":{"start":{"line":40,"column":14},"end":{"line":40,"column":15}},"loc":{"start":{"line":40,"column":20},"end":{"line":40,"column":42}},"line":40},"17":{"name":"(anonymous_17)","decl":{"start":{"line":41,"column":15},"end":{"line":41,"column":16}},"loc":{"start":{"line":41,"column":24},"end":{"line":41,"column":33}},"line":41},"18":{"name":"(anonymous_18)","decl":{"start":{"line":44,"column":23},"end":{"line":44,"column":24}},"loc":{"start":{"line":44,"column":43},"end":{"line":48,"column":5}},"line":44},"19":{"name":"(anonymous_19)","decl":{"start":{"line":46,"column":18},"end":{"line":46,"column":19}},"loc":{"start":{"line":46,"column":30},"end":{"line":46,"column":61}},"line":46},"20":{"name":"(anonymous_20)","decl":{"start":{"line":47,"column":19},"end":{"line":47,"column":20}},"loc":{"start":{"line":47,"column":28},"end":{"line":47,"column":37}},"line":47}},"branchMap":{"0":{"loc":{"start":{"line":7,"column":8},"end":{"line":15,"column":9}},"type":"if","locations":[{"start":{"line":7,"column":8},"end":{"line":15,"column":9}},{"start":{"line":7,"column":8},"end":{"line":15,"column":9}}],"line":7}},"s":{"0":6,"1":6,"2":6,"3":6,"4":3,"5":2,"6":2,"7":0,"8":1,"9":1,"10":0,"11":6,"12":1,"13":1,"14":0,"15":6,"16":4,"17":1,"18":3,"19":6,"20":1,"21":1,"22":1,"23":0,"24":6,"25":1,"26":1,"27":0,"28":6,"29":1,"30":1,"31":0,"32":6},"f":{"0":6,"1":3,"2":2,"3":0,"4":1,"5":0,"6":1,"7":1,"8":0,"9":4,"10":1,"11":3,"12":1,"13":1,"14":0,"15":1,"16":1,"17":0,"18":1,"19":1,"20":0},"b":{"0":[2,1]},"_coverageSchema":"332fd63041d2c1bcb487cc26dd0d5f7d97098a6c","hash":"5a9841c31099e9735daf779b4b1663b680890a6c"}
,"C:\\Users\\Utilizador\\Desktop\\IPCA\\Trabalho_CD-DCS\\Projeto\\ApiShareABill\\src\\routes\\membersExpenses.js": {"path":"C:\\Users\\Utilizador\\Desktop\\IPCA\\Trabalho_CD-DCS\\Projeto\\ApiShareABill\\src\\routes\\membersExpenses.js","statementMap":{"0":{"start":{"line":1,"column":16},"end":{"line":1,"column":34}},"1":{"start":{"line":3,"column":0},"end":{"line":28,"column":2}},"2":{"start":{"line":4,"column":19},"end":{"line":4,"column":35}},"3":{"start":{"line":6,"column":4},"end":{"line":10,"column":7}},"4":{"start":{"line":7,"column":8},"end":{"line":9,"column":35}},"5":{"start":{"line":8,"column":26},"end":{"line":8,"column":57}},"6":{"start":{"line":9,"column":24},"end":{"line":9,"column":33}},"7":{"start":{"line":12,"column":4},"end":{"line":18,"column":7}},"8":{"start":{"line":13,"column":8},"end":{"line":17,"column":36}},"9":{"start":{"line":16,"column":11},"end":{"line":16,"column":47}},"10":{"start":{"line":17,"column":25},"end":{"line":17,"column":34}},"11":{"start":{"line":20,"column":4},"end":{"line":24,"column":7}},"12":{"start":{"line":21,"column":8},"end":{"line":23,"column":39}},"13":{"start":{"line":22,"column":24},"end":{"line":22,"column":46}},"14":{"start":{"line":23,"column":28},"end":{"line":23,"column":37}},"15":{"start":{"line":26,"column":4},"end":{"line":26,"column":17}}},"fnMap":{"0":{"name":"(anonymous_0)","decl":{"start":{"line":3,"column":17},"end":{"line":3,"column":18}},"loc":{"start":{"line":3,"column":26},"end":{"line":28,"column":1}},"line":3},"1":{"name":"(anonymous_1)","decl":{"start":{"line":6,"column":21},"end":{"line":6,"column":22}},"loc":{"start":{"line":6,"column":41},"end":{"line":10,"column":5}},"line":6},"2":{"name":"(anonymous_2)","decl":{"start":{"line":8,"column":14},"end":{"line":8,"column":15}},"loc":{"start":{"line":8,"column":26},"end":{"line":8,"column":57}},"line":8},"3":{"name":"(anonymous_3)","decl":{"start":{"line":9,"column":15},"end":{"line":9,"column":16}},"loc":{"start":{"line":9,"column":24},"end":{"line":9,"column":33}},"line":9},"4":{"name":"(anonymous_4)","decl":{"start":{"line":12,"column":22},"end":{"line":12,"column":23}},"loc":{"start":{"line":12,"column":40},"end":{"line":18,"column":5}},"line":12},"5":{"name":"(anonymous_5)","decl":{"start":{"line":14,"column":14},"end":{"line":14,"column":15}},"loc":{"start":{"line":14,"column":25},"end":{"line":17,"column":9}},"line":14},"6":{"name":"(anonymous_6)","decl":{"start":{"line":17,"column":17},"end":{"line":17,"column":18}},"loc":{"start":{"line":17,"column":25},"end":{"line":17,"column":34}},"line":17},"7":{"name":"(anonymous_7)","decl":{"start":{"line":20,"column":26},"end":{"line":20,"column":27}},"loc":{"start":{"line":20,"column":46},"end":{"line":24,"column":5}},"line":20},"8":{"name":"(anonymous_8)","decl":{"start":{"line":22,"column":18},"end":{"line":22,"column":19}},"loc":{"start":{"line":22,"column":24},"end":{"line":22,"column":46}},"line":22},"9":{"name":"(anonymous_9)","decl":{"start":{"line":23,"column":19},"end":{"line":23,"column":20}},"loc":{"start":{"line":23,"column":28},"end":{"line":23,"column":37}},"line":23}},"branchMap":{},"s":{"0":6,"1":6,"2":6,"3":6,"4":1,"5":1,"6":0,"7":6,"8":1,"9":1,"10":0,"11":6,"12":0,"13":0,"14":0,"15":6},"f":{"0":6,"1":1,"2":1,"3":0,"4":1,"5":1,"6":0,"7":0,"8":0,"9":0},"b":{},"_coverageSchema":"332fd63041d2c1bcb487cc26dd0d5f7d97098a6c","hash":"31127695c4ddcf3c11edde4acf68f932e5f514e1"}
,"C:\\Users\\Utilizador\\Desktop\\IPCA\\Trabalho_CD-DCS\\Projeto\\ApiShareABill\\src\\routes\\membersGroups.js": {"path":"C:\\Users\\Utilizador\\Desktop\\IPCA\\Trabalho_CD-DCS\\Projeto\\ApiShareABill\\src\\routes\\membersGroups.js","statementMap":{"0":{"start":{"line":1,"column":16},"end":{"line":1,"column":34}},"1":{"start":{"line":3,"column":0},"end":{"line":20,"column":1}},"2":{"start":{"line":4,"column":19},"end":{"line":4,"column":35}},"3":{"start":{"line":6,"column":4},"end":{"line":10,"column":7}},"4":{"start":{"line":7,"column":8},"end":{"line":9,"column":39}},"5":{"start":{"line":8,"column":30},"end":{"line":8,"column":61}},"6":{"start":{"line":9,"column":28},"end":{"line":9,"column":37}},"7":{"start":{"line":12,"column":4},"end":{"line":16,"column":6}},"8":{"start":{"line":13,"column":8},"end":{"line":15,"column":39}},"9":{"start":{"line":14,"column":24},"end":{"line":14,"column":46}},"10":{"start":{"line":15,"column":28},"end":{"line":15,"column":37}},"11":{"start":{"line":19,"column":4},"end":{"line":19,"column":17}}},"fnMap":{"0":{"name":"(anonymous_0)","decl":{"start":{"line":3,"column":17},"end":{"line":3,"column":18}},"loc":{"start":{"line":3,"column":26},"end":{"line":20,"column":1}},"line":3},"1":{"name":"(anonymous_1)","decl":{"start":{"line":6,"column":21},"end":{"line":6,"column":22}},"loc":{"start":{"line":6,"column":41},"end":{"line":10,"column":5}},"line":6},"2":{"name":"(anonymous_2)","decl":{"start":{"line":8,"column":18},"end":{"line":8,"column":19}},"loc":{"start":{"line":8,"column":30},"end":{"line":8,"column":61}},"line":8},"3":{"name":"(anonymous_3)","decl":{"start":{"line":9,"column":19},"end":{"line":9,"column":20}},"loc":{"start":{"line":9,"column":28},"end":{"line":9,"column":37}},"line":9},"4":{"name":"(anonymous_4)","decl":{"start":{"line":12,"column":23},"end":{"line":12,"column":24}},"loc":{"start":{"line":12,"column":43},"end":{"line":16,"column":5}},"line":12},"5":{"name":"(anonymous_5)","decl":{"start":{"line":14,"column":18},"end":{"line":14,"column":19}},"loc":{"start":{"line":14,"column":24},"end":{"line":14,"column":46}},"line":14},"6":{"name":"(anonymous_6)","decl":{"start":{"line":15,"column":19},"end":{"line":15,"column":20}},"loc":{"start":{"line":15,"column":28},"end":{"line":15,"column":37}},"line":15}},"branchMap":{},"s":{"0":6,"1":6,"2":6,"3":6,"4":1,"5":1,"6":0,"7":6,"8":1,"9":1,"10":0,"11":6},"f":{"0":6,"1":1,"2":1,"3":0,"4":1,"5":1,"6":0},"b":{},"_coverageSchema":"332fd63041d2c1bcb487cc26dd0d5f7d97098a6c","hash":"02578b9186a6d4c4b52258aee505b45629faf758"}
,"C:\\Users\\Utilizador\\Desktop\\IPCA\\Trabalho_CD-DCS\\Projeto\\ApiShareABill\\src\\routes\\users.js": {"path":"C:\\Users\\Utilizador\\Desktop\\IPCA\\Trabalho_CD-DCS\\Projeto\\ApiShareABill\\src\\routes\\users.js","statementMap":{"0":{"start":{"line":1,"column":16},"end":{"line":1,"column":34}},"1":{"start":{"line":3,"column":0},"end":{"line":26,"column":2}},"2":{"start":{"line":4,"column":19},"end":{"line":4,"column":35}},"3":{"start":{"line":6,"column":4},"end":{"line":10,"column":7}},"4":{"start":{"line":7,"column":8},"end":{"line":9,"column":33}},"5":{"start":{"line":8,"column":24},"end":{"line":8,"column":52}},"6":{"start":{"line":9,"column":22},"end":{"line":9,"column":31}},"7":{"start":{"line":12,"column":21},"end":{"line":16,"column":5}},"8":{"start":{"line":13,"column":8},"end":{"line":15,"column":37}},"9":{"start":{"line":14,"column":22},"end":{"line":14,"column":28}},"10":{"start":{"line":15,"column":26},"end":{"line":15,"column":35}},"11":{"start":{"line":18,"column":4},"end":{"line":23,"column":7}},"12":{"start":{"line":19,"column":21},"end":{"line":19,"column":36}},"13":{"start":{"line":20,"column":12},"end":{"line":22,"column":39}},"14":{"start":{"line":21,"column":30},"end":{"line":21,"column":61}},"15":{"start":{"line":22,"column":28},"end":{"line":22,"column":37}},"16":{"start":{"line":25,"column":4},"end":{"line":25,"column":18}}},"fnMap":{"0":{"name":"(anonymous_0)","decl":{"start":{"line":3,"column":15},"end":{"line":3,"column":16}},"loc":{"start":{"line":3,"column":22},"end":{"line":26,"column":1}},"line":3},"1":{"name":"(anonymous_1)","decl":{"start":{"line":6,"column":20},"end":{"line":6,"column":21}},"loc":{"start":{"line":6,"column":40},"end":{"line":10,"column":5}},"line":6},"2":{"name":"(anonymous_2)","decl":{"start":{"line":8,"column":14},"end":{"line":8,"column":15}},"loc":{"start":{"line":8,"column":24},"end":{"line":8,"column":52}},"line":8},"3":{"name":"(anonymous_3)","decl":{"start":{"line":9,"column":15},"end":{"line":9,"column":16}},"loc":{"start":{"line":9,"column":22},"end":{"line":9,"column":31}},"line":9},"4":{"name":"(anonymous_4)","decl":{"start":{"line":12,"column":21},"end":{"line":12,"column":22}},"loc":{"start":{"line":12,"column":41},"end":{"line":16,"column":5}},"line":12},"5":{"name":"(anonymous_5)","decl":{"start":{"line":14,"column":16},"end":{"line":14,"column":17}},"loc":{"start":{"line":14,"column":22},"end":{"line":14,"column":28}},"line":14},"6":{"name":"(anonymous_6)","decl":{"start":{"line":15,"column":17},"end":{"line":15,"column":18}},"loc":{"start":{"line":15,"column":26},"end":{"line":15,"column":35}},"line":15},"7":{"name":"(anonymous_7)","decl":{"start":{"line":18,"column":31},"end":{"line":18,"column":32}},"loc":{"start":{"line":18,"column":51},"end":{"line":23,"column":5}},"line":18},"8":{"name":"(anonymous_8)","decl":{"start":{"line":21,"column":18},"end":{"line":21,"column":19}},"loc":{"start":{"line":21,"column":30},"end":{"line":21,"column":61}},"line":21},"9":{"name":"(anonymous_9)","decl":{"start":{"line":22,"column":19},"end":{"line":22,"column":20}},"loc":{"start":{"line":22,"column":28},"end":{"line":22,"column":37}},"line":22}},"branchMap":{},"s":{"0":6,"1":6,"2":6,"3":6,"4":1,"5":1,"6":0,"7":6,"8":6,"9":2,"10":4,"11":6,"12":2,"13":2,"14":2,"15":0,"16":6},"f":{"0":6,"1":1,"2":1,"3":0,"4":6,"5":2,"6":4,"7":2,"8":2,"9":0},"b":{},"_coverageSchema":"332fd63041d2c1bcb487cc26dd0d5f7d97098a6c","hash":"aa2164bd8f7e1befae73f85b7859a5f8cbad12e7"}
,"C:\\Users\\Utilizador\\Desktop\\IPCA\\Trabalho_CD-DCS\\Projeto\\ApiShareABill\\src\\seeds\\membersGroup.js": {"path":"C:\\Users\\Utilizador\\Desktop\\IPCA\\Trabalho_CD-DCS\\Projeto\\ApiShareABill\\src\\seeds\\membersGroup.js","statementMap":{"0":{"start":{"line":1,"column":0},"end":{"line":33,"column":2}},"1":{"start":{"line":2,"column":2},"end":{"line":32,"column":7}},"2":{"start":{"line":3,"column":14},"end":{"line":3,"column":34}},"3":{"start":{"line":4,"column":16},"end":{"line":4,"column":35}},"4":{"start":{"line":5,"column":16},"end":{"line":5,"column":38}},"5":{"start":{"line":6,"column":16},"end":{"line":6,"column":37}},"6":{"start":{"line":7,"column":16},"end":{"line":7,"column":35}},"7":{"start":{"line":8,"column":16},"end":{"line":11,"column":6}},"8":{"start":{"line":12,"column":16},"end":{"line":15,"column":6}},"9":{"start":{"line":16,"column":16},"end":{"line":21,"column":6}},"10":{"start":{"line":22,"column":16},"end":{"line":24,"column":6}},"11":{"start":{"line":25,"column":16},"end":{"line":28,"column":6}},"12":{"start":{"line":29,"column":16},"end":{"line":32,"column":6}}},"fnMap":{"0":{"name":"(anonymous_0)","decl":{"start":{"line":1,"column":15},"end":{"line":1,"column":16}},"loc":{"start":{"line":1,"column":25},"end":{"line":33,"column":1}},"line":1},"1":{"name":"(anonymous_1)","decl":{"start":{"line":3,"column":8},"end":{"line":3,"column":9}},"loc":{"start":{"line":3,"column":14},"end":{"line":3,"column":34}},"line":3},"2":{"name":"(anonymous_2)","decl":{"start":{"line":4,"column":10},"end":{"line":4,"column":11}},"loc":{"start":{"line":4,"column":16},"end":{"line":4,"column":35}},"line":4},"3":{"name":"(anonymous_3)","decl":{"start":{"line":5,"column":10},"end":{"line":5,"column":11}},"loc":{"start":{"line":5,"column":16},"end":{"line":5,"column":38}},"line":5},"4":{"name":"(anonymous_4)","decl":{"start":{"line":6,"column":10},"end":{"line":6,"column":11}},"loc":{"start":{"line":6,"column":16},"end":{"line":6,"column":37}},"line":6},"5":{"name":"(anonymous_5)","decl":{"start":{"line":7,"column":10},"end":{"line":7,"column":11}},"loc":{"start":{"line":7,"column":16},"end":{"line":7,"column":35}},"line":7},"6":{"name":"(anonymous_6)","decl":{"start":{"line":8,"column":10},"end":{"line":8,"column":11}},"loc":{"start":{"line":8,"column":16},"end":{"line":11,"column":6}},"line":8},"7":{"name":"(anonymous_7)","decl":{"start":{"line":12,"column":10},"end":{"line":12,"column":11}},"loc":{"start":{"line":12,"column":16},"end":{"line":15,"column":6}},"line":12},"8":{"name":"(anonymous_8)","decl":{"start":{"line":16,"column":10},"end":{"line":16,"column":11}},"loc":{"start":{"line":16,"column":16},"end":{"line":21,"column":6}},"line":16},"9":{"name":"(anonymous_9)","decl":{"start":{"line":22,"column":10},"end":{"line":22,"column":11}},"loc":{"start":{"line":22,"column":16},"end":{"line":24,"column":6}},"line":22},"10":{"name":"(anonymous_10)","decl":{"start":{"line":25,"column":10},"end":{"line":25,"column":11}},"loc":{"start":{"line":25,"column":16},"end":{"line":28,"column":6}},"line":25},"11":{"name":"(anonymous_11)","decl":{"start":{"line":29,"column":10},"end":{"line":29,"column":11}},"loc":{"start":{"line":29,"column":16},"end":{"line":32,"column":6}},"line":29}},"branchMap":{},"s":{"0":2,"1":2,"2":2,"3":2,"4":2,"5":2,"6":2,"7":2,"8":2,"9":2,"10":2,"11":2,"12":2},"f":{"0":2,"1":2,"2":2,"3":2,"4":2,"5":2,"6":2,"7":2,"8":2,"9":2,"10":2,"11":2},"b":{},"_coverageSchema":"332fd63041d2c1bcb487cc26dd0d5f7d97098a6c","hash":"053dfd7b433ac7df5eaa52224a2106ebcdee7b1c"}
,"C:\\Users\\Utilizador\\Desktop\\IPCA\\Trabalho_CD-DCS\\Projeto\\ApiShareABill\\src\\services\\expense.js": {"path":"C:\\Users\\Utilizador\\Desktop\\IPCA\\Trabalho_CD-DCS\\Projeto\\ApiShareABill\\src\\services\\expense.js","statementMap":{"0":{"start":{"line":2,"column":24},"end":{"line":2,"column":60}},"1":{"start":{"line":3,"column":0},"end":{"line":41,"column":1}},"2":{"start":{"line":5,"column":20},"end":{"line":10,"column":5}},"3":{"start":{"line":6,"column":8},"end":{"line":6,"column":86}},"4":{"start":{"line":6,"column":24},"end":{"line":6,"column":86}},"5":{"start":{"line":7,"column":8},"end":{"line":7,"column":100}},"6":{"start":{"line":7,"column":26},"end":{"line":7,"column":100}},"7":{"start":{"line":8,"column":8},"end":{"line":8,"column":114}},"8":{"start":{"line":8,"column":24},"end":{"line":8,"column":114}},"9":{"start":{"line":9,"column":8},"end":{"line":9,"column":98}},"10":{"start":{"line":9,"column":24},"end":{"line":9,"column":98}},"11":{"start":{"line":11,"column":20},"end":{"line":13,"column":5}},"12":{"start":{"line":12,"column":8},"end":{"line":12,"column":45}},"13":{"start":{"line":15,"column":17},"end":{"line":17,"column":5}},"14":{"start":{"line":16,"column":8},"end":{"line":16,"column":55}},"15":{"start":{"line":21,"column":17},"end":{"line":25,"column":5}},"16":{"start":{"line":22,"column":8},"end":{"line":22,"column":52}},"17":{"start":{"line":23,"column":8},"end":{"line":23,"column":29}},"18":{"start":{"line":24,"column":8},"end":{"line":24,"column":98}},"19":{"start":{"line":27,"column":18},"end":{"line":31,"column":5}},"20":{"start":{"line":28,"column":8},"end":{"line":30,"column":34}},"21":{"start":{"line":33,"column":19},"end":{"line":38,"column":5}},"22":{"start":{"line":34,"column":8},"end":{"line":34,"column":61}},"23":{"start":{"line":35,"column":8},"end":{"line":37,"column":15}},"24":{"start":{"line":40,"column":4},"end":{"line":40,"column":54}}},"fnMap":{"0":{"name":"(anonymous_0)","decl":{"start":{"line":3,"column":17},"end":{"line":3,"column":18}},"loc":{"start":{"line":3,"column":26},"end":{"line":41,"column":1}},"line":3},"1":{"name":"(anonymous_1)","decl":{"start":{"line":5,"column":20},"end":{"line":5,"column":21}},"loc":{"start":{"line":5,"column":35},"end":{"line":10,"column":5}},"line":5},"2":{"name":"(anonymous_2)","decl":{"start":{"line":11,"column":20},"end":{"line":11,"column":21}},"loc":{"start":{"line":11,"column":26},"end":{"line":13,"column":5}},"line":11},"3":{"name":"(anonymous_3)","decl":{"start":{"line":15,"column":17},"end":{"line":15,"column":18}},"loc":{"start":{"line":15,"column":33},"end":{"line":17,"column":5}},"line":15},"4":{"name":"(anonymous_4)","decl":{"start":{"line":21,"column":17},"end":{"line":21,"column":18}},"loc":{"start":{"line":21,"column":36},"end":{"line":25,"column":5}},"line":21},"5":{"name":"(anonymous_5)","decl":{"start":{"line":27,"column":18},"end":{"line":27,"column":19}},"loc":{"start":{"line":27,"column":39},"end":{"line":31,"column":5}},"line":27},"6":{"name":"(anonymous_6)","decl":{"start":{"line":33,"column":19},"end":{"line":33,"column":20}},"loc":{"start":{"line":33,"column":32},"end":{"line":38,"column":5}},"line":33}},"branchMap":{"0":{"loc":{"start":{"line":6,"column":8},"end":{"line":6,"column":86}},"type":"if","locations":[{"start":{"line":6,"column":8},"end":{"line":6,"column":86}},{"start":{"line":6,"column":8},"end":{"line":6,"column":86}}],"line":6},"1":{"loc":{"start":{"line":7,"column":8},"end":{"line":7,"column":100}},"type":"if","locations":[{"start":{"line":7,"column":8},"end":{"line":7,"column":100}},{"start":{"line":7,"column":8},"end":{"line":7,"column":100}}],"line":7},"2":{"loc":{"start":{"line":8,"column":8},"end":{"line":8,"column":114}},"type":"if","locations":[{"start":{"line":8,"column":8},"end":{"line":8,"column":114}},{"start":{"line":8,"column":8},"end":{"line":8,"column":114}}],"line":8},"3":{"loc":{"start":{"line":9,"column":8},"end":{"line":9,"column":98}},"type":"if","locations":[{"start":{"line":9,"column":8},"end":{"line":9,"column":98}},{"start":{"line":9,"column":8},"end":{"line":9,"column":98}}],"line":9},"4":{"loc":{"start":{"line":15,"column":18},"end":{"line":15,"column":29}},"type":"default-arg","locations":[{"start":{"line":15,"column":27},"end":{"line":15,"column":29}}],"line":15}},"s":{"0":6,"1":6,"2":6,"3":5,"4":1,"5":4,"6":1,"7":3,"8":1,"9":2,"10":1,"11":6,"12":1,"13":6,"14":1,"15":6,"16":1,"17":1,"18":1,"19":6,"20":1,"21":6,"22":1,"23":1,"24":6},"f":{"0":6,"1":5,"2":1,"3":1,"4":1,"5":1,"6":1},"b":{"0":[1,4],"1":[1,3],"2":[1,2],"3":[1,1],"4":[0]},"_coverageSchema":"332fd63041d2c1bcb487cc26dd0d5f7d97098a6c","hash":"b9e05217d29da06bc94d117166ee3b63fb170309"}
,"C:\\Users\\Utilizador\\Desktop\\IPCA\\Trabalho_CD-DCS\\Projeto\\ApiShareABill\\src\\services\\friend.js": {"path":"C:\\Users\\Utilizador\\Desktop\\IPCA\\Trabalho_CD-DCS\\Projeto\\ApiShareABill\\src\\services\\friend.js","statementMap":{"0":{"start":{"line":1,"column":0},"end":{"line":47,"column":1}},"1":{"start":{"line":3,"column":20},"end":{"line":5,"column":5}},"2":{"start":{"line":4,"column":8},"end":{"line":4,"column":78}},"3":{"start":{"line":7,"column":20},"end":{"line":13,"column":5}},"4":{"start":{"line":8,"column":24},"end":{"line":8,"column":88}},"5":{"start":{"line":9,"column":24},"end":{"line":9,"column":88}},"6":{"start":{"line":11,"column":8},"end":{"line":12,"column":63}},"7":{"start":{"line":11,"column":34},"end":{"line":11,"column":75}},"8":{"start":{"line":12,"column":13},"end":{"line":12,"column":63}},"9":{"start":{"line":15,"column":23},"end":{"line":33,"column":5}},"10":{"start":{"line":16,"column":21},"end":{"line":16,"column":105}},"11":{"start":{"line":17,"column":24},"end":{"line":17,"column":26}},"12":{"start":{"line":18,"column":16},"end":{"line":18,"column":17}},"13":{"start":{"line":20,"column":8},"end":{"line":30,"column":9}},"14":{"start":{"line":21,"column":27},"end":{"line":23,"column":67}},"15":{"start":{"line":25,"column":12},"end":{"line":28,"column":13}},"16":{"start":{"line":26,"column":16},"end":{"line":26,"column":39}},"17":{"start":{"line":27,"column":16},"end":{"line":27,"column":26}},"18":{"start":{"line":32,"column":8},"end":{"line":32,"column":25}},"19":{"start":{"line":35,"column":17},"end":{"line":37,"column":5}},"20":{"start":{"line":36,"column":8},"end":{"line":36,"column":53}},"21":{"start":{"line":39,"column":20},"end":{"line":44,"column":5}},"22":{"start":{"line":40,"column":24},"end":{"line":40,"column":93}},"23":{"start":{"line":42,"column":8},"end":{"line":43,"column":28}},"24":{"start":{"line":42,"column":22},"end":{"line":42,"column":100}},"25":{"start":{"line":43,"column":13},"end":{"line":43,"column":28}},"26":{"start":{"line":46,"column":4},"end":{"line":46,"column":59}}},"fnMap":{"0":{"name":"(anonymous_0)","decl":{"start":{"line":1,"column":17},"end":{"line":1,"column":18}},"loc":{"start":{"line":1,"column":26},"end":{"line":47,"column":1}},"line":1},"1":{"name":"(anonymous_1)","decl":{"start":{"line":3,"column":20},"end":{"line":3,"column":21}},"loc":{"start":{"line":3,"column":32},"end":{"line":5,"column":5}},"line":3},"2":{"name":"(anonymous_2)","decl":{"start":{"line":7,"column":20},"end":{"line":7,"column":21}},"loc":{"start":{"line":7,"column":43},"end":{"line":13,"column":5}},"line":7},"3":{"name":"(anonymous_3)","decl":{"start":{"line":15,"column":23},"end":{"line":15,"column":24}},"loc":{"start":{"line":15,"column":39},"end":{"line":33,"column":5}},"line":15},"4":{"name":"(anonymous_4)","decl":{"start":{"line":35,"column":17},"end":{"line":35,"column":18}},"loc":{"start":{"line":35,"column":35},"end":{"line":37,"column":5}},"line":35},"5":{"name":"(anonymous_5)","decl":{"start":{"line":39,"column":20},"end":{"line":39,"column":21}},"loc":{"start":{"line":39,"column":43},"end":{"line":44,"column":5}},"line":39}},"branchMap":{"0":{"loc":{"start":{"line":11,"column":8},"end":{"line":12,"column":63}},"type":"if","locations":[{"start":{"line":11,"column":8},"end":{"line":12,"column":63}},{"start":{"line":11,"column":8},"end":{"line":12,"column":63}}],"line":11},"1":{"loc":{"start":{"line":11,"column":12},"end":{"line":11,"column":32}},"type":"binary-expr","locations":[{"start":{"line":11,"column":12},"end":{"line":11,"column":20}},{"start":{"line":11,"column":24},"end":{"line":11,"column":32}}],"line":11},"2":{"loc":{"start":{"line":25,"column":12},"end":{"line":28,"column":13}},"type":"if","locations":[{"start":{"line":25,"column":12},"end":{"line":28,"column":13}},{"start":{"line":25,"column":12},"end":{"line":28,"column":13}}],"line":25},"3":{"loc":{"start":{"line":42,"column":8},"end":{"line":43,"column":28}},"type":"if","locations":[{"start":{"line":42,"column":8},"end":{"line":43,"column":28}},{"start":{"line":42,"column":8},"end":{"line":43,"column":28}}],"line":42}},"s":{"0":6,"1":6,"2":1,"3":6,"4":1,"5":1,"6":1,"7":0,"8":1,"9":6,"10":1,"11":1,"12":1,"13":1,"14":1,"15":1,"16":1,"17":1,"18":1,"19":6,"20":1,"21":6,"22":1,"23":1,"24":1,"25":0,"26":6},"f":{"0":6,"1":1,"2":1,"3":1,"4":1,"5":1},"b":{"0":[0,1],"1":[1,0],"2":[1,0],"3":[1,0]},"_coverageSchema":"332fd63041d2c1bcb487cc26dd0d5f7d97098a6c","hash":"2ef12fc2417952356c1f101469a69438006f2b19"}
,"C:\\Users\\Utilizador\\Desktop\\IPCA\\Trabalho_CD-DCS\\Projeto\\ApiShareABill\\src\\services\\group.js": {"path":"C:\\Users\\Utilizador\\Desktop\\IPCA\\Trabalho_CD-DCS\\Projeto\\ApiShareABill\\src\\services\\group.js","statementMap":{"0":{"start":{"line":1,"column":24},"end":{"line":1,"column":60}},"1":{"start":{"line":3,"column":0},"end":{"line":88,"column":1}},"2":{"start":{"line":5,"column":20},"end":{"line":7,"column":5}},"3":{"start":{"line":6,"column":8},"end":{"line":6,"column":43}},"4":{"start":{"line":9,"column":20},"end":{"line":11,"column":5}},"5":{"start":{"line":10,"column":8},"end":{"line":10,"column":53}},"6":{"start":{"line":13,"column":21},"end":{"line":17,"column":5}},"7":{"start":{"line":14,"column":8},"end":{"line":14,"column":89}},"8":{"start":{"line":14,"column":25},"end":{"line":14,"column":89}},"9":{"start":{"line":15,"column":8},"end":{"line":15,"column":89}},"10":{"start":{"line":15,"column":25},"end":{"line":15,"column":89}},"11":{"start":{"line":16,"column":8},"end":{"line":16,"column":89}},"12":{"start":{"line":16,"column":26},"end":{"line":16,"column":89}},"13":{"start":{"line":19,"column":17},"end":{"line":21,"column":5}},"14":{"start":{"line":20,"column":8},"end":{"line":20,"column":45}},"15":{"start":{"line":23,"column":22},"end":{"line":26,"column":5}},"16":{"start":{"line":24,"column":26},"end":{"line":24,"column":76}},"17":{"start":{"line":25,"column":8},"end":{"line":25,"column":25}},"18":{"start":{"line":28,"column":22},"end":{"line":43,"column":5}},"19":{"start":{"line":29,"column":21},"end":{"line":29,"column":106}},"20":{"start":{"line":30,"column":24},"end":{"line":30,"column":26}},"21":{"start":{"line":31,"column":16},"end":{"line":31,"column":17}},"22":{"start":{"line":33,"column":8},"end":{"line":40,"column":9}},"23":{"start":{"line":34,"column":29},"end":{"line":34,"column":106}},"24":{"start":{"line":36,"column":12},"end":{"line":39,"column":13}},"25":{"start":{"line":37,"column":16},"end":{"line":37,"column":39}},"26":{"start":{"line":38,"column":16},"end":{"line":38,"column":20}},"27":{"start":{"line":42,"column":8},"end":{"line":42,"column":25}},"28":{"start":{"line":45,"column":24},"end":{"line":85,"column":5}},"29":{"start":{"line":46,"column":24},"end":{"line":46,"column":26}},"30":{"start":{"line":47,"column":16},"end":{"line":47,"column":17}},"31":{"start":{"line":49,"column":22},"end":{"line":49,"column":65}},"32":{"start":{"line":50,"column":8},"end":{"line":50,"column":142}},"33":{"start":{"line":51,"column":8},"end":{"line":84,"column":9}},"34":{"start":{"line":52,"column":28},"end":{"line":52,"column":80}},"35":{"start":{"line":54,"column":12},"end":{"line":80,"column":13}},"36":{"start":{"line":55,"column":16},"end":{"line":62,"column":17}},"37":{"start":{"line":56,"column":38},"end":{"line":56,"column":102}},"38":{"start":{"line":58,"column":20},"end":{"line":61,"column":21}},"39":{"start":{"line":59,"column":24},"end":{"line":59,"column":52}},"40":{"start":{"line":60,"column":24},"end":{"line":60,"column":28}},"41":{"start":{"line":64,"column":16},"end":{"line":74,"column":17}},"42":{"start":{"line":65,"column":20},"end":{"line":65,"column":76}},"43":{"start":{"line":68,"column":20},"end":{"line":70,"column":21}},"44":{"start":{"line":69,"column":24},"end":{"line":69,"column":95}},"45":{"start":{"line":71,"column":20},"end":{"line":71,"column":80}},"46":{"start":{"line":72,"column":20},"end":{"line":72,"column":85}},"47":{"start":{"line":73,"column":20},"end":{"line":73,"column":78}},"48":{"start":{"line":78,"column":16},"end":{"line":78,"column":80}},"49":{"start":{"line":79,"column":16},"end":{"line":79,"column":73}},"50":{"start":{"line":83,"column":12},"end":{"line":83,"column":78}},"51":{"start":{"line":87,"column":4},"end":{"line":87,"column":83}}},"fnMap":{"0":{"name":"(anonymous_0)","decl":{"start":{"line":3,"column":17},"end":{"line":3,"column":18}},"loc":{"start":{"line":3,"column":26},"end":{"line":88,"column":1}},"line":3},"1":{"name":"(anonymous_1)","decl":{"start":{"line":5,"column":20},"end":{"line":5,"column":21}},"loc":{"start":{"line":5,"column":26},"end":{"line":7,"column":5}},"line":5},"2":{"name":"(anonymous_2)","decl":{"start":{"line":9,"column":20},"end":{"line":9,"column":21}},"loc":{"start":{"line":9,"column":34},"end":{"line":11,"column":5}},"line":9},"3":{"name":"(anonymous_3)","decl":{"start":{"line":13,"column":21},"end":{"line":13,"column":22}},"loc":{"start":{"line":13,"column":38},"end":{"line":17,"column":5}},"line":13},"4":{"name":"(anonymous_4)","decl":{"start":{"line":19,"column":17},"end":{"line":19,"column":18}},"loc":{"start":{"line":19,"column":28},"end":{"line":21,"column":5}},"line":19},"5":{"name":"(anonymous_5)","decl":{"start":{"line":23,"column":22},"end":{"line":23,"column":23}},"loc":{"start":{"line":23,"column":37},"end":{"line":26,"column":5}},"line":23},"6":{"name":"(anonymous_6)","decl":{"start":{"line":28,"column":22},"end":{"line":28,"column":23}},"loc":{"start":{"line":28,"column":39},"end":{"line":43,"column":5}},"line":28},"7":{"name":"(anonymous_7)","decl":{"start":{"line":45,"column":24},"end":{"line":45,"column":25}},"loc":{"start":{"line":45,"column":50},"end":{"line":85,"column":5}},"line":45}},"branchMap":{"0":{"loc":{"start":{"line":14,"column":8},"end":{"line":14,"column":89}},"type":"if","locations":[{"start":{"line":14,"column":8},"end":{"line":14,"column":89}},{"start":{"line":14,"column":8},"end":{"line":14,"column":89}}],"line":14},"1":{"loc":{"start":{"line":15,"column":8},"end":{"line":15,"column":89}},"type":"if","locations":[{"start":{"line":15,"column":8},"end":{"line":15,"column":89}},{"start":{"line":15,"column":8},"end":{"line":15,"column":89}}],"line":15},"2":{"loc":{"start":{"line":16,"column":8},"end":{"line":16,"column":89}},"type":"if","locations":[{"start":{"line":16,"column":8},"end":{"line":16,"column":89}},{"start":{"line":16,"column":8},"end":{"line":16,"column":89}}],"line":16},"3":{"loc":{"start":{"line":36,"column":12},"end":{"line":39,"column":13}},"type":"if","locations":[{"start":{"line":36,"column":12},"end":{"line":39,"column":13}},{"start":{"line":36,"column":12},"end":{"line":39,"column":13}}],"line":36},"4":{"loc":{"start":{"line":51,"column":8},"end":{"line":84,"column":9}},"type":"if","locations":[{"start":{"line":51,"column":8},"end":{"line":84,"column":9}},{"start":{"line":51,"column":8},"end":{"line":84,"column":9}}],"line":51},"5":{"loc":{"start":{"line":54,"column":12},"end":{"line":80,"column":13}},"type":"if","locations":[{"start":{"line":54,"column":12},"end":{"line":80,"column":13}},{"start":{"line":54,"column":12},"end":{"line":80,"column":13}}],"line":54},"6":{"loc":{"start":{"line":58,"column":20},"end":{"line":61,"column":21}},"type":"if","locations":[{"start":{"line":58,"column":20},"end":{"line":61,"column":21}},{"start":{"line":58,"column":20},"end":{"line":61,"column":21}}],"line":58},"7":{"loc":{"start":{"line":64,"column":16},"end":{"line":74,"column":17}},"type":"if","locations":[{"start":{"line":64,"column":16},"end":{"line":74,"column":17}},{"start":{"line":64,"column":16},"end":{"line":74,"column":17}}],"line":64}},"s":{"0":6,"1":6,"2":6,"3":2,"4":6,"5":1,"6":6,"7":4,"8":1,"9":3,"10":1,"11":2,"12":1,"13":6,"14":1,"15":6,"16":1,"17":1,"18":6,"19":1,"20":1,"21":1,"22":1,"23":3,"24":3,"25":1,"26":1,"27":1,"28":6,"29":1,"30":1,"31":1,"32":1,"33":1,"34":1,"35":1,"36":0,"37":0,"38":0,"39":0,"40":0,"41":0,"42":0,"43":0,"44":0,"45":0,"46":0,"47":0,"48":1,"49":1,"50":0,"51":6},"f":{"0":6,"1":2,"2":1,"3":4,"4":1,"5":1,"6":1,"7":1},"b":{"0":[1,3],"1":[1,2],"2":[1,1],"3":[1,2],"4":[1,0],"5":[0,1],"6":[0,0],"7":[0,0]},"_coverageSchema":"332fd63041d2c1bcb487cc26dd0d5f7d97098a6c","hash":"6c901da8c498a43352f9db89673f79b385096670"}
,"C:\\Users\\Utilizador\\Desktop\\IPCA\\Trabalho_CD-DCS\\Projeto\\ApiShareABill\\src\\services\\memberExpense.js": {"path":"C:\\Users\\Utilizador\\Desktop\\IPCA\\Trabalho_CD-DCS\\Projeto\\ApiShareABill\\src\\services\\memberExpense.js","statementMap":{"0":{"start":{"line":1,"column":0},"end":{"line":19,"column":1}},"1":{"start":{"line":3,"column":17},"end":{"line":6,"column":5}},"2":{"start":{"line":5,"column":8},"end":{"line":5,"column":98}},"3":{"start":{"line":8,"column":17},"end":{"line":10,"column":5}},"4":{"start":{"line":9,"column":8},"end":{"line":9,"column":66}},"5":{"start":{"line":12,"column":19},"end":{"line":16,"column":5}},"6":{"start":{"line":13,"column":8},"end":{"line":15,"column":17}},"7":{"start":{"line":18,"column":4},"end":{"line":18,"column":33}}},"fnMap":{"0":{"name":"(anonymous_0)","decl":{"start":{"line":1,"column":17},"end":{"line":1,"column":18}},"loc":{"start":{"line":1,"column":26},"end":{"line":19,"column":1}},"line":1},"1":{"name":"(anonymous_1)","decl":{"start":{"line":3,"column":17},"end":{"line":3,"column":18}},"loc":{"start":{"line":3,"column":43},"end":{"line":6,"column":5}},"line":3},"2":{"name":"(anonymous_2)","decl":{"start":{"line":8,"column":17},"end":{"line":8,"column":18}},"loc":{"start":{"line":8,"column":33},"end":{"line":10,"column":5}},"line":8},"3":{"name":"(anonymous_3)","decl":{"start":{"line":12,"column":19},"end":{"line":12,"column":20}},"loc":{"start":{"line":12,"column":32},"end":{"line":16,"column":5}},"line":12}},"branchMap":{"0":{"loc":{"start":{"line":8,"column":18},"end":{"line":8,"column":29}},"type":"default-arg","locations":[{"start":{"line":8,"column":27},"end":{"line":8,"column":29}}],"line":8}},"s":{"0":6,"1":6,"2":1,"3":6,"4":1,"5":6,"6":0,"7":6},"f":{"0":6,"1":1,"2":1,"3":0},"b":{"0":[0]},"_coverageSchema":"332fd63041d2c1bcb487cc26dd0d5f7d97098a6c","hash":"fe476ac8fd44e3b4cc73b9cc0f99ad8364b9bed4"}
,"C:\\Users\\Utilizador\\Desktop\\IPCA\\Trabalho_CD-DCS\\Projeto\\ApiShareABill\\src\\services\\memberGroup.js": {"path":"C:\\Users\\Utilizador\\Desktop\\IPCA\\Trabalho_CD-DCS\\Projeto\\ApiShareABill\\src\\services\\memberGroup.js","statementMap":{"0":{"start":{"line":1,"column":24},"end":{"line":1,"column":60}},"1":{"start":{"line":3,"column":0},"end":{"line":26,"column":1}},"2":{"start":{"line":5,"column":23},"end":{"line":7,"column":5}},"3":{"start":{"line":6,"column":8},"end":{"line":6,"column":103}},"4":{"start":{"line":9,"column":26},"end":{"line":23,"column":5}},"5":{"start":{"line":10,"column":22},"end":{"line":10,"column":73}},"6":{"start":{"line":12,"column":8},"end":{"line":22,"column":9}},"7":{"start":{"line":13,"column":30},"end":{"line":13,"column":122}},"8":{"start":{"line":15,"column":30},"end":{"line":15,"column":94}},"9":{"start":{"line":16,"column":12},"end":{"line":16,"column":103}},"10":{"start":{"line":18,"column":12},"end":{"line":18,"column":28}},"11":{"start":{"line":21,"column":12},"end":{"line":21,"column":67}},"12":{"start":{"line":25,"column":4},"end":{"line":25,"column":40}}},"fnMap":{"0":{"name":"(anonymous_0)","decl":{"start":{"line":3,"column":17},"end":{"line":3,"column":18}},"loc":{"start":{"line":3,"column":26},"end":{"line":26,"column":1}},"line":3},"1":{"name":"(anonymous_1)","decl":{"start":{"line":5,"column":23},"end":{"line":5,"column":24}},"loc":{"start":{"line":5,"column":40},"end":{"line":7,"column":5}},"line":5},"2":{"name":"(anonymous_2)","decl":{"start":{"line":9,"column":26},"end":{"line":9,"column":27}},"loc":{"start":{"line":9,"column":43},"end":{"line":23,"column":5}},"line":9}},"branchMap":{"0":{"loc":{"start":{"line":12,"column":8},"end":{"line":22,"column":9}},"type":"if","locations":[{"start":{"line":12,"column":8},"end":{"line":22,"column":9}},{"start":{"line":12,"column":8},"end":{"line":22,"column":9}}],"line":12}},"s":{"0":6,"1":6,"2":6,"3":1,"4":6,"5":1,"6":1,"7":1,"8":1,"9":1,"10":1,"11":0,"12":6},"f":{"0":6,"1":1,"2":1},"b":{"0":[1,0]},"_coverageSchema":"332fd63041d2c1bcb487cc26dd0d5f7d97098a6c","hash":"5005a1f82eb1a32cbd0866b2b531547e25011111"}
,"C:\\Users\\Utilizador\\Desktop\\IPCA\\Trabalho_CD-DCS\\Projeto\\ApiShareABill\\src\\services\\user.js": {"path":"C:\\Users\\Utilizador\\Desktop\\IPCA\\Trabalho_CD-DCS\\Projeto\\ApiShareABill\\src\\services\\user.js","statementMap":{"0":{"start":{"line":1,"column":15},"end":{"line":1,"column":39}},"1":{"start":{"line":2,"column":24},"end":{"line":2,"column":60}},"2":{"start":{"line":4,"column":0},"end":{"line":36,"column":2}},"3":{"start":{"line":5,"column":20},"end":{"line":7,"column":5}},"4":{"start":{"line":6,"column":6},"end":{"line":6,"column":61}},"5":{"start":{"line":9,"column":20},"end":{"line":11,"column":5}},"6":{"start":{"line":10,"column":6},"end":{"line":10,"column":51}},"7":{"start":{"line":13,"column":24},"end":{"line":16,"column":5}},"8":{"start":{"line":14,"column":17},"end":{"line":14,"column":39}},"9":{"start":{"line":15,"column":6},"end":{"line":15,"column":42}},"10":{"start":{"line":18,"column":21},"end":{"line":25,"column":5}},"11":{"start":{"line":19,"column":6},"end":{"line":19,"column":86}},"12":{"start":{"line":19,"column":22},"end":{"line":19,"column":86}},"13":{"start":{"line":20,"column":6},"end":{"line":20,"column":88}},"14":{"start":{"line":20,"column":23},"end":{"line":20,"column":88}},"15":{"start":{"line":21,"column":6},"end":{"line":21,"column":94}},"16":{"start":{"line":21,"column":26},"end":{"line":21,"column":94}},"17":{"start":{"line":23,"column":21},"end":{"line":23,"column":57}},"18":{"start":{"line":24,"column":6},"end":{"line":24,"column":68}},"19":{"start":{"line":24,"column":18},"end":{"line":24,"column":68}},"20":{"start":{"line":27,"column":17},"end":{"line":33,"column":5}},"21":{"start":{"line":29,"column":20},"end":{"line":29,"column":31}},"22":{"start":{"line":30,"column":6},"end":{"line":30,"column":52}},"23":{"start":{"line":31,"column":6},"end":{"line":31,"column":73}},"24":{"start":{"line":35,"column":4},"end":{"line":35,"column":48}}},"fnMap":{"0":{"name":"(anonymous_0)","decl":{"start":{"line":4,"column":17},"end":{"line":4,"column":18}},"loc":{"start":{"line":4,"column":26},"end":{"line":36,"column":1}},"line":4},"1":{"name":"(anonymous_1)","decl":{"start":{"line":5,"column":20},"end":{"line":5,"column":21}},"loc":{"start":{"line":5,"column":26},"end":{"line":7,"column":5}},"line":5},"2":{"name":"(anonymous_2)","decl":{"start":{"line":9,"column":20},"end":{"line":9,"column":21}},"loc":{"start":{"line":9,"column":32},"end":{"line":11,"column":5}},"line":9},"3":{"name":"(anonymous_3)","decl":{"start":{"line":13,"column":24},"end":{"line":13,"column":25}},"loc":{"start":{"line":13,"column":34},"end":{"line":16,"column":5}},"line":13},"4":{"name":"(anonymous_4)","decl":{"start":{"line":18,"column":21},"end":{"line":18,"column":22}},"loc":{"start":{"line":18,"column":37},"end":{"line":25,"column":5}},"line":18},"5":{"name":"(anonymous_5)","decl":{"start":{"line":27,"column":17},"end":{"line":27,"column":18}},"loc":{"start":{"line":27,"column":33},"end":{"line":33,"column":5}},"line":27}},"branchMap":{"0":{"loc":{"start":{"line":19,"column":6},"end":{"line":19,"column":86}},"type":"if","locations":[{"start":{"line":19,"column":6},"end":{"line":19,"column":86}},{"start":{"line":19,"column":6},"end":{"line":19,"column":86}}],"line":19},"1":{"loc":{"start":{"line":20,"column":6},"end":{"line":20,"column":88}},"type":"if","locations":[{"start":{"line":20,"column":6},"end":{"line":20,"column":88}},{"start":{"line":20,"column":6},"end":{"line":20,"column":88}}],"line":20},"2":{"loc":{"start":{"line":21,"column":6},"end":{"line":21,"column":94}},"type":"if","locations":[{"start":{"line":21,"column":6},"end":{"line":21,"column":94}},{"start":{"line":21,"column":6},"end":{"line":21,"column":94}}],"line":21},"3":{"loc":{"start":{"line":24,"column":6},"end":{"line":24,"column":68}},"type":"if","locations":[{"start":{"line":24,"column":6},"end":{"line":24,"column":68}},{"start":{"line":24,"column":6},"end":{"line":24,"column":68}}],"line":24}},"s":{"0":6,"1":6,"2":6,"3":6,"4":1,"5":6,"6":42,"7":6,"8":9,"9":9,"10":6,"11":6,"12":1,"13":5,"14":1,"15":4,"16":1,"17":3,"18":3,"19":1,"20":6,"21":9,"22":9,"23":9,"24":6},"f":{"0":6,"1":1,"2":42,"3":9,"4":6,"5":9},"b":{"0":[1,5],"1":[1,4],"2":[1,3],"3":[1,2]},"_coverageSchema":"332fd63041d2c1bcb487cc26dd0d5f7d97098a6c","hash":"1f5acff087aa2e4a2d066477bcd192e5f2fedb70"}
}
