TN:
SF:C:\Users\Utilizador\Desktop\IPCA\Trabalho_CD-DCS\Projeto\ApiShareABill\knexfile.js
FNF:0
FNH:0
DA:1,6
LF:1
LH:1
BRF:0
BRH:0
end_of_record
TN:
SF:C:\Users\Utilizador\Desktop\IPCA\Trabalho_CD-DCS\Projeto\ApiShareABill\src\app.js
FN:17,(anonymous_0)
FN:21,(anonymous_1)
FNF:2
FNH:2
FNDA:1,(anonymous_0)
FNDA:13,(anonymous_1)
DA:1,6
DA:2,6
DA:4,6
DA:5,6
DA:7,6
DA:9,6
DA:17,6
DA:18,1
DA:21,6
DA:22,13
DA:23,13
DA:24,0
DA:25,13
DA:28,6
LF:14
LH:13
BRDA:23,0,0,13
BRDA:23,0,1,0
BRF:2
BRH:1
end_of_record
TN:
SF:C:\Users\Utilizador\Desktop\IPCA\Trabalho_CD-DCS\Projeto\ApiShareABill\src\config\middlewares.js
FN:3,(anonymous_0)
FNF:1
FNH:1
FNDA:6,(anonymous_0)
DA:1,6
DA:3,6
DA:4,6
LF:3
LH:3
BRF:0
BRH:0
end_of_record
TN:
SF:C:\Users\Utilizador\Desktop\IPCA\Trabalho_CD-DCS\Projeto\ApiShareABill\src\config\passport.js
FN:8,(anonymous_0)
FN:14,(anonymous_1)
FN:16,(anonymous_2)
FN:19,(anonymous_3)
FN:25,(anonymous_4)
FNF:5
FNH:4
FNDA:6,(anonymous_0)
FNDA:38,(anonymous_1)
FNDA:38,(anonymous_2)
FNDA:0,(anonymous_3)
FNDA:6,(anonymous_4)
DA:1,6
DA:2,6
DA:4,6
DA:6,6
DA:8,6
DA:9,6
DA:14,6
DA:15,38
DA:17,38
DA:18,0
DA:19,0
DA:22,6
DA:24,6
DA:25,6
LF:14
LH:12
BRDA:17,0,0,38
BRDA:17,0,1,0
BRF:2
BRH:1
end_of_record
TN:
SF:C:\Users\Utilizador\Desktop\IPCA\Trabalho_CD-DCS\Projeto\ApiShareABill\src\config\router.js
FN:3,(anonymous_0)
FNF:1
FNH:1
FNDA:6,(anonymous_0)
DA:1,6
DA:3,6
DA:4,6
DA:6,6
DA:8,6
DA:9,6
DA:10,6
DA:11,6
DA:12,6
DA:13,6
DA:15,6
LF:11
LH:11
BRF:0
BRH:0
end_of_record
TN:
SF:C:\Users\Utilizador\Desktop\IPCA\Trabalho_CD-DCS\Projeto\ApiShareABill\src\errors\validationError.js
FN:1,validationError
FNF:1
FNH:1
FNDA:13,validationError
DA:1,6
DA:2,13
DA:3,13
LF:3
LH:3
BRF:0
BRH:0
end_of_record
TN:
SF:C:\Users\Utilizador\Desktop\IPCA\Trabalho_CD-DCS\Projeto\ApiShareABill\src\routes\auths.js
FN:8,(anonymous_0)
FN:11,(anonymous_1)
FN:13,(anonymous_2)
FN:24,(anonymous_3)
FN:27,(anonymous_4)
FNF:5
FNH:5
FNDA:6,(anonymous_0)
FNDA:3,(anonymous_1)
FNDA:3,(anonymous_2)
FNDA:2,(anonymous_3)
FNDA:1,(anonymous_4)
DA:1,6
DA:2,6
DA:3,6
DA:4,6
DA:6,6
DA:8,6
DA:9,6
DA:11,6
DA:12,3
DA:14,3
DA:15,2
DA:16,1
DA:21,1
DA:22,1
DA:23,1
DA:24,2
DA:27,6
DA:28,1
DA:29,1
DA:30,1
DA:32,0
DA:36,6
LF:22
LH:21
BRDA:14,0,0,1
BRDA:14,0,1,2
BRDA:15,1,0,1
BRDA:15,1,1,1
BRF:4
BRH:4
end_of_record
TN:
SF:C:\Users\Utilizador\Desktop\IPCA\Trabalho_CD-DCS\Projeto\ApiShareABill\src\routes\expenses.js
FN:3,(anonymous_0)
FN:6,(anonymous_1)
FN:8,(anonymous_2)
FN:9,(anonymous_3)
FN:18,(anonymous_4)
FN:21,(anonymous_5)
FN:23,(anonymous_6)
FN:26,(anonymous_7)
FN:28,(anonymous_8)
FN:31,(anonymous_9)
FN:32,(anonymous_10)
FN:36,(anonymous_11)
FN:38,(anonymous_12)
FN:39,(anonymous_13)
FN:42,(anonymous_14)
FN:44,(anonymous_15)
FN:45,(anonymous_16)
FN:48,(anonymous_17)
FN:50,(anonymous_18)
FN:51,(anonymous_19)
FNF:20
FNH:14
FNDA:6,(anonymous_0)
FNDA:5,(anonymous_1)
FNDA:1,(anonymous_2)
FNDA:4,(anonymous_3)
FNDA:3,(anonymous_4)
FNDA:1,(anonymous_5)
FNDA:0,(anonymous_6)
FNDA:1,(anonymous_7)
FNDA:0,(anonymous_8)
FNDA:1,(anonymous_9)
FNDA:0,(anonymous_10)
FNDA:1,(anonymous_11)
FNDA:1,(anonymous_12)
FNDA:0,(anonymous_13)
FNDA:1,(anonymous_14)
FNDA:1,(anonymous_15)
FNDA:0,(anonymous_16)
FNDA:1,(anonymous_17)
FNDA:1,(anonymous_18)
FNDA:0,(anonymous_19)
DA:1,6
DA:3,6
DA:4,6
DA:6,6
DA:7,5
DA:8,1
DA:9,4
DA:18,6
DA:19,3
DA:20,1
DA:22,1
DA:23,0
DA:24,2
DA:25,1
DA:27,1
DA:28,0
DA:30,1
DA:31,1
DA:32,0
DA:36,6
DA:37,1
DA:38,1
DA:39,0
DA:42,6
DA:43,1
DA:44,1
DA:45,0
DA:48,6
DA:49,1
DA:50,1
DA:51,0
DA:54,6
LF:32
LH:26
BRDA:19,0,0,1
BRDA:19,0,1,2
BRDA:24,1,0,1
BRDA:24,1,1,1
BRF:4
BRH:4
end_of_record
TN:
SF:C:\Users\Utilizador\Desktop\IPCA\Trabalho_CD-DCS\Projeto\ApiShareABill\src\routes\friends.js
FN:3,(anonymous_0)
FN:6,(anonymous_1)
FN:8,(anonymous_2)
FN:9,(anonymous_3)
FN:12,(anonymous_4)
FN:15,(anonymous_5)
FN:16,(anonymous_6)
FN:19,(anonymous_7)
FN:20,(anonymous_8)
FN:24,(anonymous_9)
FN:26,(anonymous_10)
FN:27,(anonymous_11)
FN:30,(anonymous_12)
FN:32,(anonymous_13)
FN:33,(anonymous_14)
FNF:15
FNH:10
FNDA:6,(anonymous_0)
FNDA:1,(anonymous_1)
FNDA:1,(anonymous_2)
FNDA:0,(anonymous_3)
FNDA:2,(anonymous_4)
FNDA:1,(anonymous_5)
FNDA:0,(anonymous_6)
FNDA:1,(anonymous_7)
FNDA:0,(anonymous_8)
FNDA:1,(anonymous_9)
FNDA:1,(anonymous_10)
FNDA:0,(anonymous_11)
FNDA:1,(anonymous_12)
FNDA:1,(anonymous_13)
FNDA:0,(anonymous_14)
DA:1,6
DA:3,6
DA:4,6
DA:6,6
DA:7,1
DA:8,1
DA:9,0
DA:12,6
DA:13,2
DA:14,1
DA:15,1
DA:16,0
DA:18,1
DA:19,1
DA:20,0
DA:24,6
DA:25,1
DA:26,1
DA:27,0
DA:30,6
DA:31,1
DA:32,1
DA:33,0
DA:36,6
LF:24
LH:19
BRDA:13,0,0,1
BRDA:13,0,1,1
BRF:2
BRH:2
end_of_record
TN:
SF:C:\Users\Utilizador\Desktop\IPCA\Trabalho_CD-DCS\Projeto\ApiShareABill\src\routes\groups.js
FN:3,(anonymous_0)
FN:6,(anonymous_1)
FN:9,(anonymous_2)
FN:10,(anonymous_3)
FN:13,(anonymous_4)
FN:14,(anonymous_5)
FN:18,(anonymous_6)
FN:20,(anonymous_7)
FN:21,(anonymous_8)
FN:24,(anonymous_9)
FN:26,(anonymous_10)
FN:27,(anonymous_11)
FN:30,(anonymous_12)
FN:33,(anonymous_13)
FN:34,(anonymous_14)
FN:37,(anonymous_15)
FN:39,(anonymous_16)
FN:40,(anonymous_17)
FN:43,(anonymous_18)
FN:45,(anonymous_19)
FN:46,(anonymous_20)
FNF:21
FNH:15
FNDA:6,(anonymous_0)
FNDA:2,(anonymous_1)
FNDA:1,(anonymous_2)
FNDA:0,(anonymous_3)
FNDA:1,(anonymous_4)
FNDA:0,(anonymous_5)
FNDA:1,(anonymous_6)
FNDA:1,(anonymous_7)
FNDA:0,(anonymous_8)
FNDA:4,(anonymous_9)
FNDA:1,(anonymous_10)
FNDA:3,(anonymous_11)
FNDA:1,(anonymous_12)
FNDA:1,(anonymous_13)
FNDA:0,(anonymous_14)
FNDA:1,(anonymous_15)
FNDA:1,(anonymous_16)
FNDA:0,(anonymous_17)
FNDA:1,(anonymous_18)
FNDA:1,(anonymous_19)
FNDA:0,(anonymous_20)
DA:1,6
DA:3,6
DA:4,6
DA:6,6
DA:7,2
DA:8,1
DA:9,1
DA:10,0
DA:11,1
DA:12,1
DA:13,1
DA:14,0
DA:18,6
DA:19,1
DA:20,1
DA:21,0
DA:24,6
DA:25,4
DA:26,1
DA:27,3
DA:30,6
DA:31,1
DA:32,1
DA:33,1
DA:34,0
DA:37,6
DA:38,1
DA:39,1
DA:40,0
DA:43,6
DA:44,1
DA:45,1
DA:46,0
DA:49,6
LF:34
LH:28
BRDA:7,0,0,1
BRDA:7,0,1,1
BRDA:11,1,0,1
BRDA:11,1,1,0
BRF:4
BRH:3
end_of_record
TN:
SF:C:\Users\Utilizador\Desktop\IPCA\Trabalho_CD-DCS\Projeto\ApiShareABill\src\routes\membersExpenses.js
FN:3,(anonymous_0)
FN:6,(anonymous_1)
FN:8,(anonymous_2)
FN:9,(anonymous_3)
FN:12,(anonymous_4)
FN:14,(anonymous_5)
FN:16,(anonymous_6)
FN:19,(anonymous_7)
FN:21,(anonymous_8)
FN:23,(anonymous_9)
FN:26,(anonymous_10)
FN:28,(anonymous_11)
FN:29,(anonymous_12)
FNF:13
FNH:7
FNDA:6,(anonymous_0)
FNDA:1,(anonymous_1)
FNDA:1,(anonymous_2)
FNDA:0,(anonymous_3)
FNDA:1,(anonymous_4)
FNDA:1,(anonymous_5)
FNDA:0,(anonymous_6)
FNDA:1,(anonymous_7)
FNDA:1,(anonymous_8)
FNDA:0,(anonymous_9)
FNDA:0,(anonymous_10)
FNDA:0,(anonymous_11)
FNDA:0,(anonymous_12)
DA:1,6
DA:3,6
DA:4,6
DA:6,6
DA:7,1
DA:8,1
DA:9,0
DA:12,6
DA:13,1
DA:15,1
DA:16,0
DA:19,6
DA:20,1
DA:22,1
DA:23,0
DA:26,6
DA:27,0
DA:28,0
DA:29,0
DA:32,6
LF:20
LH:14
BRF:0
BRH:0
end_of_record
TN:
SF:C:\Users\Utilizador\Desktop\IPCA\Trabalho_CD-DCS\Projeto\ApiShareABill\src\routes\membersGroups.js
FN:3,(anonymous_0)
FN:6,(anonymous_1)
FN:8,(anonymous_2)
FN:9,(anonymous_3)
FN:12,(anonymous_4)
FN:14,(anonymous_5)
FN:15,(anonymous_6)
FN:18,(anonymous_7)
FN:20,(anonymous_8)
FN:21,(anonymous_9)
FNF:10
FNH:7
FNDA:6,(anonymous_0)
FNDA:1,(anonymous_1)
FNDA:1,(anonymous_2)
FNDA:0,(anonymous_3)
FNDA:1,(anonymous_4)
FNDA:1,(anonymous_5)
FNDA:0,(anonymous_6)
FNDA:1,(anonymous_7)
FNDA:1,(anonymous_8)
FNDA:0,(anonymous_9)
DA:1,6
DA:3,6
DA:4,6
DA:6,6
DA:7,1
DA:8,1
DA:9,0
DA:12,6
DA:13,1
DA:14,1
DA:15,0
DA:18,6
DA:19,1
DA:20,1
DA:21,0
DA:24,6
LF:16
LH:13
BRF:0
BRH:0
end_of_record
TN:
SF:C:\Users\Utilizador\Desktop\IPCA\Trabalho_CD-DCS\Projeto\ApiShareABill\src\routes\users.js
FN:3,(anonymous_0)
FN:6,(anonymous_1)
FN:8,(anonymous_2)
FN:9,(anonymous_3)
FN:12,(anonymous_4)
FN:14,(anonymous_5)
FN:15,(anonymous_6)
FN:18,(anonymous_7)
FN:21,(anonymous_8)
FN:22,(anonymous_9)
FN:26,(anonymous_10)
FN:28,(anonymous_11)
FN:29,(anonymous_12)
FN:32,(anonymous_13)
FN:35,(anonymous_14)
FN:36,(anonymous_15)
FNF:16
FNH:10
FNDA:6,(anonymous_0)
FNDA:1,(anonymous_1)
FNDA:1,(anonymous_2)
FNDA:0,(anonymous_3)
FNDA:1,(anonymous_4)
FNDA:1,(anonymous_5)
FNDA:0,(anonymous_6)
FNDA:0,(anonymous_7)
FNDA:0,(anonymous_8)
FNDA:0,(anonymous_9)
FNDA:6,(anonymous_10)
FNDA:2,(anonymous_11)
FNDA:4,(anonymous_12)
FNDA:2,(anonymous_13)
FNDA:2,(anonymous_14)
FNDA:0,(anonymous_15)
DA:1,6
DA:3,6
DA:4,6
DA:6,6
DA:7,1
DA:8,1
DA:9,0
DA:12,6
DA:13,1
DA:14,1
DA:15,0
DA:18,6
DA:19,0
DA:20,0
DA:21,0
DA:22,0
DA:26,6
DA:27,6
DA:28,2
DA:29,4
DA:32,6
DA:33,2
DA:34,2
DA:35,2
DA:36,0
DA:39,6
LF:26
LH:19
BRDA:19,0,0,0
BRDA:19,0,1,0
BRF:2
BRH:0
end_of_record
TN:
SF:C:\Users\Utilizador\Desktop\IPCA\Trabalho_CD-DCS\Projeto\ApiShareABill\src\seeds\membersGroup.js
FN:1,(anonymous_0)
FN:3,(anonymous_1)
FN:4,(anonymous_2)
FN:5,(anonymous_3)
FN:6,(anonymous_4)
FN:7,(anonymous_5)
FN:8,(anonymous_6)
FN:19,(anonymous_7)
FN:27,(anonymous_8)
FN:33,(anonymous_9)
FN:36,(anonymous_10)
FN:47,(anonymous_11)
FNF:12
FNH:12
FNDA:4,(anonymous_0)
FNDA:4,(anonymous_1)
FNDA:4,(anonymous_2)
FNDA:4,(anonymous_3)
FNDA:4,(anonymous_4)
FNDA:4,(anonymous_5)
FNDA:4,(anonymous_6)
FNDA:4,(anonymous_7)
FNDA:4,(anonymous_8)
FNDA:4,(anonymous_9)
FNDA:4,(anonymous_10)
FNDA:4,(anonymous_11)
DA:1,4
DA:2,4
DA:3,4
DA:4,4
DA:5,4
DA:6,4
DA:7,4
DA:8,4
DA:19,4
DA:27,4
DA:33,4
DA:36,4
DA:47,4
LF:13
LH:13
BRF:0
BRH:0
end_of_record
TN:
SF:C:\Users\Utilizador\Desktop\IPCA\Trabalho_CD-DCS\Projeto\ApiShareABill\src\services\expense.js
FN:3,(anonymous_0)
FN:4,(anonymous_1)
FN:11,(anonymous_2)
FN:18,(anonymous_3)
FN:22,(anonymous_4)
FN:30,(anonymous_5)
FN:34,(anonymous_6)
FN:40,(anonymous_7)
FNF:8
FNH:8
FNDA:6,(anonymous_0)
FNDA:5,(anonymous_1)
FNDA:1,(anonymous_2)
FNDA:1,(anonymous_3)
FNDA:1,(anonymous_4)
FNDA:1,(anonymous_5)
FNDA:1,(anonymous_6)
FNDA:1,(anonymous_7)
DA:1,6
DA:3,6
DA:4,6
DA:5,5
DA:6,4
DA:7,3
DA:8,2
DA:11,6
DA:12,1
DA:18,6
DA:19,1
DA:22,6
DA:23,1
DA:24,1
DA:26,0
DA:30,6
DA:31,1
DA:34,6
DA:35,1
DA:40,6
DA:41,1
DA:42,1
DA:47,6
LF:23
LH:22
BRDA:5,0,0,1
BRDA:5,0,1,4
BRDA:6,1,0,1
BRDA:6,1,1,3
BRDA:7,2,0,1
BRDA:7,2,1,2
BRDA:8,3,0,1
BRDA:8,3,1,1
BRDA:18,4,0,0
BRDA:23,5,0,1
BRDA:23,5,1,0
BRF:11
BRH:9
end_of_record
TN:
SF:C:\Users\Utilizador\Desktop\IPCA\Trabalho_CD-DCS\Projeto\ApiShareABill\src\services\friend.js
FN:3,(anonymous_0)
FN:4,(anonymous_1)
FN:8,(anonymous_2)
FN:16,(anonymous_3)
FN:35,(anonymous_4)
FN:39,(anonymous_5)
FNF:6
FNH:6
FNDA:6,(anonymous_0)
FNDA:1,(anonymous_1)
FNDA:1,(anonymous_2)
FNDA:1,(anonymous_3)
FNDA:1,(anonymous_4)
FNDA:1,(anonymous_5)
DA:1,6
DA:3,6
DA:4,6
DA:5,1
DA:8,6
DA:9,1
DA:10,1
DA:12,1
DA:13,1
DA:16,6
DA:17,1
DA:18,1
DA:19,1
DA:21,1
DA:22,1
DA:26,1
DA:27,1
DA:28,1
DA:32,1
DA:35,6
DA:36,1
DA:39,6
DA:40,1
DA:42,1
DA:43,0
DA:46,6
LF:26
LH:25
BRDA:12,0,0,0
BRDA:12,0,1,1
BRDA:12,1,0,1
BRDA:12,1,1,0
BRDA:26,2,0,1
BRDA:26,2,1,0
BRDA:42,3,0,1
BRDA:42,3,1,0
BRF:8
BRH:4
end_of_record
TN:
SF:C:\Users\Utilizador\Desktop\IPCA\Trabalho_CD-DCS\Projeto\ApiShareABill\src\services\group.js
FN:4,(anonymous_0)
FN:5,(anonymous_1)
FN:12,(anonymous_2)
FN:16,(anonymous_3)
FN:22,(anonymous_4)
FN:28,(anonymous_5)
FN:33,(anonymous_6)
FN:50,(anonymous_7)
FNF:8
FNH:8
FNDA:6,(anonymous_0)
FNDA:1,(anonymous_1)
FNDA:1,(anonymous_2)
FNDA:4,(anonymous_3)
FNDA:1,(anonymous_4)
FNDA:1,(anonymous_5)
FNDA:1,(anonymous_6)
FNDA:1,(anonymous_7)
DA:1,6
DA:2,6
DA:4,6
DA:5,6
DA:6,1
DA:8,1
DA:9,1
DA:12,6
DA:13,1
DA:16,6
DA:17,4
DA:18,3
DA:19,2
DA:22,6
DA:23,1
DA:24,1
DA:25,1
DA:28,6
DA:29,1
DA:30,1
DA:33,6
DA:34,1
DA:35,1
DA:36,1
DA:38,1
DA:39,3
DA:41,3
DA:42,2
DA:43,2
DA:47,1
DA:50,6
DA:51,1
DA:52,1
DA:54,1
DA:55,1
DA:56,1
DA:58,1
DA:59,0
DA:60,0
DA:62,0
DA:63,0
DA:64,0
DA:68,0
DA:69,0
DA:71,0
DA:72,0
DA:74,0
DA:75,0
DA:76,0
DA:79,1
DA:80,1
DA:83,0
DA:87,6
LF:53
LH:40
BRDA:8,0,0,0
BRDA:8,0,1,1
BRDA:17,1,0,1
BRDA:17,1,1,3
BRDA:18,2,0,1
BRDA:18,2,1,2
BRDA:19,3,0,1
BRDA:19,3,1,1
BRDA:41,4,0,2
BRDA:41,4,1,1
BRDA:55,5,0,1
BRDA:55,5,1,0
BRDA:58,6,0,0
BRDA:58,6,1,1
BRDA:62,7,0,0
BRDA:62,7,1,0
BRDA:68,8,0,0
BRDA:68,8,1,0
BRF:18
BRH:11
end_of_record
TN:
SF:C:\Users\Utilizador\Desktop\IPCA\Trabalho_CD-DCS\Projeto\ApiShareABill\src\services\memberExpense.js
FN:1,(anonymous_0)
FN:2,(anonymous_1)
FN:6,(anonymous_2)
FN:10,(anonymous_3)
FN:16,(anonymous_4)
FNF:5
FNH:4
FNDA:6,(anonymous_0)
FNDA:1,(anonymous_1)
FNDA:1,(anonymous_2)
FNDA:0,(anonymous_3)
FNDA:1,(anonymous_4)
DA:1,6
DA:2,6
DA:3,1
DA:6,6
DA:7,1
DA:10,6
DA:11,0
DA:16,6
DA:17,1
DA:20,6
LF:10
LH:9
BRDA:6,0,0,0
BRF:1
BRH:0
end_of_record
TN:
SF:C:\Users\Utilizador\Desktop\IPCA\Trabalho_CD-DCS\Projeto\ApiShareABill\src\services\memberGroup.js
FN:1,(anonymous_0)
FN:2,(anonymous_1)
FN:6,(anonymous_2)
FN:10,(anonymous_3)
FNF:4
FNH:4
FNDA:6,(anonymous_0)
FNDA:1,(anonymous_1)
FNDA:1,(anonymous_2)
FNDA:1,(anonymous_3)
DA:1,6
DA:2,6
DA:3,1
DA:6,6
DA:7,1
DA:10,6
DA:11,1
DA:13,1
DA:14,1
DA:16,1
DA:18,1
DA:19,1
DA:21,0
DA:24,1
DA:26,0
DA:28,0
DA:32,6
LF:17
LH:14
BRDA:13,0,0,1
BRDA:13,0,1,0
BRDA:18,1,0,1
BRDA:18,1,1,0
BRF:4
BRH:2
end_of_record
TN:
SF:C:\Users\Utilizador\Desktop\IPCA\Trabalho_CD-DCS\Projeto\ApiShareABill\src\services\user.js
FN:4,(anonymous_0)
FN:5,(anonymous_1)
FN:9,(anonymous_2)
FN:13,(anonymous_3)
FN:17,(anonymous_4)
FN:22,(anonymous_5)
FN:31,(anonymous_6)
FN:37,(anonymous_7)
FNF:8
FNH:7
FNDA:6,(anonymous_0)
FNDA:1,(anonymous_1)
FNDA:45,(anonymous_2)
FNDA:1,(anonymous_3)
FNDA:5,(anonymous_4)
FNDA:6,(anonymous_5)
FNDA:5,(anonymous_6)
FNDA:0,(anonymous_7)
DA:1,6
DA:2,6
DA:4,6
DA:5,6
DA:6,1
DA:9,6
DA:10,45
DA:13,6
DA:14,1
DA:17,6
DA:18,5
DA:19,5
DA:22,6
DA:23,6
DA:24,5
DA:25,4
DA:27,3
DA:28,3
DA:31,6
DA:32,5
DA:33,5
DA:34,5
DA:37,6
DA:38,0
DA:39,0
DA:42,6
LF:26
LH:24
BRDA:23,0,0,1
BRDA:23,0,1,5
BRDA:24,1,0,1
BRDA:24,1,1,4
BRDA:25,2,0,1
BRDA:25,2,1,3
BRDA:28,3,0,1
BRDA:28,3,1,2
BRF:8
BRH:8
end_of_record
