TN:
SF:C:\Users\Utilizador\Desktop\IPCA\Trabalho_CD-DCS\Projeto\ApiShareABill\knexfile.js
FNF:0
FNH:0
DA:1,6
LF:1
LH:1
BRF:0
BRH:0
end_of_record
TN:
SF:C:\Users\Utilizador\Desktop\IPCA\Trabalho_CD-DCS\Projeto\ApiShareABill\src\app.js
FN:16,(anonymous_0)
FN:21,(anonymous_1)
FNF:2
FNH:2
FNDA:1,(anonymous_0)
FNDA:13,(anonymous_1)
DA:1,6
DA:2,6
DA:4,6
DA:5,6
DA:6,6
DA:8,6
DA:16,6
DA:17,1
DA:21,6
DA:22,13
DA:23,13
DA:24,0
DA:25,13
DA:28,6
LF:14
LH:13
BRDA:23,0,0,13
BRDA:23,0,1,0
BRF:2
BRH:1
end_of_record
TN:
SF:C:\Users\Utilizador\Desktop\IPCA\Trabalho_CD-DCS\Projeto\ApiShareABill\src\config\middlewares.js
FN:3,(anonymous_0)
FNF:1
FNH:1
FNDA:6,(anonymous_0)
DA:1,6
DA:3,6
DA:4,6
LF:3
LH:3
BRF:0
BRH:0
end_of_record
TN:
SF:C:\Users\Utilizador\Desktop\IPCA\Trabalho_CD-DCS\Projeto\ApiShareABill\src\config\passport.js
FN:8,(anonymous_0)
FN:14,(anonymous_1)
FN:16,(anonymous_2)
FN:19,(anonymous_3)
FN:25,(anonymous_4)
FNF:5
FNH:4
FNDA:6,(anonymous_0)
FNDA:35,(anonymous_1)
FNDA:35,(anonymous_2)
FNDA:0,(anonymous_3)
FNDA:6,(anonymous_4)
DA:1,6
DA:2,6
DA:4,6
DA:6,6
DA:8,6
DA:9,6
DA:14,6
DA:15,35
DA:17,35
DA:18,0
DA:19,0
DA:22,6
DA:24,6
DA:25,6
LF:14
LH:12
BRDA:17,0,0,35
BRDA:17,0,1,0
BRF:2
BRH:1
end_of_record
TN:
SF:C:\Users\Utilizador\Desktop\IPCA\Trabalho_CD-DCS\Projeto\ApiShareABill\src\config\router.js
FN:3,(anonymous_0)
FNF:1
FNH:1
FNDA:6,(anonymous_0)
DA:1,6
DA:3,6
DA:4,6
DA:6,6
DA:8,6
DA:9,6
DA:10,6
DA:11,6
DA:12,6
DA:13,6
DA:15,6
LF:11
LH:11
BRF:0
BRH:0
end_of_record
TN:
SF:C:\Users\Utilizador\Desktop\IPCA\Trabalho_CD-DCS\Projeto\ApiShareABill\src\errors\validationError.js
FN:1,validationError
FNF:1
FNH:1
FNDA:13,validationError
DA:1,6
DA:2,13
DA:3,13
LF:3
LH:3
BRF:0
BRH:0
end_of_record
TN:
SF:C:\Users\Utilizador\Desktop\IPCA\Trabalho_CD-DCS\Projeto\ApiShareABill\src\routes\auths.js
FN:8,(anonymous_0)
FN:11,(anonymous_1)
FN:13,(anonymous_2)
FN:24,(anonymous_3)
FN:27,(anonymous_4)
FNF:5
FNH:5
FNDA:6,(anonymous_0)
FNDA:3,(anonymous_1)
FNDA:3,(anonymous_2)
FNDA:2,(anonymous_3)
FNDA:1,(anonymous_4)
DA:1,6
DA:2,6
DA:3,6
DA:4,6
DA:6,6
DA:8,6
DA:9,6
DA:11,6
DA:12,3
DA:14,3
DA:15,2
DA:16,1
DA:21,1
DA:22,1
DA:23,1
DA:24,2
DA:27,6
DA:28,1
DA:29,1
DA:30,1
DA:32,0
DA:36,6
LF:22
LH:21
BRDA:14,0,0,1
BRDA:14,0,1,2
BRDA:15,1,0,1
BRDA:15,1,1,1
BRF:4
BRH:4
end_of_record
TN:
SF:C:\Users\Utilizador\Desktop\IPCA\Trabalho_CD-DCS\Projeto\ApiShareABill\src\routes\expenses.js
FN:3,(anonymous_0)
FN:6,(anonymous_1)
FN:8,(anonymous_2)
FN:9,(anonymous_3)
FN:12,(anonymous_4)
FN:14,(anonymous_5)
FN:15,(anonymous_6)
FN:18,(anonymous_7)
FN:20,(anonymous_8)
FN:23,(anonymous_9)
FN:26,(anonymous_10)
FN:28,(anonymous_11)
FN:29,(anonymous_12)
FN:32,(anonymous_13)
FN:34,(anonymous_14)
FN:35,(anonymous_15)
FN:38,(anonymous_16)
FN:40,(anonymous_17)
FN:41,(anonymous_18)
FNF:19
FNH:14
FNDA:6,(anonymous_0)
FNDA:5,(anonymous_1)
FNDA:1,(anonymous_2)
FNDA:4,(anonymous_3)
FNDA:1,(anonymous_4)
FNDA:1,(anonymous_5)
FNDA:0,(anonymous_6)
FNDA:1,(anonymous_7)
FNDA:1,(anonymous_8)
FNDA:0,(anonymous_9)
FNDA:1,(anonymous_10)
FNDA:1,(anonymous_11)
FNDA:0,(anonymous_12)
FNDA:1,(anonymous_13)
FNDA:1,(anonymous_14)
FNDA:0,(anonymous_15)
FNDA:1,(anonymous_16)
FNDA:1,(anonymous_17)
FNDA:0,(anonymous_18)
DA:1,6
DA:3,6
DA:4,6
DA:6,6
DA:7,5
DA:8,1
DA:9,4
DA:12,6
DA:13,1
DA:14,1
DA:15,0
DA:18,6
DA:19,1
DA:22,1
DA:23,0
DA:26,6
DA:27,1
DA:28,1
DA:29,0
DA:32,6
DA:33,1
DA:34,1
DA:35,0
DA:38,6
DA:39,1
DA:40,1
DA:41,0
DA:45,6
LF:28
LH:23
BRF:0
BRH:0
end_of_record
TN:
SF:C:\Users\Utilizador\Desktop\IPCA\Trabalho_CD-DCS\Projeto\ApiShareABill\src\routes\friends.js
FN:4,(anonymous_0)
FN:7,(anonymous_1)
FN:10,(anonymous_2)
FN:11,(anonymous_3)
FN:14,(anonymous_4)
FN:15,(anonymous_5)
FN:19,(anonymous_6)
FN:21,(anonymous_7)
FN:22,(anonymous_8)
FN:25,(anonymous_9)
FN:28,(anonymous_10)
FN:29,(anonymous_11)
FN:32,(anonymous_12)
FN:34,(anonymous_13)
FN:35,(anonymous_14)
FNF:15
FNH:10
FNDA:6,(anonymous_0)
FNDA:2,(anonymous_1)
FNDA:1,(anonymous_2)
FNDA:0,(anonymous_3)
FNDA:1,(anonymous_4)
FNDA:0,(anonymous_5)
FNDA:1,(anonymous_6)
FNDA:1,(anonymous_7)
FNDA:0,(anonymous_8)
FNDA:1,(anonymous_9)
FNDA:1,(anonymous_10)
FNDA:0,(anonymous_11)
FNDA:1,(anonymous_12)
FNDA:1,(anonymous_13)
FNDA:0,(anonymous_14)
DA:1,6
DA:2,6
DA:4,6
DA:5,6
DA:7,6
DA:8,2
DA:9,1
DA:10,1
DA:11,0
DA:13,1
DA:14,1
DA:15,0
DA:19,6
DA:20,1
DA:21,1
DA:22,0
DA:25,6
DA:26,1
DA:27,1
DA:28,1
DA:29,0
DA:32,6
DA:33,1
DA:34,1
DA:35,0
DA:38,6
LF:26
LH:21
BRDA:8,0,0,1
BRDA:8,0,1,1
BRF:2
BRH:2
end_of_record
TN:
SF:C:\Users\Utilizador\Desktop\IPCA\Trabalho_CD-DCS\Projeto\ApiShareABill\src\routes\groups.js
FN:3,(anonymous_0)
FN:6,(anonymous_1)
FN:9,(anonymous_2)
FN:10,(anonymous_3)
FN:13,(anonymous_4)
FN:14,(anonymous_5)
FN:19,(anonymous_6)
FN:21,(anonymous_7)
FN:22,(anonymous_8)
FN:25,(anonymous_9)
FN:27,(anonymous_10)
FN:28,(anonymous_11)
FN:31,(anonymous_12)
FN:34,(anonymous_13)
FN:35,(anonymous_14)
FN:38,(anonymous_15)
FN:40,(anonymous_16)
FN:41,(anonymous_17)
FN:44,(anonymous_18)
FN:46,(anonymous_19)
FN:47,(anonymous_20)
FNF:21
FNH:15
FNDA:6,(anonymous_0)
FNDA:3,(anonymous_1)
FNDA:2,(anonymous_2)
FNDA:0,(anonymous_3)
FNDA:1,(anonymous_4)
FNDA:0,(anonymous_5)
FNDA:1,(anonymous_6)
FNDA:1,(anonymous_7)
FNDA:0,(anonymous_8)
FNDA:4,(anonymous_9)
FNDA:1,(anonymous_10)
FNDA:3,(anonymous_11)
FNDA:1,(anonymous_12)
FNDA:1,(anonymous_13)
FNDA:0,(anonymous_14)
FNDA:1,(anonymous_15)
FNDA:1,(anonymous_16)
FNDA:0,(anonymous_17)
FNDA:1,(anonymous_18)
FNDA:1,(anonymous_19)
FNDA:0,(anonymous_20)
DA:1,6
DA:3,6
DA:4,6
DA:6,6
DA:7,3
DA:8,2
DA:9,2
DA:10,0
DA:12,1
DA:13,1
DA:14,0
DA:19,6
DA:20,1
DA:21,1
DA:22,0
DA:25,6
DA:26,4
DA:27,1
DA:28,3
DA:31,6
DA:32,1
DA:33,1
DA:34,1
DA:35,0
DA:38,6
DA:39,1
DA:40,1
DA:41,0
DA:44,6
DA:45,1
DA:46,1
DA:47,0
DA:50,6
LF:33
LH:27
BRDA:7,0,0,2
BRDA:7,0,1,1
BRF:2
BRH:2
end_of_record
TN:
SF:C:\Users\Utilizador\Desktop\IPCA\Trabalho_CD-DCS\Projeto\ApiShareABill\src\routes\membersExpenses.js
FN:3,(anonymous_0)
FN:6,(anonymous_1)
FN:8,(anonymous_2)
FN:9,(anonymous_3)
FN:12,(anonymous_4)
FN:14,(anonymous_5)
FN:17,(anonymous_6)
FN:20,(anonymous_7)
FN:22,(anonymous_8)
FN:23,(anonymous_9)
FNF:10
FNH:5
FNDA:6,(anonymous_0)
FNDA:1,(anonymous_1)
FNDA:1,(anonymous_2)
FNDA:0,(anonymous_3)
FNDA:1,(anonymous_4)
FNDA:1,(anonymous_5)
FNDA:0,(anonymous_6)
FNDA:0,(anonymous_7)
FNDA:0,(anonymous_8)
FNDA:0,(anonymous_9)
DA:1,6
DA:3,6
DA:4,6
DA:6,6
DA:7,1
DA:8,1
DA:9,0
DA:12,6
DA:13,1
DA:16,1
DA:17,0
DA:20,6
DA:21,0
DA:22,0
DA:23,0
DA:26,6
LF:16
LH:11
BRF:0
BRH:0
end_of_record
TN:
SF:C:\Users\Utilizador\Desktop\IPCA\Trabalho_CD-DCS\Projeto\ApiShareABill\src\routes\membersGroups.js
FN:3,(anonymous_0)
FN:6,(anonymous_1)
FN:8,(anonymous_2)
FN:9,(anonymous_3)
FN:12,(anonymous_4)
FN:14,(anonymous_5)
FN:15,(anonymous_6)
FNF:7
FNH:5
FNDA:6,(anonymous_0)
FNDA:1,(anonymous_1)
FNDA:1,(anonymous_2)
FNDA:0,(anonymous_3)
FNDA:1,(anonymous_4)
FNDA:1,(anonymous_5)
FNDA:0,(anonymous_6)
DA:1,6
DA:3,6
DA:4,6
DA:6,6
DA:7,1
DA:8,1
DA:9,0
DA:12,6
DA:13,1
DA:14,1
DA:15,0
DA:19,6
LF:12
LH:10
BRF:0
BRH:0
end_of_record
TN:
SF:C:\Users\Utilizador\Desktop\IPCA\Trabalho_CD-DCS\Projeto\ApiShareABill\src\routes\users.js
FN:3,(anonymous_0)
FN:6,(anonymous_1)
FN:8,(anonymous_2)
FN:9,(anonymous_3)
FN:12,(anonymous_4)
FN:14,(anonymous_5)
FN:15,(anonymous_6)
FN:18,(anonymous_7)
FN:21,(anonymous_8)
FN:22,(anonymous_9)
FNF:10
FNH:8
FNDA:6,(anonymous_0)
FNDA:1,(anonymous_1)
FNDA:1,(anonymous_2)
FNDA:0,(anonymous_3)
FNDA:6,(anonymous_4)
FNDA:2,(anonymous_5)
FNDA:4,(anonymous_6)
FNDA:2,(anonymous_7)
FNDA:2,(anonymous_8)
FNDA:0,(anonymous_9)
DA:1,6
DA:3,6
DA:4,6
DA:6,6
DA:7,1
DA:8,1
DA:9,0
DA:12,6
DA:13,6
DA:14,2
DA:15,4
DA:18,6
DA:19,2
DA:20,2
DA:21,2
DA:22,0
DA:25,6
LF:17
LH:15
BRF:0
BRH:0
end_of_record
TN:
SF:C:\Users\Utilizador\Desktop\IPCA\Trabalho_CD-DCS\Projeto\ApiShareABill\src\seeds\membersGroup.js
FN:1,(anonymous_0)
FN:3,(anonymous_1)
FN:4,(anonymous_2)
FN:5,(anonymous_3)
FN:6,(anonymous_4)
FN:7,(anonymous_5)
FN:8,(anonymous_6)
FN:12,(anonymous_7)
FN:16,(anonymous_8)
FN:22,(anonymous_9)
FN:25,(anonymous_10)
FN:29,(anonymous_11)
FNF:12
FNH:12
FNDA:2,(anonymous_0)
FNDA:2,(anonymous_1)
FNDA:2,(anonymous_2)
FNDA:2,(anonymous_3)
FNDA:2,(anonymous_4)
FNDA:2,(anonymous_5)
FNDA:2,(anonymous_6)
FNDA:2,(anonymous_7)
FNDA:2,(anonymous_8)
FNDA:2,(anonymous_9)
FNDA:2,(anonymous_10)
FNDA:2,(anonymous_11)
DA:1,2
DA:2,2
DA:3,2
DA:4,2
DA:5,2
DA:6,2
DA:7,2
DA:8,2
DA:12,2
DA:16,2
DA:22,2
DA:25,2
DA:29,2
LF:13
LH:13
BRF:0
BRH:0
end_of_record
TN:
SF:C:\Users\Utilizador\Desktop\IPCA\Trabalho_CD-DCS\Projeto\ApiShareABill\src\services\expense.js
FN:3,(anonymous_0)
FN:5,(anonymous_1)
FN:11,(anonymous_2)
FN:15,(anonymous_3)
FN:21,(anonymous_4)
FN:27,(anonymous_5)
FN:33,(anonymous_6)
FNF:7
FNH:7
FNDA:6,(anonymous_0)
FNDA:5,(anonymous_1)
FNDA:1,(anonymous_2)
FNDA:1,(anonymous_3)
FNDA:1,(anonymous_4)
FNDA:1,(anonymous_5)
FNDA:1,(anonymous_6)
DA:2,6
DA:3,6
DA:5,6
DA:6,5
DA:7,4
DA:8,3
DA:9,2
DA:11,6
DA:12,1
DA:15,6
DA:16,1
DA:21,6
DA:22,1
DA:23,1
DA:24,1
DA:27,6
DA:28,1
DA:33,6
DA:34,1
DA:35,1
DA:40,6
LF:21
LH:21
BRDA:6,0,0,1
BRDA:6,0,1,4
BRDA:7,1,0,1
BRDA:7,1,1,3
BRDA:8,2,0,1
BRDA:8,2,1,2
BRDA:9,3,0,1
BRDA:9,3,1,1
BRDA:15,4,0,0
BRF:9
BRH:8
end_of_record
TN:
SF:C:\Users\Utilizador\Desktop\IPCA\Trabalho_CD-DCS\Projeto\ApiShareABill\src\services\friend.js
FN:1,(anonymous_0)
FN:3,(anonymous_1)
FN:7,(anonymous_2)
FN:15,(anonymous_3)
FN:35,(anonymous_4)
FN:39,(anonymous_5)
FNF:6
FNH:6
FNDA:6,(anonymous_0)
FNDA:1,(anonymous_1)
FNDA:1,(anonymous_2)
FNDA:1,(anonymous_3)
FNDA:1,(anonymous_4)
FNDA:1,(anonymous_5)
DA:1,6
DA:3,6
DA:4,1
DA:7,6
DA:8,1
DA:9,1
DA:11,1
DA:12,1
DA:15,6
DA:16,1
DA:17,1
DA:18,1
DA:20,1
DA:21,1
DA:25,1
DA:26,1
DA:27,1
DA:32,1
DA:35,6
DA:36,1
DA:39,6
DA:40,1
DA:42,1
DA:43,0
DA:46,6
LF:25
LH:24
BRDA:11,0,0,0
BRDA:11,0,1,1
BRDA:11,1,0,1
BRDA:11,1,1,0
BRDA:25,2,0,1
BRDA:25,2,1,0
BRDA:42,3,0,1
BRDA:42,3,1,0
BRF:8
BRH:4
end_of_record
TN:
SF:C:\Users\Utilizador\Desktop\IPCA\Trabalho_CD-DCS\Projeto\ApiShareABill\src\services\group.js
FN:3,(anonymous_0)
FN:5,(anonymous_1)
FN:9,(anonymous_2)
FN:13,(anonymous_3)
FN:19,(anonymous_4)
FN:23,(anonymous_5)
FN:28,(anonymous_6)
FN:45,(anonymous_7)
FNF:8
FNH:8
FNDA:6,(anonymous_0)
FNDA:2,(anonymous_1)
FNDA:1,(anonymous_2)
FNDA:4,(anonymous_3)
FNDA:1,(anonymous_4)
FNDA:1,(anonymous_5)
FNDA:1,(anonymous_6)
FNDA:1,(anonymous_7)
DA:1,6
DA:3,6
DA:5,6
DA:6,2
DA:9,6
DA:10,1
DA:13,6
DA:14,4
DA:15,3
DA:16,2
DA:19,6
DA:20,1
DA:23,6
DA:24,1
DA:25,1
DA:28,6
DA:29,1
DA:30,1
DA:31,1
DA:33,1
DA:34,3
DA:36,3
DA:37,1
DA:38,1
DA:42,1
DA:45,6
DA:46,1
DA:47,1
DA:49,1
DA:50,1
DA:51,1
DA:52,1
DA:54,1
DA:55,0
DA:56,0
DA:58,0
DA:59,0
DA:60,0
DA:64,0
DA:65,0
DA:68,0
DA:69,0
DA:71,0
DA:72,0
DA:73,0
DA:78,1
DA:79,1
DA:83,0
DA:87,6
LF:49
LH:36
BRDA:14,0,0,1
BRDA:14,0,1,3
BRDA:15,1,0,1
BRDA:15,1,1,2
BRDA:16,2,0,1
BRDA:16,2,1,1
BRDA:36,3,0,1
BRDA:36,3,1,2
BRDA:51,4,0,1
BRDA:51,4,1,0
BRDA:54,5,0,0
BRDA:54,5,1,1
BRDA:58,6,0,0
BRDA:58,6,1,0
BRDA:64,7,0,0
BRDA:64,7,1,0
BRF:16
BRH:10
end_of_record
TN:
SF:C:\Users\Utilizador\Desktop\IPCA\Trabalho_CD-DCS\Projeto\ApiShareABill\src\services\memberExpense.js
FN:1,(anonymous_0)
FN:3,(anonymous_1)
FN:8,(anonymous_2)
FN:12,(anonymous_3)
FNF:4
FNH:3
FNDA:6,(anonymous_0)
FNDA:1,(anonymous_1)
FNDA:1,(anonymous_2)
FNDA:0,(anonymous_3)
DA:1,6
DA:3,6
DA:5,1
DA:8,6
DA:9,1
DA:12,6
DA:13,0
DA:18,6
LF:8
LH:7
BRDA:8,0,0,0
BRF:1
BRH:0
end_of_record
TN:
SF:C:\Users\Utilizador\Desktop\IPCA\Trabalho_CD-DCS\Projeto\ApiShareABill\src\services\memberGroup.js
FN:3,(anonymous_0)
FN:5,(anonymous_1)
FN:9,(anonymous_2)
FNF:3
FNH:3
FNDA:6,(anonymous_0)
FNDA:1,(anonymous_1)
FNDA:1,(anonymous_2)
DA:1,6
DA:3,6
DA:5,6
DA:6,1
DA:9,6
DA:10,1
DA:12,1
DA:13,1
DA:15,1
DA:16,1
DA:18,1
DA:21,0
DA:25,6
LF:13
LH:12
BRDA:12,0,0,1
BRDA:12,0,1,0
BRF:2
BRH:1
end_of_record
TN:
SF:C:\Users\Utilizador\Desktop\IPCA\Trabalho_CD-DCS\Projeto\ApiShareABill\src\services\user.js
FN:4,(anonymous_0)
FN:5,(anonymous_1)
FN:9,(anonymous_2)
FN:13,(anonymous_3)
FN:18,(anonymous_4)
FN:27,(anonymous_5)
FNF:6
FNH:6
FNDA:6,(anonymous_0)
FNDA:1,(anonymous_1)
FNDA:42,(anonymous_2)
FNDA:9,(anonymous_3)
FNDA:6,(anonymous_4)
FNDA:9,(anonymous_5)
DA:1,6
DA:2,6
DA:4,6
DA:5,6
DA:6,1
DA:9,6
DA:10,42
DA:13,6
DA:14,9
DA:15,9
DA:18,6
DA:19,6
DA:20,5
DA:21,4
DA:23,3
DA:24,3
DA:27,6
DA:29,9
DA:30,9
DA:31,9
DA:35,6
LF:21
LH:21
BRDA:19,0,0,1
BRDA:19,0,1,5
BRDA:20,1,0,1
BRDA:20,1,1,4
BRDA:21,2,0,1
BRDA:21,2,1,3
BRDA:24,3,0,1
BRDA:24,3,1,2
BRF:8
BRH:8
end_of_record
